[0.058s] Invoking command in '/home/younlea/source/ros_test/ros2_humble_test/TaskManager_topic_srv/message/build/message': CMAKE_PREFIX_PATH=${CMAKE_PREFIX_PATH}:/home/younlea/ros2_humble/install/rqt_bag_plugins:/home/younlea/ros2_humble/install/rqt_bag:/home/younlea/ros2_humble/install/ros2bag:/home/younlea/ros2_humble/install/tracetools_test:/home/younlea/ros2_humble/install/tracetools_launch:/home/younlea/ros2_humble/install/topic_monitor:/home/younlea/ros2_humble/install/tf2_tools:/home/younlea/ros2_humble/install/examples_tf2_py:/home/younlea/ros2_humble/install/tf2_ros_py:/home/younlea/ros2_humble/install/sros2:/home/younlea/ros2_humble/install/rqt_topic:/home/younlea/ros2_humble/install/rqt_srv:/home/younlea/ros2_humble/install/rqt_shell:/home/younlea/ros2_humble/install/rqt_service_caller:/home/younlea/ros2_humble/install/rqt_reconfigure:/home/younlea/ros2_humble/install/rqt_py_console:/home/younlea/ros2_humble/install/rqt_publisher:/home/younlea/ros2_humble/install/rqt_plot:/home/younlea/ros2_humble/install/rqt_action:/home/younlea/ros2_humble/install/rqt_msg:/home/younlea/ros2_humble/install/rqt_console:/home/younlea/ros2_humble/install/rqt:/home/younlea/ros2_humble/install/rqt_graph:/home/younlea/ros2_humble/install/rqt_gui_py:/home/younlea/ros2_humble/install/rqt_gui:/home/younlea/ros2_humble/install/ros2trace:/home/younlea/ros2_humble/install/ros2topic:/home/younlea/ros2_humble/install/ros2test:/home/younlea/ros2_humble/install/ros2component:/home/younlea/ros2_humble/install/ros2param:/home/younlea/ros2_humble/install/ros2lifecycle:/home/younlea/ros2_humble/install/ros2service:/home/younlea/ros2_humble/install/ros2run:/home/younlea/ros2_humble/install/ros2launch:/home/younlea/ros2_humble/install/ros2pkg:/home/younlea/ros2_humble/install/ros2node:/home/younlea/ros2_humble/install/ros2multicast:/home/younlea/ros2_humble/install/ros2interface:/home/younlea/ros2_humble/install/ros2doctor:/home/younlea/ros2_humble/install/ros2action:/home/younlea/ros2_humble/install/ros2cli:/home/younlea/ros2_humble/install/quality_of_service_demo_py:/home/younlea/ros2_humble/install/lifecycle_py:/home/younlea/ros2_humble/install/launch_testing_ros:/home/younlea/ros2_humble/install/launch_ros:/home/younlea/ros2_humble/install/examples_rclpy_pointcloud_publisher:/home/younlea/ros2_humble/install/examples_rclpy_minimal_subscriber:/home/younlea/ros2_humble/install/examples_rclpy_minimal_service:/home/younlea/ros2_humble/install/examples_rclpy_minimal_publisher:/home/younlea/ros2_humble/install/examples_rclpy_minimal_client:/home/younlea/ros2_humble/install/examples_rclpy_minimal_action_server:/home/younlea/ros2_humble/install/examples_rclpy_minimal_action_client:/home/younlea/ros2_humble/install/examples_rclpy_guard_conditions:/home/younlea/ros2_humble/install/examples_rclpy_executors:/home/younlea/ros2_humble/install/demo_nodes_py:/home/younlea/ros2_humble/install/action_tutorials_py:/home/younlea/ros2_humble/install/ament_uncrustify:/home/younlea/ros2_humble/install/tracetools_trace:/home/younlea/ros2_humble/install/tracetools_read:/home/younlea/ros2_humble/install/test_tracetools_launch:/home/younlea/ros2_humble/install/test_launch_ros:/home/younlea/ros2_humble/install/sensor_msgs_py:/home/younlea/ros2_humble/install/rpyutils:/home/younlea/ros2_humble/install/rosidl_runtime_py:/home/younlea/ros2_humble/install/rosidl_cli:/home/younlea/ros2_humble/install/launch_pytest:/home/younlea/ros2_humble/install/launch_testing:/home/younlea/ros2_humble/install/launch_yaml:/home/younlea/ros2_humble/install/launch_xml:/home/younlea/ros2_humble/install/launch:/home/younlea/ros2_humble/install/osrf_pycommon:/home/younlea/ros2_humble/install/launch_testing_examples:/home/younlea/ros2_humble/install/domain_coordinator:/home/younlea/ros2_humble/install/ament_xmllint:/home/younlea/ros2_humble/install/ament_pyflakes:/home/younlea/ros2_humble/install/ament_pycodestyle:/home/younlea/ros2_humble/install/ament_pep257:/home/younlea/ros2_humble/install/ament_pclint:/home/younlea/ros2_humble/install/ament_package:/home/younlea/ros2_humble/install/ament_mypy:/home/younlea/ros2_humble/install/ament_lint_cmake:/home/younlea/ros2_humble/install/ament_flake8:/home/younlea/ros2_humble/install/ament_copyright:/home/younlea/ros2_humble/install/ament_lint:/home/younlea/ros2_humble/install/ament_index_python:/home/younlea/ros2_humble/install/ament_cpplint:/home/younlea/ros2_humble/install/ament_cppcheck:/home/younlea/ros2_humble/install/ament_clang_tidy:/home/younlea/ros2_humble/install/ament_clang_format /home/younlea/.local/bin/cmake /home/younlea/source/ros_test/ros2_humble_test/TaskManager_topic_srv/message -DCMAKE_INSTALL_PREFIX=/home/younlea/source/ros_test/ros2_humble_test/TaskManager_topic_srv/message/install/message
[0.228s] -- Found ament_cmake: 1.3.10 (/home/younlea/ros2_humble/install/ament_cmake/share/ament_cmake/cmake)
[0.591s] -- Found rosidl_default_generators: 1.2.0 (/home/younlea/ros2_humble/install/rosidl_default_generators/share/rosidl_default_generators/cmake)
[0.711s] -- Using all available rosidl_typesupport_c: rosidl_typesupport_introspection_c;rosidl_typesupport_fastrtps_c
[0.714s] -- Found rosidl_adapter: 3.1.5 (/home/younlea/ros2_humble/install/rosidl_adapter/share/rosidl_adapter/cmake)
[0.805s] -- Using all available rosidl_typesupport_cpp: rosidl_typesupport_introspection_cpp;rosidl_typesupport_fastrtps_cpp
[1.289s] [31mCMake Error at /home/younlea/ros2_humble/install/rosidl_adapter/share/rosidl_adapter/cmake/rosidl_adapt_interfaces.cmake:59 (message):
[1.289s]   execute_process(/usr/bin/python3 -m rosidl_adapter --package-name message
[1.289s]   --arguments-file
[1.290s]   /home/younlea/source/ros_test/ros2_humble_test/TaskManager_topic_srv/message/build/message/rosidl_adapter__arguments__message.json
[1.290s]   --output-dir
[1.290s]   /home/younlea/source/ros_test/ros2_humble_test/TaskManager_topic_srv/message/build/message/rosidl_adapter/message
[1.290s]   --output-file
[1.290s]   /home/younlea/source/ros_test/ros2_humble_test/TaskManager_topic_srv/message/build/message/rosidl_adapter/message.idls)
[1.290s]   returned error code 1:
[1.290s] 
[1.290s]   Error processing 'int32 dataBA' of 'message/DataAB': ''dataBA' is an
[1.291s]   invalid field name.  It should have the pattern
[1.291s]   '^(?!.*__)(?!.*_$)[a-z][a-z0-9_]*$''
[1.291s] 
[1.291s]   Traceback (most recent call last):
[1.291s] 
[1.291s]     File "/usr/lib/python3.10/runpy.py", line 196, in _run_module_as_main
[1.291s]       return _run_code(code, main_globals, None,
[1.291s]     File "/usr/lib/python3.10/runpy.py", line 86, in _run_code
[1.291s]       exec(code, run_globals)
[1.291s]     File "/home/younlea/ros2_humble/install/rosidl_adapter/local/lib/python3.10/dist-packages/rosidl_adapter/__main__.py", line 19, in <module>
[1.291s]       sys.exit(main())
[1.292s]     File "/home/younlea/ros2_humble/install/rosidl_adapter/local/lib/python3.10/dist-packages/rosidl_adapter/main.py", line 53, in main
[1.292s]       abs_idl_file = convert_to_idl(
[1.292s]     File "/home/younlea/ros2_humble/install/rosidl_adapter/local/lib/python3.10/dist-packages/rosidl_adapter/__init__.py", line 19, in convert_to_idl
[1.292s]       return convert_msg_to_idl(
[1.292s]     File "/home/younlea/ros2_humble/install/rosidl_adapter/local/lib/python3.10/dist-packages/rosidl_adapter/msg/__init__.py", line 28, in convert_msg_to_idl
[1.292s]       msg = parse_message_string(package_name, input_file.stem, content)
[1.292s]     File "/home/younlea/ros2_humble/install/rosidl_adapter/local/lib/python3.10/dist-packages/rosidl_adapter/parser.py", line 519, in parse_message_string
[1.292s]       fields.append(Field(
[1.292s]     File "/home/younlea/ros2_humble/install/rosidl_adapter/local/lib/python3.10/dist-packages/rosidl_adapter/parser.py", line 354, in __init__
[1.292s]       raise NameError(
[1.293s] 
[1.293s]   NameError: 'dataBA' is an invalid field name.  It should have the pattern
[1.293s]   '^(?!.*__)(?!.*_$)[a-z][a-z0-9_]*$'
[1.293s] 
[1.293s] Call Stack (most recent call first):
[1.293s]   /home/younlea/ros2_humble/install/rosidl_cmake/share/rosidl_cmake/cmake/rosidl_generate_interfaces.cmake:130 (rosidl_adapt_interfaces)
[1.293s]   CMakeLists.txt:16 (rosidl_generate_interfaces)
[1.293s] 
[1.293s] [0m
[1.293s] -- Configuring incomplete, errors occurred!
[1.302s] Invoked command in '/home/younlea/source/ros_test/ros2_humble_test/TaskManager_topic_srv/message/build/message' returned '1': CMAKE_PREFIX_PATH=${CMAKE_PREFIX_PATH}:/home/younlea/ros2_humble/install/rqt_bag_plugins:/home/younlea/ros2_humble/install/rqt_bag:/home/younlea/ros2_humble/install/ros2bag:/home/younlea/ros2_humble/install/tracetools_test:/home/younlea/ros2_humble/install/tracetools_launch:/home/younlea/ros2_humble/install/topic_monitor:/home/younlea/ros2_humble/install/tf2_tools:/home/younlea/ros2_humble/install/examples_tf2_py:/home/younlea/ros2_humble/install/tf2_ros_py:/home/younlea/ros2_humble/install/sros2:/home/younlea/ros2_humble/install/rqt_topic:/home/younlea/ros2_humble/install/rqt_srv:/home/younlea/ros2_humble/install/rqt_shell:/home/younlea/ros2_humble/install/rqt_service_caller:/home/younlea/ros2_humble/install/rqt_reconfigure:/home/younlea/ros2_humble/install/rqt_py_console:/home/younlea/ros2_humble/install/rqt_publisher:/home/younlea/ros2_humble/install/rqt_plot:/home/younlea/ros2_humble/install/rqt_action:/home/younlea/ros2_humble/install/rqt_msg:/home/younlea/ros2_humble/install/rqt_console:/home/younlea/ros2_humble/install/rqt:/home/younlea/ros2_humble/install/rqt_graph:/home/younlea/ros2_humble/install/rqt_gui_py:/home/younlea/ros2_humble/install/rqt_gui:/home/younlea/ros2_humble/install/ros2trace:/home/younlea/ros2_humble/install/ros2topic:/home/younlea/ros2_humble/install/ros2test:/home/younlea/ros2_humble/install/ros2component:/home/younlea/ros2_humble/install/ros2param:/home/younlea/ros2_humble/install/ros2lifecycle:/home/younlea/ros2_humble/install/ros2service:/home/younlea/ros2_humble/install/ros2run:/home/younlea/ros2_humble/install/ros2launch:/home/younlea/ros2_humble/install/ros2pkg:/home/younlea/ros2_humble/install/ros2node:/home/younlea/ros2_humble/install/ros2multicast:/home/younlea/ros2_humble/install/ros2interface:/home/younlea/ros2_humble/install/ros2doctor:/home/younlea/ros2_humble/install/ros2action:/home/younlea/ros2_humble/install/ros2cli:/home/younlea/ros2_humble/install/quality_of_service_demo_py:/home/younlea/ros2_humble/install/lifecycle_py:/home/younlea/ros2_humble/install/launch_testing_ros:/home/younlea/ros2_humble/install/launch_ros:/home/younlea/ros2_humble/install/examples_rclpy_pointcloud_publisher:/home/younlea/ros2_humble/install/examples_rclpy_minimal_subscriber:/home/younlea/ros2_humble/install/examples_rclpy_minimal_service:/home/younlea/ros2_humble/install/examples_rclpy_minimal_publisher:/home/younlea/ros2_humble/install/examples_rclpy_minimal_client:/home/younlea/ros2_humble/install/examples_rclpy_minimal_action_server:/home/younlea/ros2_humble/install/examples_rclpy_minimal_action_client:/home/younlea/ros2_humble/install/examples_rclpy_guard_conditions:/home/younlea/ros2_humble/install/examples_rclpy_executors:/home/younlea/ros2_humble/install/demo_nodes_py:/home/younlea/ros2_humble/install/action_tutorials_py:/home/younlea/ros2_humble/install/ament_uncrustify:/home/younlea/ros2_humble/install/tracetools_trace:/home/younlea/ros2_humble/install/tracetools_read:/home/younlea/ros2_humble/install/test_tracetools_launch:/home/younlea/ros2_humble/install/test_launch_ros:/home/younlea/ros2_humble/install/sensor_msgs_py:/home/younlea/ros2_humble/install/rpyutils:/home/younlea/ros2_humble/install/rosidl_runtime_py:/home/younlea/ros2_humble/install/rosidl_cli:/home/younlea/ros2_humble/install/launch_pytest:/home/younlea/ros2_humble/install/launch_testing:/home/younlea/ros2_humble/install/launch_yaml:/home/younlea/ros2_humble/install/launch_xml:/home/younlea/ros2_humble/install/launch:/home/younlea/ros2_humble/install/osrf_pycommon:/home/younlea/ros2_humble/install/launch_testing_examples:/home/younlea/ros2_humble/install/domain_coordinator:/home/younlea/ros2_humble/install/ament_xmllint:/home/younlea/ros2_humble/install/ament_pyflakes:/home/younlea/ros2_humble/install/ament_pycodestyle:/home/younlea/ros2_humble/install/ament_pep257:/home/younlea/ros2_humble/install/ament_pclint:/home/younlea/ros2_humble/install/ament_package:/home/younlea/ros2_humble/install/ament_mypy:/home/younlea/ros2_humble/install/ament_lint_cmake:/home/younlea/ros2_humble/install/ament_flake8:/home/younlea/ros2_humble/install/ament_copyright:/home/younlea/ros2_humble/install/ament_lint:/home/younlea/ros2_humble/install/ament_index_python:/home/younlea/ros2_humble/install/ament_cpplint:/home/younlea/ros2_humble/install/ament_cppcheck:/home/younlea/ros2_humble/install/ament_clang_tidy:/home/younlea/ros2_humble/install/ament_clang_format /home/younlea/.local/bin/cmake /home/younlea/source/ros_test/ros2_humble_test/TaskManager_topic_srv/message -DCMAKE_INSTALL_PREFIX=/home/younlea/source/ros_test/ros2_humble_test/TaskManager_topic_srv/message/install/message
