[0.259s] DEBUG:colcon:Command line arguments: ['/usr/bin/colcon', 'build']
[0.259s] DEBUG:colcon:Parsed command line arguments: Namespace(log_base=None, log_level=None, verb_name='build', build_base='build', install_base='install', merge_install=False, symlink_install=False, test_result_base=None, continue_on_error=False, executor='parallel', parallel_workers=8, event_handlers=None, ignore_user_meta=False, metas=['./colcon.meta'], base_paths=['.'], packages_ignore=None, packages_ignore_regex=None, paths=None, packages_up_to=None, packages_up_to_regex=None, packages_above=None, packages_above_and_dependencies=None, packages_above_depth=None, packages_select_by_dep=None, packages_skip_by_dep=None, packages_skip_up_to=None, packages_select_build_failed=False, packages_skip_build_finished=False, packages_select_test_failures=False, packages_skip_test_passed=False, packages_select=None, packages_skip=None, packages_select_regex=None, packages_skip_regex=None, packages_start=None, packages_end=None, allow_overriding=[], cmake_args=None, cmake_target=None, cmake_target_skip_unavailable=False, cmake_clean_cache=False, cmake_clean_first=False, cmake_force_configure=False, ament_cmake_args=None, catkin_cmake_args=None, catkin_skip_building_tests=False, mixin_files=None, mixin=None, verb_parser=<colcon_mixin.mixin.mixin_argument.MixinArgumentDecorator object at 0x757f1b9c2320>, verb_extension=<colcon_core.verb.build.BuildVerb object at 0x757f1b9c1600>, main=<bound method BuildVerb.main of <colcon_core.verb.build.BuildVerb object at 0x757f1b9c1600>>, mixin_verb=('build',))
[0.594s] Level 1:colcon.colcon_core.package_discovery:discover_packages(colcon_meta) check parameters
[0.594s] Level 1:colcon.colcon_core.package_discovery:discover_packages(recursive) check parameters
[0.594s] Level 1:colcon.colcon_core.package_discovery:discover_packages(ignore) check parameters
[0.594s] Level 1:colcon.colcon_core.package_discovery:discover_packages(path) check parameters
[0.594s] Level 1:colcon.colcon_core.package_discovery:discover_packages(colcon_meta) discover
[0.595s] Level 1:colcon.colcon_core.package_discovery:discover_packages(recursive) discover
[0.595s] INFO:colcon.colcon_core.package_discovery:Crawling recursively for packages in '/home/younlea/source/ros_test/ros2_humble_test/TaskManager_topic_srv/message'
[0.595s] Level 1:colcon.colcon_core.package_identification:_identify(.) by extensions ['ignore', 'ignore_ament_install']
[0.595s] Level 1:colcon.colcon_core.package_identification:_identify(.) by extension 'ignore'
[0.595s] Level 1:colcon.colcon_core.package_identification:_identify(.) by extension 'ignore_ament_install'
[0.595s] Level 1:colcon.colcon_core.package_identification:_identify(.) by extensions ['colcon_pkg']
[0.595s] Level 1:colcon.colcon_core.package_identification:_identify(.) by extension 'colcon_pkg'
[0.595s] Level 1:colcon.colcon_core.package_identification:_identify(.) by extensions ['colcon_meta']
[0.595s] Level 1:colcon.colcon_core.package_identification:_identify(.) by extension 'colcon_meta'
[0.595s] Level 1:colcon.colcon_core.package_identification:_identify(.) by extensions ['ros']
[0.595s] Level 1:colcon.colcon_core.package_identification:_identify(.) by extension 'ros'
[0.610s] DEBUG:colcon.colcon_core.package_identification:Package '.' with type 'ros.ament_cmake' and name 'message'
[0.610s] Level 1:colcon.colcon_core.package_discovery:discover_packages(recursive) using defaults
[0.610s] Level 1:colcon.colcon_core.package_discovery:discover_packages(ignore) discover
[0.610s] Level 1:colcon.colcon_core.package_discovery:discover_packages(ignore) using defaults
[0.610s] Level 1:colcon.colcon_core.package_discovery:discover_packages(path) discover
[0.610s] Level 1:colcon.colcon_core.package_discovery:discover_packages(path) using defaults
[0.654s] Level 1:colcon.colcon_core.package_discovery:discover_packages(prefix_path) check parameters
[0.654s] Level 1:colcon.colcon_core.package_discovery:discover_packages(prefix_path) discover
[0.679s] DEBUG:colcon.colcon_installed_package_information.package_discovery:Found 345 installed packages in /home/younlea/ros2_humble/install
[0.680s] Level 1:colcon.colcon_core.package_discovery:discover_packages(prefix_path) using defaults
[0.707s] Level 5:colcon.colcon_core.verb:set package 'message' build argument 'cmake_args' from command line to 'None'
[0.707s] Level 5:colcon.colcon_core.verb:set package 'message' build argument 'cmake_target' from command line to 'None'
[0.707s] Level 5:colcon.colcon_core.verb:set package 'message' build argument 'cmake_target_skip_unavailable' from command line to 'False'
[0.707s] Level 5:colcon.colcon_core.verb:set package 'message' build argument 'cmake_clean_cache' from command line to 'False'
[0.708s] Level 5:colcon.colcon_core.verb:set package 'message' build argument 'cmake_clean_first' from command line to 'False'
[0.708s] Level 5:colcon.colcon_core.verb:set package 'message' build argument 'cmake_force_configure' from command line to 'False'
[0.708s] Level 5:colcon.colcon_core.verb:set package 'message' build argument 'ament_cmake_args' from command line to 'None'
[0.708s] Level 5:colcon.colcon_core.verb:set package 'message' build argument 'catkin_cmake_args' from command line to 'None'
[0.708s] Level 5:colcon.colcon_core.verb:set package 'message' build argument 'catkin_skip_building_tests' from command line to 'False'
[0.708s] DEBUG:colcon.colcon_core.verb:Building package 'message' with the following arguments: {'ament_cmake_args': None, 'build_base': '/home/younlea/source/ros_test/ros2_humble_test/TaskManager_topic_srv/message/build/message', 'catkin_cmake_args': None, 'catkin_skip_building_tests': False, 'cmake_args': None, 'cmake_clean_cache': False, 'cmake_clean_first': False, 'cmake_force_configure': False, 'cmake_target': None, 'cmake_target_skip_unavailable': False, 'install_base': '/home/younlea/source/ros_test/ros2_humble_test/TaskManager_topic_srv/message/install/message', 'merge_install': False, 'path': '/home/younlea/source/ros_test/ros2_humble_test/TaskManager_topic_srv/message', 'symlink_install': False, 'test_result_base': None}
[0.708s] INFO:colcon.colcon_core.executor:Executing jobs using 'parallel' executor
[0.709s] DEBUG:colcon.colcon_parallel_executor.executor.parallel:run_until_complete
[0.709s] INFO:colcon.colcon_ros.task.ament_cmake.build:Building ROS package in '/home/younlea/source/ros_test/ros2_humble_test/TaskManager_topic_srv/message' with build type 'ament_cmake'
[0.709s] INFO:colcon.colcon_cmake.task.cmake.build:Building CMake package in '/home/younlea/source/ros_test/ros2_humble_test/TaskManager_topic_srv/message'
[0.715s] INFO:colcon.colcon_core.plugin_system:Skipping extension 'colcon_core.shell.bat': Not used on non-Windows systems
[0.716s] INFO:colcon.colcon_core.shell:Skip shell extension 'powershell' for command environment: Not usable outside of PowerShell
[0.716s] DEBUG:colcon.colcon_core.shell:Skip shell extension 'dsv' for command environment
[0.760s] DEBUG:colcon.colcon_core.event_handler.log_command:Invoking command in '/home/younlea/source/ros_test/ros2_humble_test/TaskManager_topic_srv/message/build/message': CMAKE_PREFIX_PATH=${CMAKE_PREFIX_PATH}:/home/younlea/ros2_humble/install/rqt_bag_plugins:/home/younlea/ros2_humble/install/rqt_bag:/home/younlea/ros2_humble/install/ros2bag:/home/younlea/ros2_humble/install/tracetools_test:/home/younlea/ros2_humble/install/tracetools_launch:/home/younlea/ros2_humble/install/topic_monitor:/home/younlea/ros2_humble/install/tf2_tools:/home/younlea/ros2_humble/install/examples_tf2_py:/home/younlea/ros2_humble/install/tf2_ros_py:/home/younlea/ros2_humble/install/sros2:/home/younlea/ros2_humble/install/rqt_topic:/home/younlea/ros2_humble/install/rqt_srv:/home/younlea/ros2_humble/install/rqt_shell:/home/younlea/ros2_humble/install/rqt_service_caller:/home/younlea/ros2_humble/install/rqt_reconfigure:/home/younlea/ros2_humble/install/rqt_py_console:/home/younlea/ros2_humble/install/rqt_publisher:/home/younlea/ros2_humble/install/rqt_plot:/home/younlea/ros2_humble/install/rqt_action:/home/younlea/ros2_humble/install/rqt_msg:/home/younlea/ros2_humble/install/rqt_console:/home/younlea/ros2_humble/install/rqt:/home/younlea/ros2_humble/install/rqt_graph:/home/younlea/ros2_humble/install/rqt_gui_py:/home/younlea/ros2_humble/install/rqt_gui:/home/younlea/ros2_humble/install/ros2trace:/home/younlea/ros2_humble/install/ros2topic:/home/younlea/ros2_humble/install/ros2test:/home/younlea/ros2_humble/install/ros2component:/home/younlea/ros2_humble/install/ros2param:/home/younlea/ros2_humble/install/ros2lifecycle:/home/younlea/ros2_humble/install/ros2service:/home/younlea/ros2_humble/install/ros2run:/home/younlea/ros2_humble/install/ros2launch:/home/younlea/ros2_humble/install/ros2pkg:/home/younlea/ros2_humble/install/ros2node:/home/younlea/ros2_humble/install/ros2multicast:/home/younlea/ros2_humble/install/ros2interface:/home/younlea/ros2_humble/install/ros2doctor:/home/younlea/ros2_humble/install/ros2action:/home/younlea/ros2_humble/install/ros2cli:/home/younlea/ros2_humble/install/quality_of_service_demo_py:/home/younlea/ros2_humble/install/lifecycle_py:/home/younlea/ros2_humble/install/launch_testing_ros:/home/younlea/ros2_humble/install/launch_ros:/home/younlea/ros2_humble/install/examples_rclpy_pointcloud_publisher:/home/younlea/ros2_humble/install/examples_rclpy_minimal_subscriber:/home/younlea/ros2_humble/install/examples_rclpy_minimal_service:/home/younlea/ros2_humble/install/examples_rclpy_minimal_publisher:/home/younlea/ros2_humble/install/examples_rclpy_minimal_client:/home/younlea/ros2_humble/install/examples_rclpy_minimal_action_server:/home/younlea/ros2_humble/install/examples_rclpy_minimal_action_client:/home/younlea/ros2_humble/install/examples_rclpy_guard_conditions:/home/younlea/ros2_humble/install/examples_rclpy_executors:/home/younlea/ros2_humble/install/demo_nodes_py:/home/younlea/ros2_humble/install/action_tutorials_py:/home/younlea/ros2_humble/install/ament_uncrustify:/home/younlea/ros2_humble/install/tracetools_trace:/home/younlea/ros2_humble/install/tracetools_read:/home/younlea/ros2_humble/install/test_tracetools_launch:/home/younlea/ros2_humble/install/test_launch_ros:/home/younlea/ros2_humble/install/sensor_msgs_py:/home/younlea/ros2_humble/install/rpyutils:/home/younlea/ros2_humble/install/rosidl_runtime_py:/home/younlea/ros2_humble/install/rosidl_cli:/home/younlea/ros2_humble/install/launch_pytest:/home/younlea/ros2_humble/install/launch_testing:/home/younlea/ros2_humble/install/launch_yaml:/home/younlea/ros2_humble/install/launch_xml:/home/younlea/ros2_humble/install/launch:/home/younlea/ros2_humble/install/osrf_pycommon:/home/younlea/ros2_humble/install/launch_testing_examples:/home/younlea/ros2_humble/install/domain_coordinator:/home/younlea/ros2_humble/install/ament_xmllint:/home/younlea/ros2_humble/install/ament_pyflakes:/home/younlea/ros2_humble/install/ament_pycodestyle:/home/younlea/ros2_humble/install/ament_pep257:/home/younlea/ros2_humble/install/ament_pclint:/home/younlea/ros2_humble/install/ament_package:/home/younlea/ros2_humble/install/ament_mypy:/home/younlea/ros2_humble/install/ament_lint_cmake:/home/younlea/ros2_humble/install/ament_flake8:/home/younlea/ros2_humble/install/ament_copyright:/home/younlea/ros2_humble/install/ament_lint:/home/younlea/ros2_humble/install/ament_index_python:/home/younlea/ros2_humble/install/ament_cpplint:/home/younlea/ros2_humble/install/ament_cppcheck:/home/younlea/ros2_humble/install/ament_clang_tidy:/home/younlea/ros2_humble/install/ament_clang_format /home/younlea/.local/bin/cmake /home/younlea/source/ros_test/ros2_humble_test/TaskManager_topic_srv/message -DCMAKE_INSTALL_PREFIX=/home/younlea/source/ros_test/ros2_humble_test/TaskManager_topic_srv/message/install/message
[1.997s] DEBUG:colcon.colcon_core.event_handler.log_command:Invoked command in '/home/younlea/source/ros_test/ros2_humble_test/TaskManager_topic_srv/message/build/message' returned '1': CMAKE_PREFIX_PATH=${CMAKE_PREFIX_PATH}:/home/younlea/ros2_humble/install/rqt_bag_plugins:/home/younlea/ros2_humble/install/rqt_bag:/home/younlea/ros2_humble/install/ros2bag:/home/younlea/ros2_humble/install/tracetools_test:/home/younlea/ros2_humble/install/tracetools_launch:/home/younlea/ros2_humble/install/topic_monitor:/home/younlea/ros2_humble/install/tf2_tools:/home/younlea/ros2_humble/install/examples_tf2_py:/home/younlea/ros2_humble/install/tf2_ros_py:/home/younlea/ros2_humble/install/sros2:/home/younlea/ros2_humble/install/rqt_topic:/home/younlea/ros2_humble/install/rqt_srv:/home/younlea/ros2_humble/install/rqt_shell:/home/younlea/ros2_humble/install/rqt_service_caller:/home/younlea/ros2_humble/install/rqt_reconfigure:/home/younlea/ros2_humble/install/rqt_py_console:/home/younlea/ros2_humble/install/rqt_publisher:/home/younlea/ros2_humble/install/rqt_plot:/home/younlea/ros2_humble/install/rqt_action:/home/younlea/ros2_humble/install/rqt_msg:/home/younlea/ros2_humble/install/rqt_console:/home/younlea/ros2_humble/install/rqt:/home/younlea/ros2_humble/install/rqt_graph:/home/younlea/ros2_humble/install/rqt_gui_py:/home/younlea/ros2_humble/install/rqt_gui:/home/younlea/ros2_humble/install/ros2trace:/home/younlea/ros2_humble/install/ros2topic:/home/younlea/ros2_humble/install/ros2test:/home/younlea/ros2_humble/install/ros2component:/home/younlea/ros2_humble/install/ros2param:/home/younlea/ros2_humble/install/ros2lifecycle:/home/younlea/ros2_humble/install/ros2service:/home/younlea/ros2_humble/install/ros2run:/home/younlea/ros2_humble/install/ros2launch:/home/younlea/ros2_humble/install/ros2pkg:/home/younlea/ros2_humble/install/ros2node:/home/younlea/ros2_humble/install/ros2multicast:/home/younlea/ros2_humble/install/ros2interface:/home/younlea/ros2_humble/install/ros2doctor:/home/younlea/ros2_humble/install/ros2action:/home/younlea/ros2_humble/install/ros2cli:/home/younlea/ros2_humble/install/quality_of_service_demo_py:/home/younlea/ros2_humble/install/lifecycle_py:/home/younlea/ros2_humble/install/launch_testing_ros:/home/younlea/ros2_humble/install/launch_ros:/home/younlea/ros2_humble/install/examples_rclpy_pointcloud_publisher:/home/younlea/ros2_humble/install/examples_rclpy_minimal_subscriber:/home/younlea/ros2_humble/install/examples_rclpy_minimal_service:/home/younlea/ros2_humble/install/examples_rclpy_minimal_publisher:/home/younlea/ros2_humble/install/examples_rclpy_minimal_client:/home/younlea/ros2_humble/install/examples_rclpy_minimal_action_server:/home/younlea/ros2_humble/install/examples_rclpy_minimal_action_client:/home/younlea/ros2_humble/install/examples_rclpy_guard_conditions:/home/younlea/ros2_humble/install/examples_rclpy_executors:/home/younlea/ros2_humble/install/demo_nodes_py:/home/younlea/ros2_humble/install/action_tutorials_py:/home/younlea/ros2_humble/install/ament_uncrustify:/home/younlea/ros2_humble/install/tracetools_trace:/home/younlea/ros2_humble/install/tracetools_read:/home/younlea/ros2_humble/install/test_tracetools_launch:/home/younlea/ros2_humble/install/test_launch_ros:/home/younlea/ros2_humble/install/sensor_msgs_py:/home/younlea/ros2_humble/install/rpyutils:/home/younlea/ros2_humble/install/rosidl_runtime_py:/home/younlea/ros2_humble/install/rosidl_cli:/home/younlea/ros2_humble/install/launch_pytest:/home/younlea/ros2_humble/install/launch_testing:/home/younlea/ros2_humble/install/launch_yaml:/home/younlea/ros2_humble/install/launch_xml:/home/younlea/ros2_humble/install/launch:/home/younlea/ros2_humble/install/osrf_pycommon:/home/younlea/ros2_humble/install/launch_testing_examples:/home/younlea/ros2_humble/install/domain_coordinator:/home/younlea/ros2_humble/install/ament_xmllint:/home/younlea/ros2_humble/install/ament_pyflakes:/home/younlea/ros2_humble/install/ament_pycodestyle:/home/younlea/ros2_humble/install/ament_pep257:/home/younlea/ros2_humble/install/ament_pclint:/home/younlea/ros2_humble/install/ament_package:/home/younlea/ros2_humble/install/ament_mypy:/home/younlea/ros2_humble/install/ament_lint_cmake:/home/younlea/ros2_humble/install/ament_flake8:/home/younlea/ros2_humble/install/ament_copyright:/home/younlea/ros2_humble/install/ament_lint:/home/younlea/ros2_humble/install/ament_index_python:/home/younlea/ros2_humble/install/ament_cpplint:/home/younlea/ros2_humble/install/ament_cppcheck:/home/younlea/ros2_humble/install/ament_clang_tidy:/home/younlea/ros2_humble/install/ament_clang_format /home/younlea/.local/bin/cmake /home/younlea/source/ros_test/ros2_humble_test/TaskManager_topic_srv/message -DCMAKE_INSTALL_PREFIX=/home/younlea/source/ros_test/ros2_humble_test/TaskManager_topic_srv/message/install/message
[2.142s] Level 1:colcon.colcon_core.environment:create_environment_scripts_only(message)
[2.149s] Level 1:colcon.colcon_core.environment:checking '/home/younlea/source/ros_test/ros2_humble_test/TaskManager_topic_srv/message/install/message' for CMake module files
[2.149s] Level 1:colcon.colcon_core.environment:checking '/home/younlea/source/ros_test/ros2_humble_test/TaskManager_topic_srv/message/install/message' for CMake config files
[2.149s] Level 1:colcon.colcon_core.environment:checking '/home/younlea/source/ros_test/ros2_humble_test/TaskManager_topic_srv/message/install/message/bin'
[2.149s] Level 1:colcon.colcon_core.environment:checking '/home/younlea/source/ros_test/ros2_humble_test/TaskManager_topic_srv/message/install/message/lib/pkgconfig/message.pc'
[2.152s] Level 1:colcon.colcon_core.environment:checking '/home/younlea/source/ros_test/ros2_humble_test/TaskManager_topic_srv/message/install/message/lib/python3.10/site-packages'
[2.152s] Level 1:colcon.colcon_core.environment:checking '/home/younlea/source/ros_test/ros2_humble_test/TaskManager_topic_srv/message/install/message/bin'
[2.153s] INFO:colcon.colcon_core.shell:Creating package script '/home/younlea/source/ros_test/ros2_humble_test/TaskManager_topic_srv/message/install/message/share/message/package.ps1'
[2.153s] INFO:colcon.colcon_core.shell:Creating package descriptor '/home/younlea/source/ros_test/ros2_humble_test/TaskManager_topic_srv/message/install/message/share/message/package.dsv'
[2.154s] INFO:colcon.colcon_core.shell:Creating package script '/home/younlea/source/ros_test/ros2_humble_test/TaskManager_topic_srv/message/install/message/share/message/package.sh'
[2.154s] INFO:colcon.colcon_core.shell:Creating package script '/home/younlea/source/ros_test/ros2_humble_test/TaskManager_topic_srv/message/install/message/share/message/package.bash'
[2.155s] INFO:colcon.colcon_core.shell:Creating package script '/home/younlea/source/ros_test/ros2_humble_test/TaskManager_topic_srv/message/install/message/share/message/package.zsh'
[2.155s] Level 1:colcon.colcon_core.environment:create_file_with_runtime_dependencies(/home/younlea/source/ros_test/ros2_humble_test/TaskManager_topic_srv/message/install/message/share/colcon-core/packages/message)
[2.166s] DEBUG:colcon.colcon_parallel_executor.executor.parallel:closing loop
[2.166s] DEBUG:colcon.colcon_parallel_executor.executor.parallel:loop closed
[2.166s] DEBUG:colcon.colcon_parallel_executor.executor.parallel:run_until_complete finished with '1'
[2.166s] DEBUG:colcon.colcon_core.event_reactor:joining thread
[2.182s] INFO:colcon.colcon_core.plugin_system:Skipping extension 'colcon_notification.desktop_notification.terminal_notifier': Not used on non-Darwin systems
[2.182s] INFO:colcon.colcon_core.plugin_system:Skipping extension 'colcon_notification.desktop_notification.win32': Not used on non-Windows systems
[2.182s] INFO:colcon.colcon_notification.desktop_notification:Sending desktop notification using 'notify2'
[2.195s] DEBUG:colcon.colcon_core.event_reactor:joined thread
[2.195s] INFO:colcon.colcon_core.shell:Creating prefix script '/home/younlea/source/ros_test/ros2_humble_test/TaskManager_topic_srv/message/install/local_setup.ps1'
[2.196s] INFO:colcon.colcon_core.shell:Creating prefix util module '/home/younlea/source/ros_test/ros2_humble_test/TaskManager_topic_srv/message/install/_local_setup_util_ps1.py'
[2.197s] INFO:colcon.colcon_core.shell:Creating prefix chain script '/home/younlea/source/ros_test/ros2_humble_test/TaskManager_topic_srv/message/install/setup.ps1'
[2.213s] INFO:colcon.colcon_core.shell:Creating prefix script '/home/younlea/source/ros_test/ros2_humble_test/TaskManager_topic_srv/message/install/local_setup.sh'
[2.214s] INFO:colcon.colcon_core.shell:Creating prefix util module '/home/younlea/source/ros_test/ros2_humble_test/TaskManager_topic_srv/message/install/_local_setup_util_sh.py'
[2.215s] INFO:colcon.colcon_core.shell:Creating prefix chain script '/home/younlea/source/ros_test/ros2_humble_test/TaskManager_topic_srv/message/install/setup.sh'
[2.231s] INFO:colcon.colcon_core.shell:Creating prefix script '/home/younlea/source/ros_test/ros2_humble_test/TaskManager_topic_srv/message/install/local_setup.bash'
[2.232s] INFO:colcon.colcon_core.shell:Creating prefix chain script '/home/younlea/source/ros_test/ros2_humble_test/TaskManager_topic_srv/message/install/setup.bash'
[2.248s] INFO:colcon.colcon_core.shell:Creating prefix script '/home/younlea/source/ros_test/ros2_humble_test/TaskManager_topic_srv/message/install/local_setup.zsh'
[2.249s] INFO:colcon.colcon_core.shell:Creating prefix chain script '/home/younlea/source/ros_test/ros2_humble_test/TaskManager_topic_srv/message/install/setup.zsh'
