-- Found ament_cmake: 1.3.10 (/home/younlea/ros2_humble/install/ament_cmake/share/ament_cmake/cmake)
-- Found rosidl_default_generators: 1.2.0 (/home/younlea/ros2_humble/install/rosidl_default_generators/share/rosidl_default_generators/cmake)
-- Using all available rosidl_typesupport_c: rosidl_typesupport_introspection_c;rosidl_typesupport_fastrtps_c
-- Found rosidl_adapter: 3.1.5 (/home/younlea/ros2_humble/install/rosidl_adapter/share/rosidl_adapter/cmake)
-- Using all available rosidl_typesupport_cpp: rosidl_typesupport_introspection_cpp;rosidl_typesupport_fastrtps_cpp
-- Found ament_cmake_ros: 0.10.0 (/home/younlea/ros2_humble/install/ament_cmake_ros/share/ament_cmake_ros/cmake)
-- Using all available rosidl_typesupport_c: rosidl_typesupport_introspection_c;rosidl_typesupport_fastrtps_c
-- Using all available rosidl_typesupport_cpp: rosidl_typesupport_introspection_cpp;rosidl_typesupport_fastrtps_cpp
-- Found PythonInterp: /usr/bin/python3 (found suitable version "3.10.12", minimum required is "3.6") 
-- Found python_cmake_module: 0.10.0 (/home/younlea/ros2_humble/install/python_cmake_module/share/python_cmake_module/cmake)
-- Found PythonLibs: /usr/lib/x86_64-linux-gnu/libpython3.10.so (found suitable version "3.10.12", minimum required is "3.5") 
-- Using PYTHON_EXECUTABLE: /usr/bin/python3
-- Using PYTHON_INCLUDE_DIRS: /usr/include/python3.10
-- Using PYTHON_LIBRARIES: /usr/lib/x86_64-linux-gnu/libpython3.10.so
-- Found PythonExtra: .so  
-- Configuring done (3.0s)
-- Generating done (0.0s)
-- Build files have been written to: /home/younlea/source/ros_test/ros2_humble_test/TaskManager_topic_srv/message/build/message
[  1%] [34m[1mGenerating C code for ROS interfaces[0m
[  3%] [34m[1mGenerating C++ code for ROS interfaces[0m
[  3%] Built target ament_cmake_python_copy_message
[  3%] Built target message__cpp
[  7%] [32mBuilding C object CMakeFiles/message__rosidl_generator_c.dir/rosidl_generator_c/message/msg/detail/data_ab__functions.c.o[0m
[  7%] [32mBuilding C object CMakeFiles/message__rosidl_generator_c.dir/rosidl_generator_c/message/srv/detail/data_ab__functions.c.o[0m
[  9%] [32mBuilding C object CMakeFiles/message__rosidl_generator_c.dir/rosidl_generator_c/message/srv/detail/data_ba__functions.c.o[0m
[ 10%] [34m[1mGenerating C++ type support dispatch for ROS interfaces[0m
[ 12%] [34m[1mGenerating C++ introspection for ROS interfaces[0m
[ 14%] [34m[1mGenerating C++ type support for eProsima Fast-RTPS[0m
[ 16%] [32mBuilding C object CMakeFiles/message__rosidl_generator_c.dir/rosidl_generator_c/message/msg/detail/data_ba__functions.c.o[0m
running egg_info
creating message.egg-info
writing message.egg-info/PKG-INFO
writing dependency_links to message.egg-info/dependency_links.txt
writing top-level names to message.egg-info/top_level.txt
writing manifest file 'message.egg-info/SOURCES.txt'
reading manifest file 'message.egg-info/SOURCES.txt'
writing manifest file 'message.egg-info/SOURCES.txt'
[ 16%] Built target ament_cmake_python_build_message_egg
[ 18%] [32m[1mLinking C shared library libmessage__rosidl_generator_c.so[0m
[ 18%] Built target message__rosidl_generator_c
[ 20%] [34m[1mGenerating C type support for eProsima Fast-RTPS[0m
[ 21%] [34m[1mGenerating C type support dispatch for ROS interfaces[0m
[ 23%] [34m[1mGenerating C introspection for ROS interfaces[0m
[ 27%] [32mBuilding CXX object CMakeFiles/message__rosidl_typesupport_cpp.dir/rosidl_typesupport_cpp/message/srv/data_ab__type_support.cpp.o[0m
[ 29%] [32mBuilding CXX object CMakeFiles/message__rosidl_typesupport_cpp.dir/rosidl_typesupport_cpp/message/msg/data_ba__type_support.cpp.o[0m
[ 27%] [32mBuilding CXX object CMakeFiles/message__rosidl_typesupport_cpp.dir/rosidl_typesupport_cpp/message/msg/data_ab__type_support.cpp.o[0m
[ 30%] [32mBuilding CXX object CMakeFiles/message__rosidl_typesupport_introspection_cpp.dir/rosidl_typesupport_introspection_cpp/message/msg/detail/data_ab__type_support.cpp.o[0m
[ 32%] [32mBuilding CXX object CMakeFiles/message__rosidl_typesupport_introspection_cpp.dir/rosidl_typesupport_introspection_cpp/message/msg/detail/data_ba__type_support.cpp.o[0m
[ 34%] [32mBuilding CXX object CMakeFiles/message__rosidl_typesupport_c.dir/rosidl_typesupport_c/message/msg/data_ab__type_support.cpp.o[0m
[ 36%] [32mBuilding CXX object CMakeFiles/message__rosidl_typesupport_fastrtps_c.dir/rosidl_typesupport_fastrtps_c/message/msg/detail/data_ab__type_support_c.cpp.o[0m
[ 38%] [32mBuilding CXX object CMakeFiles/message__rosidl_typesupport_fastrtps_cpp.dir/rosidl_typesupport_fastrtps_cpp/message/msg/detail/dds_fastrtps/data_ab__type_support.cpp.o[0m
[ 40%] [32mBuilding CXX object CMakeFiles/message__rosidl_typesupport_c.dir/rosidl_typesupport_c/message/msg/data_ba__type_support.cpp.o[0m
[ 41%] [32mBuilding CXX object CMakeFiles/message__rosidl_typesupport_cpp.dir/rosidl_typesupport_cpp/message/srv/data_ba__type_support.cpp.o[0m
[ 43%] [32mBuilding CXX object CMakeFiles/message__rosidl_typesupport_fastrtps_cpp.dir/rosidl_typesupport_fastrtps_cpp/message/msg/detail/dds_fastrtps/data_ba__type_support.cpp.o[0m
[ 45%] [32mBuilding CXX object CMakeFiles/message__rosidl_typesupport_c.dir/rosidl_typesupport_c/message/srv/data_ab__type_support.cpp.o[0m
[ 47%] [32mBuilding CXX object CMakeFiles/message__rosidl_typesupport_c.dir/rosidl_typesupport_c/message/srv/data_ba__type_support.cpp.o[0m
[ 49%] [32mBuilding C object CMakeFiles/message__rosidl_typesupport_introspection_c.dir/rosidl_typesupport_introspection_c/message/msg/detail/data_ab__type_support.c.o[0m
[ 50%] [32m[1mLinking CXX shared library libmessage__rosidl_typesupport_c.so[0m
[ 52%] [32mBuilding C object CMakeFiles/message__rosidl_typesupport_introspection_c.dir/rosidl_typesupport_introspection_c/message/msg/detail/data_ba__type_support.c.o[0m
[ 52%] Built target message__rosidl_typesupport_c
[ 54%] [32mBuilding C object CMakeFiles/message__rosidl_typesupport_introspection_c.dir/rosidl_typesupport_introspection_c/message/srv/detail/data_ab__type_support.c.o[0m
[ 56%] [32mBuilding C object CMakeFiles/message__rosidl_typesupport_introspection_c.dir/rosidl_typesupport_introspection_c/message/srv/detail/data_ba__type_support.c.o[0m
[ 58%] [32mBuilding CXX object CMakeFiles/message__rosidl_typesupport_fastrtps_cpp.dir/rosidl_typesupport_fastrtps_cpp/message/srv/detail/dds_fastrtps/data_ab__type_support.cpp.o[0m
[ 60%] [32m[1mLinking C shared library libmessage__rosidl_typesupport_introspection_c.so[0m
[ 61%] [32m[1mLinking CXX shared library libmessage__rosidl_typesupport_cpp.so[0m
[ 63%] [32mBuilding CXX object CMakeFiles/message__rosidl_typesupport_fastrtps_c.dir/rosidl_typesupport_fastrtps_c/message/msg/detail/data_ba__type_support_c.cpp.o[0m
[ 63%] Built target message__rosidl_typesupport_introspection_c
[ 65%] [32mBuilding CXX object CMakeFiles/message__rosidl_typesupport_introspection_cpp.dir/rosidl_typesupport_introspection_cpp/message/srv/detail/data_ab__type_support.cpp.o[0m
[ 69%] [32mBuilding CXX object CMakeFiles/message__rosidl_typesupport_fastrtps_c.dir/rosidl_typesupport_fastrtps_c/message/srv/detail/data_ab__type_support_c.cpp.o[0m
[ 69%] [32mBuilding CXX object CMakeFiles/message__rosidl_typesupport_introspection_cpp.dir/rosidl_typesupport_introspection_cpp/message/srv/detail/data_ba__type_support.cpp.o[0m
[ 70%] [32mBuilding CXX object CMakeFiles/message__rosidl_typesupport_fastrtps_cpp.dir/rosidl_typesupport_fastrtps_cpp/message/srv/detail/dds_fastrtps/data_ba__type_support.cpp.o[0m
[ 70%] Built target message__rosidl_typesupport_cpp
[ 72%] [32mBuilding CXX object CMakeFiles/message__rosidl_typesupport_fastrtps_c.dir/rosidl_typesupport_fastrtps_c/message/srv/detail/data_ba__type_support_c.cpp.o[0m
[ 74%] [32m[1mLinking CXX shared library libmessage__rosidl_typesupport_fastrtps_c.so[0m
[ 76%] [32m[1mLinking CXX shared library libmessage__rosidl_typesupport_introspection_cpp.so[0m
[ 78%] [32m[1mLinking CXX shared library libmessage__rosidl_typesupport_fastrtps_cpp.so[0m
[ 78%] Built target message__rosidl_typesupport_introspection_cpp
[ 78%] Built target message__rosidl_typesupport_fastrtps_c
[ 78%] Built target message__rosidl_typesupport_fastrtps_cpp
[ 78%] Built target message
[ 80%] [34m[1mGenerating Python code for ROS interfaces[0m
[ 80%] Built target message__py
[ 81%] [32mBuilding C object CMakeFiles/message__rosidl_generator_py.dir/rosidl_generator_py/message/msg/_data_ab_s.c.o[0m
[ 85%] [32mBuilding C object CMakeFiles/message__rosidl_generator_py.dir/rosidl_generator_py/message/srv/_data_ab_s.c.o[0m
[ 85%] [32mBuilding C object CMakeFiles/message__rosidl_generator_py.dir/rosidl_generator_py/message/msg/_data_ba_s.c.o[0m
[ 87%] [32mBuilding C object CMakeFiles/message__rosidl_generator_py.dir/rosidl_generator_py/message/srv/_data_ba_s.c.o[0m
[ 89%] [32m[1mLinking C shared library rosidl_generator_py/message/libmessage__rosidl_generator_py.so[0m
[ 89%] Built target message__rosidl_generator_py
[ 90%] [32mBuilding C object CMakeFiles/message__rosidl_typesupport_fastrtps_c__pyext.dir/rosidl_generator_py/message/_message_s.ep.rosidl_typesupport_fastrtps_c.c.o[0m
[ 94%] [32mBuilding C object CMakeFiles/message__rosidl_typesupport_c__pyext.dir/rosidl_generator_py/message/_message_s.ep.rosidl_typesupport_c.c.o[0m
[ 94%] [32mBuilding C object CMakeFiles/message__rosidl_typesupport_introspection_c__pyext.dir/rosidl_generator_py/message/_message_s.ep.rosidl_typesupport_introspection_c.c.o[0m
[ 96%] [32m[1mLinking C shared library rosidl_generator_py/message/message_s__rosidl_typesupport_c.cpython-310-x86_64-linux-gnu.so[0m
[ 98%] [32m[1mLinking C shared library rosidl_generator_py/message/message_s__rosidl_typesupport_introspection_c.cpython-310-x86_64-linux-gnu.so[0m
[100%] [32m[1mLinking C shared library rosidl_generator_py/message/message_s__rosidl_typesupport_fastrtps_c.cpython-310-x86_64-linux-gnu.so[0m
[100%] Built target message__rosidl_typesupport_c__pyext
[100%] Built target message__rosidl_typesupport_introspection_c__pyext
[100%] Built target message__rosidl_typesupport_fastrtps_c__pyext
-- Install configuration: ""
-- Installing: /home/younlea/source/ros_test/ros2_humble_test/TaskManager_topic_srv/message/install/message/share/ament_index/resource_index/rosidl_interfaces/message
-- Installing: /home/younlea/source/ros_test/ros2_humble_test/TaskManager_topic_srv/message/install/message/include/message/message
-- Installing: /home/younlea/source/ros_test/ros2_humble_test/TaskManager_topic_srv/message/install/message/include/message/message/srv
-- Installing: /home/younlea/source/ros_test/ros2_humble_test/TaskManager_topic_srv/message/install/message/include/message/message/srv/data_ba.h
-- Installing: /home/younlea/source/ros_test/ros2_humble_test/TaskManager_topic_srv/message/install/message/include/message/message/srv/detail
-- Installing: /home/younlea/source/ros_test/ros2_humble_test/TaskManager_topic_srv/message/install/message/include/message/message/srv/detail/data_ba__functions.h
-- Installing: /home/younlea/source/ros_test/ros2_humble_test/TaskManager_topic_srv/message/install/message/include/message/message/srv/detail/data_ba__type_support.h
-- Installing: /home/younlea/source/ros_test/ros2_humble_test/TaskManager_topic_srv/message/install/message/include/message/message/srv/detail/data_ba__functions.c
-- Installing: /home/younlea/source/ros_test/ros2_humble_test/TaskManager_topic_srv/message/install/message/include/message/message/srv/detail/data_ab__struct.h
-- Installing: /home/younlea/source/ros_test/ros2_humble_test/TaskManager_topic_srv/message/install/message/include/message/message/srv/detail/data_ab__type_support.h
-- Installing: /home/younlea/source/ros_test/ros2_humble_test/TaskManager_topic_srv/message/install/message/include/message/message/srv/detail/data_ab__functions.h
-- Installing: /home/younlea/source/ros_test/ros2_humble_test/TaskManager_topic_srv/message/install/message/include/message/message/srv/detail/data_ab__functions.c
-- Installing: /home/younlea/source/ros_test/ros2_humble_test/TaskManager_topic_srv/message/install/message/include/message/message/srv/detail/data_ba__struct.h
-- Installing: /home/younlea/source/ros_test/ros2_humble_test/TaskManager_topic_srv/message/install/message/include/message/message/srv/data_ab.h
-- Installing: /home/younlea/source/ros_test/ros2_humble_test/TaskManager_topic_srv/message/install/message/include/message/message/msg
-- Installing: /home/younlea/source/ros_test/ros2_humble_test/TaskManager_topic_srv/message/install/message/include/message/message/msg/data_ba.h
-- Installing: /home/younlea/source/ros_test/ros2_humble_test/TaskManager_topic_srv/message/install/message/include/message/message/msg/detail
-- Installing: /home/younlea/source/ros_test/ros2_humble_test/TaskManager_topic_srv/message/install/message/include/message/message/msg/detail/data_ba__functions.h
-- Installing: /home/younlea/source/ros_test/ros2_humble_test/TaskManager_topic_srv/message/install/message/include/message/message/msg/detail/data_ba__type_support.h
-- Installing: /home/younlea/source/ros_test/ros2_humble_test/TaskManager_topic_srv/message/install/message/include/message/message/msg/detail/data_ba__functions.c
-- Installing: /home/younlea/source/ros_test/ros2_humble_test/TaskManager_topic_srv/message/install/message/include/message/message/msg/detail/data_ab__struct.h
-- Installing: /home/younlea/source/ros_test/ros2_humble_test/TaskManager_topic_srv/message/install/message/include/message/message/msg/detail/data_ab__type_support.h
-- Installing: /home/younlea/source/ros_test/ros2_humble_test/TaskManager_topic_srv/message/install/message/include/message/message/msg/detail/data_ab__functions.h
-- Installing: /home/younlea/source/ros_test/ros2_humble_test/TaskManager_topic_srv/message/install/message/include/message/message/msg/detail/data_ab__functions.c
-- Installing: /home/younlea/source/ros_test/ros2_humble_test/TaskManager_topic_srv/message/install/message/include/message/message/msg/detail/data_ba__struct.h
-- Installing: /home/younlea/source/ros_test/ros2_humble_test/TaskManager_topic_srv/message/install/message/include/message/message/msg/rosidl_generator_c__visibility_control.h
-- Installing: /home/younlea/source/ros_test/ros2_humble_test/TaskManager_topic_srv/message/install/message/include/message/message/msg/data_ab.h
-- Installing: /home/younlea/source/ros_test/ros2_humble_test/TaskManager_topic_srv/message/install/message/share/message/environment/library_path.sh
-- Installing: /home/younlea/source/ros_test/ros2_humble_test/TaskManager_topic_srv/message/install/message/share/message/environment/library_path.dsv
-- Installing: /home/younlea/source/ros_test/ros2_humble_test/TaskManager_topic_srv/message/install/message/lib/libmessage__rosidl_generator_c.so
-- Set runtime path of "/home/younlea/source/ros_test/ros2_humble_test/TaskManager_topic_srv/message/install/message/lib/libmessage__rosidl_generator_c.so" to ""
-- Up-to-date: /home/younlea/source/ros_test/ros2_humble_test/TaskManager_topic_srv/message/install/message/include/message/message
-- Up-to-date: /home/younlea/source/ros_test/ros2_humble_test/TaskManager_topic_srv/message/install/message/include/message/message/srv
-- Up-to-date: /home/younlea/source/ros_test/ros2_humble_test/TaskManager_topic_srv/message/install/message/include/message/message/srv/detail
-- Installing: /home/younlea/source/ros_test/ros2_humble_test/TaskManager_topic_srv/message/install/message/include/message/message/srv/detail/data_ba__rosidl_typesupport_introspection_c.h
-- Installing: /home/younlea/source/ros_test/ros2_humble_test/TaskManager_topic_srv/message/install/message/include/message/message/srv/detail/data_ab__rosidl_typesupport_introspection_c.h
-- Installing: /home/younlea/source/ros_test/ros2_humble_test/TaskManager_topic_srv/message/install/message/include/message/message/srv/detail/data_ba__type_support.c
-- Installing: /home/younlea/source/ros_test/ros2_humble_test/TaskManager_topic_srv/message/install/message/include/message/message/srv/detail/data_ab__type_support.c
-- Up-to-date: /home/younlea/source/ros_test/ros2_humble_test/TaskManager_topic_srv/message/install/message/include/message/message/msg
-- Up-to-date: /home/younlea/source/ros_test/ros2_humble_test/TaskManager_topic_srv/message/install/message/include/message/message/msg/detail
-- Installing: /home/younlea/source/ros_test/ros2_humble_test/TaskManager_topic_srv/message/install/message/include/message/message/msg/detail/data_ba__rosidl_typesupport_introspection_c.h
-- Installing: /home/younlea/source/ros_test/ros2_humble_test/TaskManager_topic_srv/message/install/message/include/message/message/msg/detail/data_ab__rosidl_typesupport_introspection_c.h
-- Installing: /home/younlea/source/ros_test/ros2_humble_test/TaskManager_topic_srv/message/install/message/include/message/message/msg/detail/data_ba__type_support.c
-- Installing: /home/younlea/source/ros_test/ros2_humble_test/TaskManager_topic_srv/message/install/message/include/message/message/msg/detail/data_ab__type_support.c
-- Installing: /home/younlea/source/ros_test/ros2_humble_test/TaskManager_topic_srv/message/install/message/include/message/message/msg/rosidl_typesupport_introspection_c__visibility_control.h
-- Installing: /home/younlea/source/ros_test/ros2_humble_test/TaskManager_topic_srv/message/install/message/lib/libmessage__rosidl_typesupport_introspection_c.so
-- Set runtime path of "/home/younlea/source/ros_test/ros2_humble_test/TaskManager_topic_srv/message/install/message/lib/libmessage__rosidl_typesupport_introspection_c.so" to ""
-- Up-to-date: /home/younlea/source/ros_test/ros2_humble_test/TaskManager_topic_srv/message/install/message/include/message/message
-- Up-to-date: /home/younlea/source/ros_test/ros2_humble_test/TaskManager_topic_srv/message/install/message/include/message/message/srv
-- Up-to-date: /home/younlea/source/ros_test/ros2_humble_test/TaskManager_topic_srv/message/install/message/include/message/message/srv/detail
-- Installing: /home/younlea/source/ros_test/ros2_humble_test/TaskManager_topic_srv/message/install/message/include/message/message/srv/detail/data_ba__rosidl_typesupport_fastrtps_c.h
-- Installing: /home/younlea/source/ros_test/ros2_humble_test/TaskManager_topic_srv/message/install/message/include/message/message/srv/detail/data_ab__rosidl_typesupport_fastrtps_c.h
-- Up-to-date: /home/younlea/source/ros_test/ros2_humble_test/TaskManager_topic_srv/message/install/message/include/message/message/msg
-- Up-to-date: /home/younlea/source/ros_test/ros2_humble_test/TaskManager_topic_srv/message/install/message/include/message/message/msg/detail
-- Installing: /home/younlea/source/ros_test/ros2_humble_test/TaskManager_topic_srv/message/install/message/include/message/message/msg/detail/data_ba__rosidl_typesupport_fastrtps_c.h
-- Installing: /home/younlea/source/ros_test/ros2_humble_test/TaskManager_topic_srv/message/install/message/include/message/message/msg/detail/data_ab__rosidl_typesupport_fastrtps_c.h
-- Installing: /home/younlea/source/ros_test/ros2_humble_test/TaskManager_topic_srv/message/install/message/include/message/message/msg/rosidl_typesupport_fastrtps_c__visibility_control.h
-- Installing: /home/younlea/source/ros_test/ros2_humble_test/TaskManager_topic_srv/message/install/message/lib/libmessage__rosidl_typesupport_fastrtps_c.so
-- Set runtime path of "/home/younlea/source/ros_test/ros2_humble_test/TaskManager_topic_srv/message/install/message/lib/libmessage__rosidl_typesupport_fastrtps_c.so" to ""
-- Installing: /home/younlea/source/ros_test/ros2_humble_test/TaskManager_topic_srv/message/install/message/lib/libmessage__rosidl_typesupport_c.so
-- Set runtime path of "/home/younlea/source/ros_test/ros2_humble_test/TaskManager_topic_srv/message/install/message/lib/libmessage__rosidl_typesupport_c.so" to ""
-- Up-to-date: /home/younlea/source/ros_test/ros2_humble_test/TaskManager_topic_srv/message/install/message/include/message/message
-- Up-to-date: /home/younlea/source/ros_test/ros2_humble_test/TaskManager_topic_srv/message/install/message/include/message/message/srv
-- Up-to-date: /home/younlea/source/ros_test/ros2_humble_test/TaskManager_topic_srv/message/install/message/include/message/message/srv/detail
-- Installing: /home/younlea/source/ros_test/ros2_humble_test/TaskManager_topic_srv/message/install/message/include/message/message/srv/detail/data_ab__struct.hpp
-- Installing: /home/younlea/source/ros_test/ros2_humble_test/TaskManager_topic_srv/message/install/message/include/message/message/srv/detail/data_ba__builder.hpp
-- Installing: /home/younlea/source/ros_test/ros2_humble_test/TaskManager_topic_srv/message/install/message/include/message/message/srv/detail/data_ab__builder.hpp
-- Installing: /home/younlea/source/ros_test/ros2_humble_test/TaskManager_topic_srv/message/install/message/include/message/message/srv/detail/data_ba__traits.hpp
-- Installing: /home/younlea/source/ros_test/ros2_humble_test/TaskManager_topic_srv/message/install/message/include/message/message/srv/detail/data_ba__struct.hpp
-- Installing: /home/younlea/source/ros_test/ros2_humble_test/TaskManager_topic_srv/message/install/message/include/message/message/srv/detail/data_ab__traits.hpp
-- Installing: /home/younlea/source/ros_test/ros2_humble_test/TaskManager_topic_srv/message/install/message/include/message/message/srv/data_ab.hpp
-- Installing: /home/younlea/source/ros_test/ros2_humble_test/TaskManager_topic_srv/message/install/message/include/message/message/srv/data_ba.hpp
-- Up-to-date: /home/younlea/source/ros_test/ros2_humble_test/TaskManager_topic_srv/message/install/message/include/message/message/msg
-- Up-to-date: /home/younlea/source/ros_test/ros2_humble_test/TaskManager_topic_srv/message/install/message/include/message/message/msg/detail
-- Installing: /home/younlea/source/ros_test/ros2_humble_test/TaskManager_topic_srv/message/install/message/include/message/message/msg/detail/data_ab__struct.hpp
-- Installing: /home/younlea/source/ros_test/ros2_humble_test/TaskManager_topic_srv/message/install/message/include/message/message/msg/detail/data_ba__builder.hpp
-- Installing: /home/younlea/source/ros_test/ros2_humble_test/TaskManager_topic_srv/message/install/message/include/message/message/msg/detail/data_ab__builder.hpp
-- Installing: /home/younlea/source/ros_test/ros2_humble_test/TaskManager_topic_srv/message/install/message/include/message/message/msg/detail/data_ba__traits.hpp
-- Installing: /home/younlea/source/ros_test/ros2_humble_test/TaskManager_topic_srv/message/install/message/include/message/message/msg/detail/data_ba__struct.hpp
-- Installing: /home/younlea/source/ros_test/ros2_humble_test/TaskManager_topic_srv/message/install/message/include/message/message/msg/detail/data_ab__traits.hpp
-- Installing: /home/younlea/source/ros_test/ros2_humble_test/TaskManager_topic_srv/message/install/message/include/message/message/msg/data_ab.hpp
-- Installing: /home/younlea/source/ros_test/ros2_humble_test/TaskManager_topic_srv/message/install/message/include/message/message/msg/data_ba.hpp
-- Up-to-date: /home/younlea/source/ros_test/ros2_humble_test/TaskManager_topic_srv/message/install/message/include/message/message
-- Up-to-date: /home/younlea/source/ros_test/ros2_humble_test/TaskManager_topic_srv/message/install/message/include/message/message/srv
-- Up-to-date: /home/younlea/source/ros_test/ros2_humble_test/TaskManager_topic_srv/message/install/message/include/message/message/srv/detail
-- Installing: /home/younlea/source/ros_test/ros2_humble_test/TaskManager_topic_srv/message/install/message/include/message/message/srv/detail/data_ab__rosidl_typesupport_introspection_cpp.hpp
-- Installing: /home/younlea/source/ros_test/ros2_humble_test/TaskManager_topic_srv/message/install/message/include/message/message/srv/detail/data_ba__type_support.cpp
-- Installing: /home/younlea/source/ros_test/ros2_humble_test/TaskManager_topic_srv/message/install/message/include/message/message/srv/detail/data_ab__type_support.cpp
-- Installing: /home/younlea/source/ros_test/ros2_humble_test/TaskManager_topic_srv/message/install/message/include/message/message/srv/detail/data_ba__rosidl_typesupport_introspection_cpp.hpp
-- Up-to-date: /home/younlea/source/ros_test/ros2_humble_test/TaskManager_topic_srv/message/install/message/include/message/message/msg
-- Up-to-date: /home/younlea/source/ros_test/ros2_humble_test/TaskManager_topic_srv/message/install/message/include/message/message/msg/detail
-- Installing: /home/younlea/source/ros_test/ros2_humble_test/TaskManager_topic_srv/message/install/message/include/message/message/msg/detail/data_ab__rosidl_typesupport_introspection_cpp.hpp
-- Installing: /home/younlea/source/ros_test/ros2_humble_test/TaskManager_topic_srv/message/install/message/include/message/message/msg/detail/data_ba__type_support.cpp
-- Installing: /home/younlea/source/ros_test/ros2_humble_test/TaskManager_topic_srv/message/install/message/include/message/message/msg/detail/data_ab__type_support.cpp
-- Installing: /home/younlea/source/ros_test/ros2_humble_test/TaskManager_topic_srv/message/install/message/include/message/message/msg/detail/data_ba__rosidl_typesupport_introspection_cpp.hpp
-- Installing: /home/younlea/source/ros_test/ros2_humble_test/TaskManager_topic_srv/message/install/message/lib/libmessage__rosidl_typesupport_introspection_cpp.so
-- Set runtime path of "/home/younlea/source/ros_test/ros2_humble_test/TaskManager_topic_srv/message/install/message/lib/libmessage__rosidl_typesupport_introspection_cpp.so" to ""
-- Up-to-date: /home/younlea/source/ros_test/ros2_humble_test/TaskManager_topic_srv/message/install/message/include/message/message
-- Up-to-date: /home/younlea/source/ros_test/ros2_humble_test/TaskManager_topic_srv/message/install/message/include/message/message/srv
-- Up-to-date: /home/younlea/source/ros_test/ros2_humble_test/TaskManager_topic_srv/message/install/message/include/message/message/srv/detail
-- Installing: /home/younlea/source/ros_test/ros2_humble_test/TaskManager_topic_srv/message/install/message/include/message/message/srv/detail/data_ba__rosidl_typesupport_fastrtps_cpp.hpp
-- Installing: /home/younlea/source/ros_test/ros2_humble_test/TaskManager_topic_srv/message/install/message/include/message/message/srv/detail/data_ab__rosidl_typesupport_fastrtps_cpp.hpp
-- Installing: /home/younlea/source/ros_test/ros2_humble_test/TaskManager_topic_srv/message/install/message/include/message/message/srv/detail/dds_fastrtps
-- Up-to-date: /home/younlea/source/ros_test/ros2_humble_test/TaskManager_topic_srv/message/install/message/include/message/message/msg
-- Up-to-date: /home/younlea/source/ros_test/ros2_humble_test/TaskManager_topic_srv/message/install/message/include/message/message/msg/detail
-- Installing: /home/younlea/source/ros_test/ros2_humble_test/TaskManager_topic_srv/message/install/message/include/message/message/msg/detail/data_ba__rosidl_typesupport_fastrtps_cpp.hpp
-- Installing: /home/younlea/source/ros_test/ros2_humble_test/TaskManager_topic_srv/message/install/message/include/message/message/msg/detail/data_ab__rosidl_typesupport_fastrtps_cpp.hpp
-- Installing: /home/younlea/source/ros_test/ros2_humble_test/TaskManager_topic_srv/message/install/message/include/message/message/msg/detail/dds_fastrtps
-- Installing: /home/younlea/source/ros_test/ros2_humble_test/TaskManager_topic_srv/message/install/message/include/message/message/msg/rosidl_typesupport_fastrtps_cpp__visibility_control.h
-- Installing: /home/younlea/source/ros_test/ros2_humble_test/TaskManager_topic_srv/message/install/message/lib/libmessage__rosidl_typesupport_fastrtps_cpp.so
-- Set runtime path of "/home/younlea/source/ros_test/ros2_humble_test/TaskManager_topic_srv/message/install/message/lib/libmessage__rosidl_typesupport_fastrtps_cpp.so" to ""
-- Installing: /home/younlea/source/ros_test/ros2_humble_test/TaskManager_topic_srv/message/install/message/lib/libmessage__rosidl_typesupport_cpp.so
-- Set runtime path of "/home/younlea/source/ros_test/ros2_humble_test/TaskManager_topic_srv/message/install/message/lib/libmessage__rosidl_typesupport_cpp.so" to ""
-- Installing: /home/younlea/source/ros_test/ros2_humble_test/TaskManager_topic_srv/message/install/message/share/message/environment/pythonpath.sh
-- Installing: /home/younlea/source/ros_test/ros2_humble_test/TaskManager_topic_srv/message/install/message/share/message/environment/pythonpath.dsv
-- Installing: /home/younlea/source/ros_test/ros2_humble_test/TaskManager_topic_srv/message/install/message/local/lib/python3.10/dist-packages/message-0.0.0-py3.10.egg-info
-- Installing: /home/younlea/source/ros_test/ros2_humble_test/TaskManager_topic_srv/message/install/message/local/lib/python3.10/dist-packages/message-0.0.0-py3.10.egg-info/top_level.txt
-- Installing: /home/younlea/source/ros_test/ros2_humble_test/TaskManager_topic_srv/message/install/message/local/lib/python3.10/dist-packages/message-0.0.0-py3.10.egg-info/SOURCES.txt
-- Installing: /home/younlea/source/ros_test/ros2_humble_test/TaskManager_topic_srv/message/install/message/local/lib/python3.10/dist-packages/message-0.0.0-py3.10.egg-info/PKG-INFO
-- Installing: /home/younlea/source/ros_test/ros2_humble_test/TaskManager_topic_srv/message/install/message/local/lib/python3.10/dist-packages/message-0.0.0-py3.10.egg-info/dependency_links.txt
-- Installing: /home/younlea/source/ros_test/ros2_humble_test/TaskManager_topic_srv/message/install/message/local/lib/python3.10/dist-packages/message
-- Installing: /home/younlea/source/ros_test/ros2_humble_test/TaskManager_topic_srv/message/install/message/local/lib/python3.10/dist-packages/message/message_s__rosidl_typesupport_introspection_c.cpython-310-x86_64-linux-gnu.so
-- Installing: /home/younlea/source/ros_test/ros2_humble_test/TaskManager_topic_srv/message/install/message/local/lib/python3.10/dist-packages/message/_message_s.ep.rosidl_typesupport_c.c
-- Installing: /home/younlea/source/ros_test/ros2_humble_test/TaskManager_topic_srv/message/install/message/local/lib/python3.10/dist-packages/message/_message_s.ep.rosidl_typesupport_introspection_c.c
-- Installing: /home/younlea/source/ros_test/ros2_humble_test/TaskManager_topic_srv/message/install/message/local/lib/python3.10/dist-packages/message/srv
-- Installing: /home/younlea/source/ros_test/ros2_humble_test/TaskManager_topic_srv/message/install/message/local/lib/python3.10/dist-packages/message/srv/_data_ab.py
-- Installing: /home/younlea/source/ros_test/ros2_humble_test/TaskManager_topic_srv/message/install/message/local/lib/python3.10/dist-packages/message/srv/_data_ba.py
-- Installing: /home/younlea/source/ros_test/ros2_humble_test/TaskManager_topic_srv/message/install/message/local/lib/python3.10/dist-packages/message/srv/_data_ba_s.c
-- Installing: /home/younlea/source/ros_test/ros2_humble_test/TaskManager_topic_srv/message/install/message/local/lib/python3.10/dist-packages/message/srv/__init__.py
-- Installing: /home/younlea/source/ros_test/ros2_humble_test/TaskManager_topic_srv/message/install/message/local/lib/python3.10/dist-packages/message/srv/_data_ab_s.c
-- Installing: /home/younlea/source/ros_test/ros2_humble_test/TaskManager_topic_srv/message/install/message/local/lib/python3.10/dist-packages/message/_message_s.ep.rosidl_typesupport_fastrtps_c.c
-- Installing: /home/younlea/source/ros_test/ros2_humble_test/TaskManager_topic_srv/message/install/message/local/lib/python3.10/dist-packages/message/message_s__rosidl_typesupport_fastrtps_c.cpython-310-x86_64-linux-gnu.so
-- Installing: /home/younlea/source/ros_test/ros2_humble_test/TaskManager_topic_srv/message/install/message/local/lib/python3.10/dist-packages/message/message_s__rosidl_typesupport_c.cpython-310-x86_64-linux-gnu.so
-- Installing: /home/younlea/source/ros_test/ros2_humble_test/TaskManager_topic_srv/message/install/message/local/lib/python3.10/dist-packages/message/__init__.py
-- Installing: /home/younlea/source/ros_test/ros2_humble_test/TaskManager_topic_srv/message/install/message/local/lib/python3.10/dist-packages/message/libmessage__rosidl_generator_py.so
-- Installing: /home/younlea/source/ros_test/ros2_humble_test/TaskManager_topic_srv/message/install/message/local/lib/python3.10/dist-packages/message/msg
-- Installing: /home/younlea/source/ros_test/ros2_humble_test/TaskManager_topic_srv/message/install/message/local/lib/python3.10/dist-packages/message/msg/_data_ab.py
-- Installing: /home/younlea/source/ros_test/ros2_humble_test/TaskManager_topic_srv/message/install/message/local/lib/python3.10/dist-packages/message/msg/_data_ba.py
-- Installing: /home/younlea/source/ros_test/ros2_humble_test/TaskManager_topic_srv/message/install/message/local/lib/python3.10/dist-packages/message/msg/_data_ba_s.c
-- Installing: /home/younlea/source/ros_test/ros2_humble_test/TaskManager_topic_srv/message/install/message/local/lib/python3.10/dist-packages/message/msg/__init__.py
-- Installing: /home/younlea/source/ros_test/ros2_humble_test/TaskManager_topic_srv/message/install/message/local/lib/python3.10/dist-packages/message/msg/_data_ab_s.c
Listing '/home/younlea/source/ros_test/ros2_humble_test/TaskManager_topic_srv/message/install/message/local/lib/python3.10/dist-packages/message'...
Compiling '/home/younlea/source/ros_test/ros2_humble_test/TaskManager_topic_srv/message/install/message/local/lib/python3.10/dist-packages/message/__init__.py'...
Listing '/home/younlea/source/ros_test/ros2_humble_test/TaskManager_topic_srv/message/install/message/local/lib/python3.10/dist-packages/message/msg'...
Compiling '/home/younlea/source/ros_test/ros2_humble_test/TaskManager_topic_srv/message/install/message/local/lib/python3.10/dist-packages/message/msg/__init__.py'...
Compiling '/home/younlea/source/ros_test/ros2_humble_test/TaskManager_topic_srv/message/install/message/local/lib/python3.10/dist-packages/message/msg/_data_ab.py'...
Compiling '/home/younlea/source/ros_test/ros2_humble_test/TaskManager_topic_srv/message/install/message/local/lib/python3.10/dist-packages/message/msg/_data_ba.py'...
Listing '/home/younlea/source/ros_test/ros2_humble_test/TaskManager_topic_srv/message/install/message/local/lib/python3.10/dist-packages/message/srv'...
Compiling '/home/younlea/source/ros_test/ros2_humble_test/TaskManager_topic_srv/message/install/message/local/lib/python3.10/dist-packages/message/srv/__init__.py'...
Compiling '/home/younlea/source/ros_test/ros2_humble_test/TaskManager_topic_srv/message/install/message/local/lib/python3.10/dist-packages/message/srv/_data_ab.py'...
Compiling '/home/younlea/source/ros_test/ros2_humble_test/TaskManager_topic_srv/message/install/message/local/lib/python3.10/dist-packages/message/srv/_data_ba.py'...
-- Installing: /home/younlea/source/ros_test/ros2_humble_test/TaskManager_topic_srv/message/install/message/local/lib/python3.10/dist-packages/message/message_s__rosidl_typesupport_introspection_c.cpython-310-x86_64-linux-gnu.so
-- Set runtime path of "/home/younlea/source/ros_test/ros2_humble_test/TaskManager_topic_srv/message/install/message/local/lib/python3.10/dist-packages/message/message_s__rosidl_typesupport_introspection_c.cpython-310-x86_64-linux-gnu.so" to ""
-- Installing: /home/younlea/source/ros_test/ros2_humble_test/TaskManager_topic_srv/message/install/message/local/lib/python3.10/dist-packages/message/message_s__rosidl_typesupport_fastrtps_c.cpython-310-x86_64-linux-gnu.so
-- Set runtime path of "/home/younlea/source/ros_test/ros2_humble_test/TaskManager_topic_srv/message/install/message/local/lib/python3.10/dist-packages/message/message_s__rosidl_typesupport_fastrtps_c.cpython-310-x86_64-linux-gnu.so" to ""
-- Installing: /home/younlea/source/ros_test/ros2_humble_test/TaskManager_topic_srv/message/install/message/local/lib/python3.10/dist-packages/message/message_s__rosidl_typesupport_c.cpython-310-x86_64-linux-gnu.so
-- Set runtime path of "/home/younlea/source/ros_test/ros2_humble_test/TaskManager_topic_srv/message/install/message/local/lib/python3.10/dist-packages/message/message_s__rosidl_typesupport_c.cpython-310-x86_64-linux-gnu.so" to ""
-- Installing: /home/younlea/source/ros_test/ros2_humble_test/TaskManager_topic_srv/message/install/message/lib/libmessage__rosidl_generator_py.so
-- Set runtime path of "/home/younlea/source/ros_test/ros2_humble_test/TaskManager_topic_srv/message/install/message/lib/libmessage__rosidl_generator_py.so" to ""
-- Installing: /home/younlea/source/ros_test/ros2_humble_test/TaskManager_topic_srv/message/install/message/share/message/msg/DataAB.idl
-- Installing: /home/younlea/source/ros_test/ros2_humble_test/TaskManager_topic_srv/message/install/message/share/message/msg/DataBA.idl
-- Installing: /home/younlea/source/ros_test/ros2_humble_test/TaskManager_topic_srv/message/install/message/share/message/srv/DataAB.idl
-- Installing: /home/younlea/source/ros_test/ros2_humble_test/TaskManager_topic_srv/message/install/message/share/message/srv/DataBA.idl
-- Installing: /home/younlea/source/ros_test/ros2_humble_test/TaskManager_topic_srv/message/install/message/share/message/msg/DataAB.msg
-- Installing: /home/younlea/source/ros_test/ros2_humble_test/TaskManager_topic_srv/message/install/message/share/message/msg/DataBA.msg
-- Installing: /home/younlea/source/ros_test/ros2_humble_test/TaskManager_topic_srv/message/install/message/share/message/srv/DataAB.srv
-- Installing: /home/younlea/source/ros_test/ros2_humble_test/TaskManager_topic_srv/message/install/message/share/message/srv/DataAB_Request.msg
-- Installing: /home/younlea/source/ros_test/ros2_humble_test/TaskManager_topic_srv/message/install/message/share/message/srv/DataAB_Response.msg
-- Installing: /home/younlea/source/ros_test/ros2_humble_test/TaskManager_topic_srv/message/install/message/share/message/srv/DataBA.srv
-- Installing: /home/younlea/source/ros_test/ros2_humble_test/TaskManager_topic_srv/message/install/message/share/message/srv/DataBA_Request.msg
-- Installing: /home/younlea/source/ros_test/ros2_humble_test/TaskManager_topic_srv/message/install/message/share/message/srv/DataBA_Response.msg
-- Installing: /home/younlea/source/ros_test/ros2_humble_test/TaskManager_topic_srv/message/install/message/share/ament_index/resource_index/package_run_dependencies/message
-- Installing: /home/younlea/source/ros_test/ros2_humble_test/TaskManager_topic_srv/message/install/message/share/ament_index/resource_index/parent_prefix_path/message
-- Installing: /home/younlea/source/ros_test/ros2_humble_test/TaskManager_topic_srv/message/install/message/share/message/environment/ament_prefix_path.sh
-- Installing: /home/younlea/source/ros_test/ros2_humble_test/TaskManager_topic_srv/message/install/message/share/message/environment/ament_prefix_path.dsv
-- Installing: /home/younlea/source/ros_test/ros2_humble_test/TaskManager_topic_srv/message/install/message/share/message/environment/path.sh
-- Installing: /home/younlea/source/ros_test/ros2_humble_test/TaskManager_topic_srv/message/install/message/share/message/environment/path.dsv
-- Installing: /home/younlea/source/ros_test/ros2_humble_test/TaskManager_topic_srv/message/install/message/share/message/local_setup.bash
-- Installing: /home/younlea/source/ros_test/ros2_humble_test/TaskManager_topic_srv/message/install/message/share/message/local_setup.sh
-- Installing: /home/younlea/source/ros_test/ros2_humble_test/TaskManager_topic_srv/message/install/message/share/message/local_setup.zsh
-- Installing: /home/younlea/source/ros_test/ros2_humble_test/TaskManager_topic_srv/message/install/message/share/message/local_setup.dsv
-- Installing: /home/younlea/source/ros_test/ros2_humble_test/TaskManager_topic_srv/message/install/message/share/message/package.dsv
-- Installing: /home/younlea/source/ros_test/ros2_humble_test/TaskManager_topic_srv/message/install/message/share/ament_index/resource_index/packages/message
-- Installing: /home/younlea/source/ros_test/ros2_humble_test/TaskManager_topic_srv/message/install/message/share/message/cmake/export_message__rosidl_generator_cExport.cmake
-- Installing: /home/younlea/source/ros_test/ros2_humble_test/TaskManager_topic_srv/message/install/message/share/message/cmake/export_message__rosidl_generator_cExport-noconfig.cmake
-- Installing: /home/younlea/source/ros_test/ros2_humble_test/TaskManager_topic_srv/message/install/message/share/message/cmake/message__rosidl_typesupport_introspection_cExport.cmake
-- Installing: /home/younlea/source/ros_test/ros2_humble_test/TaskManager_topic_srv/message/install/message/share/message/cmake/message__rosidl_typesupport_introspection_cExport-noconfig.cmake
-- Installing: /home/younlea/source/ros_test/ros2_humble_test/TaskManager_topic_srv/message/install/message/share/message/cmake/export_message__rosidl_typesupport_fastrtps_cExport.cmake
-- Installing: /home/younlea/source/ros_test/ros2_humble_test/TaskManager_topic_srv/message/install/message/share/message/cmake/export_message__rosidl_typesupport_fastrtps_cExport-noconfig.cmake
-- Installing: /home/younlea/source/ros_test/ros2_humble_test/TaskManager_topic_srv/message/install/message/share/message/cmake/message__rosidl_typesupport_cExport.cmake
-- Installing: /home/younlea/source/ros_test/ros2_humble_test/TaskManager_topic_srv/message/install/message/share/message/cmake/message__rosidl_typesupport_cExport-noconfig.cmake
-- Installing: /home/younlea/source/ros_test/ros2_humble_test/TaskManager_topic_srv/message/install/message/share/message/cmake/export_message__rosidl_generator_cppExport.cmake
-- Installing: /home/younlea/source/ros_test/ros2_humble_test/TaskManager_topic_srv/message/install/message/share/message/cmake/message__rosidl_typesupport_introspection_cppExport.cmake
-- Installing: /home/younlea/source/ros_test/ros2_humble_test/TaskManager_topic_srv/message/install/message/share/message/cmake/message__rosidl_typesupport_introspection_cppExport-noconfig.cmake
-- Installing: /home/younlea/source/ros_test/ros2_humble_test/TaskManager_topic_srv/message/install/message/share/message/cmake/export_message__rosidl_typesupport_fastrtps_cppExport.cmake
-- Installing: /home/younlea/source/ros_test/ros2_humble_test/TaskManager_topic_srv/message/install/message/share/message/cmake/export_message__rosidl_typesupport_fastrtps_cppExport-noconfig.cmake
-- Installing: /home/younlea/source/ros_test/ros2_humble_test/TaskManager_topic_srv/message/install/message/share/message/cmake/message__rosidl_typesupport_cppExport.cmake
-- Installing: /home/younlea/source/ros_test/ros2_humble_test/TaskManager_topic_srv/message/install/message/share/message/cmake/message__rosidl_typesupport_cppExport-noconfig.cmake
-- Installing: /home/younlea/source/ros_test/ros2_humble_test/TaskManager_topic_srv/message/install/message/share/message/cmake/export_message__rosidl_generator_pyExport.cmake
-- Installing: /home/younlea/source/ros_test/ros2_humble_test/TaskManager_topic_srv/message/install/message/share/message/cmake/export_message__rosidl_generator_pyExport-noconfig.cmake
-- Installing: /home/younlea/source/ros_test/ros2_humble_test/TaskManager_topic_srv/message/install/message/share/message/cmake/rosidl_cmake-extras.cmake
-- Installing: /home/younlea/source/ros_test/ros2_humble_test/TaskManager_topic_srv/message/install/message/share/message/cmake/ament_cmake_export_include_directories-extras.cmake
-- Installing: /home/younlea/source/ros_test/ros2_humble_test/TaskManager_topic_srv/message/install/message/share/message/cmake/ament_cmake_export_libraries-extras.cmake
-- Installing: /home/younlea/source/ros_test/ros2_humble_test/TaskManager_topic_srv/message/install/message/share/message/cmake/ament_cmake_export_targets-extras.cmake
-- Installing: /home/younlea/source/ros_test/ros2_humble_test/TaskManager_topic_srv/message/install/message/share/message/cmake/rosidl_cmake_export_typesupport_targets-extras.cmake
-- Installing: /home/younlea/source/ros_test/ros2_humble_test/TaskManager_topic_srv/message/install/message/share/message/cmake/ament_cmake_export_dependencies-extras.cmake
-- Installing: /home/younlea/source/ros_test/ros2_humble_test/TaskManager_topic_srv/message/install/message/share/message/cmake/rosidl_cmake_export_typesupport_libraries-extras.cmake
-- Installing: /home/younlea/source/ros_test/ros2_humble_test/TaskManager_topic_srv/message/install/message/share/message/cmake/messageConfig.cmake
-- Installing: /home/younlea/source/ros_test/ros2_humble_test/TaskManager_topic_srv/message/install/message/share/message/cmake/messageConfig-version.cmake
-- Installing: /home/younlea/source/ros_test/ros2_humble_test/TaskManager_topic_srv/message/install/message/share/message/package.xml
