[0.050s] Invoking command in '/home/younlea/source/ros_test/ros2_humble_test/TaskManager_topic_srv/message/build/message': CMAKE_PREFIX_PATH=${CMAKE_PREFIX_PATH}:/home/younlea/ros2_humble/install/rqt_bag_plugins:/home/younlea/ros2_humble/install/rqt_bag:/home/younlea/ros2_humble/install/ros2bag:/home/younlea/ros2_humble/install/tracetools_test:/home/younlea/ros2_humble/install/tracetools_launch:/home/younlea/ros2_humble/install/topic_monitor:/home/younlea/ros2_humble/install/tf2_tools:/home/younlea/ros2_humble/install/examples_tf2_py:/home/younlea/ros2_humble/install/tf2_ros_py:/home/younlea/ros2_humble/install/sros2:/home/younlea/ros2_humble/install/rqt_topic:/home/younlea/ros2_humble/install/rqt_srv:/home/younlea/ros2_humble/install/rqt_shell:/home/younlea/ros2_humble/install/rqt_service_caller:/home/younlea/ros2_humble/install/rqt_reconfigure:/home/younlea/ros2_humble/install/rqt_py_console:/home/younlea/ros2_humble/install/rqt_publisher:/home/younlea/ros2_humble/install/rqt_plot:/home/younlea/ros2_humble/install/rqt_action:/home/younlea/ros2_humble/install/rqt_msg:/home/younlea/ros2_humble/install/rqt_console:/home/younlea/ros2_humble/install/rqt:/home/younlea/ros2_humble/install/rqt_graph:/home/younlea/ros2_humble/install/rqt_gui_py:/home/younlea/ros2_humble/install/rqt_gui:/home/younlea/ros2_humble/install/ros2trace:/home/younlea/ros2_humble/install/ros2topic:/home/younlea/ros2_humble/install/ros2test:/home/younlea/ros2_humble/install/ros2component:/home/younlea/ros2_humble/install/ros2param:/home/younlea/ros2_humble/install/ros2lifecycle:/home/younlea/ros2_humble/install/ros2service:/home/younlea/ros2_humble/install/ros2run:/home/younlea/ros2_humble/install/ros2launch:/home/younlea/ros2_humble/install/ros2pkg:/home/younlea/ros2_humble/install/ros2node:/home/younlea/ros2_humble/install/ros2multicast:/home/younlea/ros2_humble/install/ros2interface:/home/younlea/ros2_humble/install/ros2doctor:/home/younlea/ros2_humble/install/ros2action:/home/younlea/ros2_humble/install/ros2cli:/home/younlea/ros2_humble/install/quality_of_service_demo_py:/home/younlea/ros2_humble/install/lifecycle_py:/home/younlea/ros2_humble/install/launch_testing_ros:/home/younlea/ros2_humble/install/launch_ros:/home/younlea/ros2_humble/install/examples_rclpy_pointcloud_publisher:/home/younlea/ros2_humble/install/examples_rclpy_minimal_subscriber:/home/younlea/ros2_humble/install/examples_rclpy_minimal_service:/home/younlea/ros2_humble/install/examples_rclpy_minimal_publisher:/home/younlea/ros2_humble/install/examples_rclpy_minimal_client:/home/younlea/ros2_humble/install/examples_rclpy_minimal_action_server:/home/younlea/ros2_humble/install/examples_rclpy_minimal_action_client:/home/younlea/ros2_humble/install/examples_rclpy_guard_conditions:/home/younlea/ros2_humble/install/examples_rclpy_executors:/home/younlea/ros2_humble/install/demo_nodes_py:/home/younlea/ros2_humble/install/action_tutorials_py:/home/younlea/ros2_humble/install/ament_uncrustify:/home/younlea/ros2_humble/install/tracetools_trace:/home/younlea/ros2_humble/install/tracetools_read:/home/younlea/ros2_humble/install/test_tracetools_launch:/home/younlea/ros2_humble/install/test_launch_ros:/home/younlea/ros2_humble/install/sensor_msgs_py:/home/younlea/ros2_humble/install/rpyutils:/home/younlea/ros2_humble/install/rosidl_runtime_py:/home/younlea/ros2_humble/install/rosidl_cli:/home/younlea/ros2_humble/install/launch_pytest:/home/younlea/ros2_humble/install/launch_testing:/home/younlea/ros2_humble/install/launch_yaml:/home/younlea/ros2_humble/install/launch_xml:/home/younlea/ros2_humble/install/launch:/home/younlea/ros2_humble/install/osrf_pycommon:/home/younlea/ros2_humble/install/launch_testing_examples:/home/younlea/ros2_humble/install/domain_coordinator:/home/younlea/ros2_humble/install/ament_xmllint:/home/younlea/ros2_humble/install/ament_pyflakes:/home/younlea/ros2_humble/install/ament_pycodestyle:/home/younlea/ros2_humble/install/ament_pep257:/home/younlea/ros2_humble/install/ament_pclint:/home/younlea/ros2_humble/install/ament_package:/home/younlea/ros2_humble/install/ament_mypy:/home/younlea/ros2_humble/install/ament_lint_cmake:/home/younlea/ros2_humble/install/ament_flake8:/home/younlea/ros2_humble/install/ament_copyright:/home/younlea/ros2_humble/install/ament_lint:/home/younlea/ros2_humble/install/ament_index_python:/home/younlea/ros2_humble/install/ament_cpplint:/home/younlea/ros2_humble/install/ament_cppcheck:/home/younlea/ros2_humble/install/ament_clang_tidy:/home/younlea/ros2_humble/install/ament_clang_format /home/younlea/.local/bin/cmake /home/younlea/source/ros_test/ros2_humble_test/TaskManager_topic_srv/message -DCMAKE_INSTALL_PREFIX=/home/younlea/source/ros_test/ros2_humble_test/TaskManager_topic_srv/message/install/message
[0.216s] -- Found ament_cmake: 1.3.10 (/home/younlea/ros2_humble/install/ament_cmake/share/ament_cmake/cmake)
[0.541s] -- Found rosidl_default_generators: 1.2.0 (/home/younlea/ros2_humble/install/rosidl_default_generators/share/rosidl_default_generators/cmake)
[0.682s] -- Using all available rosidl_typesupport_c: rosidl_typesupport_introspection_c;rosidl_typesupport_fastrtps_c
[0.686s] -- Found rosidl_adapter: 3.1.5 (/home/younlea/ros2_humble/install/rosidl_adapter/share/rosidl_adapter/cmake)
[0.770s] -- Using all available rosidl_typesupport_cpp: rosidl_typesupport_introspection_cpp;rosidl_typesupport_fastrtps_cpp
[1.583s] -- Found ament_cmake_ros: 0.10.0 (/home/younlea/ros2_humble/install/ament_cmake_ros/share/ament_cmake_ros/cmake)
[1.918s] -- Using all available rosidl_typesupport_c: rosidl_typesupport_introspection_c;rosidl_typesupport_fastrtps_c
[2.368s] -- Using all available rosidl_typesupport_cpp: rosidl_typesupport_introspection_cpp;rosidl_typesupport_fastrtps_cpp
[2.475s] -- Found PythonInterp: /usr/bin/python3 (found suitable version "3.10.12", minimum required is "3.6") 
[2.498s] -- Found python_cmake_module: 0.10.0 (/home/younlea/ros2_humble/install/python_cmake_module/share/python_cmake_module/cmake)
[2.627s] -- Found PythonLibs: /usr/lib/x86_64-linux-gnu/libpython3.10.so (found suitable version "3.10.12", minimum required is "3.5") 
[2.627s] -- Using PYTHON_EXECUTABLE: /usr/bin/python3
[2.627s] -- Using PYTHON_INCLUDE_DIRS: /usr/include/python3.10
[2.627s] -- Using PYTHON_LIBRARIES: /usr/lib/x86_64-linux-gnu/libpython3.10.so
[2.720s] -- Found PythonExtra: .so  
[3.162s] -- Configuring done (3.0s)
[3.206s] -- Generating done (0.0s)
[3.209s] -- Build files have been written to: /home/younlea/source/ros_test/ros2_humble_test/TaskManager_topic_srv/message/build/message
[3.220s] Invoked command in '/home/younlea/source/ros_test/ros2_humble_test/TaskManager_topic_srv/message/build/message' returned '0': CMAKE_PREFIX_PATH=${CMAKE_PREFIX_PATH}:/home/younlea/ros2_humble/install/rqt_bag_plugins:/home/younlea/ros2_humble/install/rqt_bag:/home/younlea/ros2_humble/install/ros2bag:/home/younlea/ros2_humble/install/tracetools_test:/home/younlea/ros2_humble/install/tracetools_launch:/home/younlea/ros2_humble/install/topic_monitor:/home/younlea/ros2_humble/install/tf2_tools:/home/younlea/ros2_humble/install/examples_tf2_py:/home/younlea/ros2_humble/install/tf2_ros_py:/home/younlea/ros2_humble/install/sros2:/home/younlea/ros2_humble/install/rqt_topic:/home/younlea/ros2_humble/install/rqt_srv:/home/younlea/ros2_humble/install/rqt_shell:/home/younlea/ros2_humble/install/rqt_service_caller:/home/younlea/ros2_humble/install/rqt_reconfigure:/home/younlea/ros2_humble/install/rqt_py_console:/home/younlea/ros2_humble/install/rqt_publisher:/home/younlea/ros2_humble/install/rqt_plot:/home/younlea/ros2_humble/install/rqt_action:/home/younlea/ros2_humble/install/rqt_msg:/home/younlea/ros2_humble/install/rqt_console:/home/younlea/ros2_humble/install/rqt:/home/younlea/ros2_humble/install/rqt_graph:/home/younlea/ros2_humble/install/rqt_gui_py:/home/younlea/ros2_humble/install/rqt_gui:/home/younlea/ros2_humble/install/ros2trace:/home/younlea/ros2_humble/install/ros2topic:/home/younlea/ros2_humble/install/ros2test:/home/younlea/ros2_humble/install/ros2component:/home/younlea/ros2_humble/install/ros2param:/home/younlea/ros2_humble/install/ros2lifecycle:/home/younlea/ros2_humble/install/ros2service:/home/younlea/ros2_humble/install/ros2run:/home/younlea/ros2_humble/install/ros2launch:/home/younlea/ros2_humble/install/ros2pkg:/home/younlea/ros2_humble/install/ros2node:/home/younlea/ros2_humble/install/ros2multicast:/home/younlea/ros2_humble/install/ros2interface:/home/younlea/ros2_humble/install/ros2doctor:/home/younlea/ros2_humble/install/ros2action:/home/younlea/ros2_humble/install/ros2cli:/home/younlea/ros2_humble/install/quality_of_service_demo_py:/home/younlea/ros2_humble/install/lifecycle_py:/home/younlea/ros2_humble/install/launch_testing_ros:/home/younlea/ros2_humble/install/launch_ros:/home/younlea/ros2_humble/install/examples_rclpy_pointcloud_publisher:/home/younlea/ros2_humble/install/examples_rclpy_minimal_subscriber:/home/younlea/ros2_humble/install/examples_rclpy_minimal_service:/home/younlea/ros2_humble/install/examples_rclpy_minimal_publisher:/home/younlea/ros2_humble/install/examples_rclpy_minimal_client:/home/younlea/ros2_humble/install/examples_rclpy_minimal_action_server:/home/younlea/ros2_humble/install/examples_rclpy_minimal_action_client:/home/younlea/ros2_humble/install/examples_rclpy_guard_conditions:/home/younlea/ros2_humble/install/examples_rclpy_executors:/home/younlea/ros2_humble/install/demo_nodes_py:/home/younlea/ros2_humble/install/action_tutorials_py:/home/younlea/ros2_humble/install/ament_uncrustify:/home/younlea/ros2_humble/install/tracetools_trace:/home/younlea/ros2_humble/install/tracetools_read:/home/younlea/ros2_humble/install/test_tracetools_launch:/home/younlea/ros2_humble/install/test_launch_ros:/home/younlea/ros2_humble/install/sensor_msgs_py:/home/younlea/ros2_humble/install/rpyutils:/home/younlea/ros2_humble/install/rosidl_runtime_py:/home/younlea/ros2_humble/install/rosidl_cli:/home/younlea/ros2_humble/install/launch_pytest:/home/younlea/ros2_humble/install/launch_testing:/home/younlea/ros2_humble/install/launch_yaml:/home/younlea/ros2_humble/install/launch_xml:/home/younlea/ros2_humble/install/launch:/home/younlea/ros2_humble/install/osrf_pycommon:/home/younlea/ros2_humble/install/launch_testing_examples:/home/younlea/ros2_humble/install/domain_coordinator:/home/younlea/ros2_humble/install/ament_xmllint:/home/younlea/ros2_humble/install/ament_pyflakes:/home/younlea/ros2_humble/install/ament_pycodestyle:/home/younlea/ros2_humble/install/ament_pep257:/home/younlea/ros2_humble/install/ament_pclint:/home/younlea/ros2_humble/install/ament_package:/home/younlea/ros2_humble/install/ament_mypy:/home/younlea/ros2_humble/install/ament_lint_cmake:/home/younlea/ros2_humble/install/ament_flake8:/home/younlea/ros2_humble/install/ament_copyright:/home/younlea/ros2_humble/install/ament_lint:/home/younlea/ros2_humble/install/ament_index_python:/home/younlea/ros2_humble/install/ament_cpplint:/home/younlea/ros2_humble/install/ament_cppcheck:/home/younlea/ros2_humble/install/ament_clang_tidy:/home/younlea/ros2_humble/install/ament_clang_format /home/younlea/.local/bin/cmake /home/younlea/source/ros_test/ros2_humble_test/TaskManager_topic_srv/message -DCMAKE_INSTALL_PREFIX=/home/younlea/source/ros_test/ros2_humble_test/TaskManager_topic_srv/message/install/message
[3.223s] Invoking command in '/home/younlea/source/ros_test/ros2_humble_test/TaskManager_topic_srv/message/build/message': CMAKE_PREFIX_PATH=${CMAKE_PREFIX_PATH}:/home/younlea/ros2_humble/install/rqt_bag_plugins:/home/younlea/ros2_humble/install/rqt_bag:/home/younlea/ros2_humble/install/ros2bag:/home/younlea/ros2_humble/install/tracetools_test:/home/younlea/ros2_humble/install/tracetools_launch:/home/younlea/ros2_humble/install/topic_monitor:/home/younlea/ros2_humble/install/tf2_tools:/home/younlea/ros2_humble/install/examples_tf2_py:/home/younlea/ros2_humble/install/tf2_ros_py:/home/younlea/ros2_humble/install/sros2:/home/younlea/ros2_humble/install/rqt_topic:/home/younlea/ros2_humble/install/rqt_srv:/home/younlea/ros2_humble/install/rqt_shell:/home/younlea/ros2_humble/install/rqt_service_caller:/home/younlea/ros2_humble/install/rqt_reconfigure:/home/younlea/ros2_humble/install/rqt_py_console:/home/younlea/ros2_humble/install/rqt_publisher:/home/younlea/ros2_humble/install/rqt_plot:/home/younlea/ros2_humble/install/rqt_action:/home/younlea/ros2_humble/install/rqt_msg:/home/younlea/ros2_humble/install/rqt_console:/home/younlea/ros2_humble/install/rqt:/home/younlea/ros2_humble/install/rqt_graph:/home/younlea/ros2_humble/install/rqt_gui_py:/home/younlea/ros2_humble/install/rqt_gui:/home/younlea/ros2_humble/install/ros2trace:/home/younlea/ros2_humble/install/ros2topic:/home/younlea/ros2_humble/install/ros2test:/home/younlea/ros2_humble/install/ros2component:/home/younlea/ros2_humble/install/ros2param:/home/younlea/ros2_humble/install/ros2lifecycle:/home/younlea/ros2_humble/install/ros2service:/home/younlea/ros2_humble/install/ros2run:/home/younlea/ros2_humble/install/ros2launch:/home/younlea/ros2_humble/install/ros2pkg:/home/younlea/ros2_humble/install/ros2node:/home/younlea/ros2_humble/install/ros2multicast:/home/younlea/ros2_humble/install/ros2interface:/home/younlea/ros2_humble/install/ros2doctor:/home/younlea/ros2_humble/install/ros2action:/home/younlea/ros2_humble/install/ros2cli:/home/younlea/ros2_humble/install/quality_of_service_demo_py:/home/younlea/ros2_humble/install/lifecycle_py:/home/younlea/ros2_humble/install/launch_testing_ros:/home/younlea/ros2_humble/install/launch_ros:/home/younlea/ros2_humble/install/examples_rclpy_pointcloud_publisher:/home/younlea/ros2_humble/install/examples_rclpy_minimal_subscriber:/home/younlea/ros2_humble/install/examples_rclpy_minimal_service:/home/younlea/ros2_humble/install/examples_rclpy_minimal_publisher:/home/younlea/ros2_humble/install/examples_rclpy_minimal_client:/home/younlea/ros2_humble/install/examples_rclpy_minimal_action_server:/home/younlea/ros2_humble/install/examples_rclpy_minimal_action_client:/home/younlea/ros2_humble/install/examples_rclpy_guard_conditions:/home/younlea/ros2_humble/install/examples_rclpy_executors:/home/younlea/ros2_humble/install/demo_nodes_py:/home/younlea/ros2_humble/install/action_tutorials_py:/home/younlea/ros2_humble/install/ament_uncrustify:/home/younlea/ros2_humble/install/tracetools_trace:/home/younlea/ros2_humble/install/tracetools_read:/home/younlea/ros2_humble/install/test_tracetools_launch:/home/younlea/ros2_humble/install/test_launch_ros:/home/younlea/ros2_humble/install/sensor_msgs_py:/home/younlea/ros2_humble/install/rpyutils:/home/younlea/ros2_humble/install/rosidl_runtime_py:/home/younlea/ros2_humble/install/rosidl_cli:/home/younlea/ros2_humble/install/launch_pytest:/home/younlea/ros2_humble/install/launch_testing:/home/younlea/ros2_humble/install/launch_yaml:/home/younlea/ros2_humble/install/launch_xml:/home/younlea/ros2_humble/install/launch:/home/younlea/ros2_humble/install/osrf_pycommon:/home/younlea/ros2_humble/install/launch_testing_examples:/home/younlea/ros2_humble/install/domain_coordinator:/home/younlea/ros2_humble/install/ament_xmllint:/home/younlea/ros2_humble/install/ament_pyflakes:/home/younlea/ros2_humble/install/ament_pycodestyle:/home/younlea/ros2_humble/install/ament_pep257:/home/younlea/ros2_humble/install/ament_pclint:/home/younlea/ros2_humble/install/ament_package:/home/younlea/ros2_humble/install/ament_mypy:/home/younlea/ros2_humble/install/ament_lint_cmake:/home/younlea/ros2_humble/install/ament_flake8:/home/younlea/ros2_humble/install/ament_copyright:/home/younlea/ros2_humble/install/ament_lint:/home/younlea/ros2_humble/install/ament_index_python:/home/younlea/ros2_humble/install/ament_cpplint:/home/younlea/ros2_humble/install/ament_cppcheck:/home/younlea/ros2_humble/install/ament_clang_tidy:/home/younlea/ros2_humble/install/ament_clang_format /home/younlea/.local/bin/cmake --build /home/younlea/source/ros_test/ros2_humble_test/TaskManager_topic_srv/message/build/message -- -j8 -l8
[3.415s] [  1%] [34m[1mGenerating C code for ROS interfaces[0m
[3.436s] [  3%] [34m[1mGenerating C++ code for ROS interfaces[0m
[3.446s] [  3%] Built target ament_cmake_python_copy_message
[4.104s] [  3%] Built target message__cpp
[4.129s] [  7%] [32mBuilding C object CMakeFiles/message__rosidl_generator_c.dir/rosidl_generator_c/message/msg/detail/data_ab__functions.c.o[0m
[4.131s] [  7%] [32mBuilding C object CMakeFiles/message__rosidl_generator_c.dir/rosidl_generator_c/message/srv/detail/data_ab__functions.c.o[0m
[4.132s] [  9%] [32mBuilding C object CMakeFiles/message__rosidl_generator_c.dir/rosidl_generator_c/message/srv/detail/data_ba__functions.c.o[0m
[4.133s] [ 10%] [34m[1mGenerating C++ type support dispatch for ROS interfaces[0m
[4.135s] [ 12%] [34m[1mGenerating C++ introspection for ROS interfaces[0m
[4.136s] [ 14%] [34m[1mGenerating C++ type support for eProsima Fast-RTPS[0m
[4.138s] [ 16%] [32mBuilding C object CMakeFiles/message__rosidl_generator_c.dir/rosidl_generator_c/message/msg/detail/data_ba__functions.c.o[0m
[4.198s] running egg_info
[4.199s] creating message.egg-info
[4.200s] writing message.egg-info/PKG-INFO
[4.201s] writing dependency_links to message.egg-info/dependency_links.txt
[4.202s] writing top-level names to message.egg-info/top_level.txt
[4.203s] writing manifest file 'message.egg-info/SOURCES.txt'
[4.204s] reading manifest file 'message.egg-info/SOURCES.txt'
[4.206s] writing manifest file 'message.egg-info/SOURCES.txt'
[4.251s] [ 16%] Built target ament_cmake_python_build_message_egg
[4.270s] [ 18%] [32m[1mLinking C shared library libmessage__rosidl_generator_c.so[0m
[4.329s] [ 18%] Built target message__rosidl_generator_c
[4.356s] [ 20%] [34m[1mGenerating C type support for eProsima Fast-RTPS[0m
[4.356s] [ 21%] [34m[1mGenerating C type support dispatch for ROS interfaces[0m
[4.358s] [ 23%] [34m[1mGenerating C introspection for ROS interfaces[0m
[4.788s] [ 27%] [32mBuilding CXX object CMakeFiles/message__rosidl_typesupport_cpp.dir/rosidl_typesupport_cpp/message/srv/data_ab__type_support.cpp.o[0m
[4.789s] [ 29%] [32mBuilding CXX object CMakeFiles/message__rosidl_typesupport_cpp.dir/rosidl_typesupport_cpp/message/msg/data_ba__type_support.cpp.o[0m
[4.789s] [ 27%] [32mBuilding CXX object CMakeFiles/message__rosidl_typesupport_cpp.dir/rosidl_typesupport_cpp/message/msg/data_ab__type_support.cpp.o[0m
[5.183s] [ 30%] [32mBuilding CXX object CMakeFiles/message__rosidl_typesupport_introspection_cpp.dir/rosidl_typesupport_introspection_cpp/message/msg/detail/data_ab__type_support.cpp.o[0m
[5.238s] [ 32%] [32mBuilding CXX object CMakeFiles/message__rosidl_typesupport_introspection_cpp.dir/rosidl_typesupport_introspection_cpp/message/msg/detail/data_ba__type_support.cpp.o[0m
[5.262s] [ 34%] [32mBuilding CXX object CMakeFiles/message__rosidl_typesupport_c.dir/rosidl_typesupport_c/message/msg/data_ab__type_support.cpp.o[0m
[5.283s] [ 36%] [32mBuilding CXX object CMakeFiles/message__rosidl_typesupport_fastrtps_c.dir/rosidl_typesupport_fastrtps_c/message/msg/detail/data_ab__type_support_c.cpp.o[0m
[5.285s] [ 38%] [32mBuilding CXX object CMakeFiles/message__rosidl_typesupport_fastrtps_cpp.dir/rosidl_typesupport_fastrtps_cpp/message/msg/detail/dds_fastrtps/data_ab__type_support.cpp.o[0m
[5.305s] [ 40%] [32mBuilding CXX object CMakeFiles/message__rosidl_typesupport_c.dir/rosidl_typesupport_c/message/msg/data_ba__type_support.cpp.o[0m
[5.312s] [ 41%] [32mBuilding CXX object CMakeFiles/message__rosidl_typesupport_cpp.dir/rosidl_typesupport_cpp/message/srv/data_ba__type_support.cpp.o[0m
[5.386s] [ 43%] [32mBuilding CXX object CMakeFiles/message__rosidl_typesupport_fastrtps_cpp.dir/rosidl_typesupport_fastrtps_cpp/message/msg/detail/dds_fastrtps/data_ba__type_support.cpp.o[0m
[5.393s] [ 45%] [32mBuilding CXX object CMakeFiles/message__rosidl_typesupport_c.dir/rosidl_typesupport_c/message/srv/data_ab__type_support.cpp.o[0m
[5.492s] [ 47%] [32mBuilding CXX object CMakeFiles/message__rosidl_typesupport_c.dir/rosidl_typesupport_c/message/srv/data_ba__type_support.cpp.o[0m
[5.505s] [ 49%] [32mBuilding C object CMakeFiles/message__rosidl_typesupport_introspection_c.dir/rosidl_typesupport_introspection_c/message/msg/detail/data_ab__type_support.c.o[0m
[5.592s] [ 50%] [32m[1mLinking CXX shared library libmessage__rosidl_typesupport_c.so[0m
[5.619s] [ 52%] [32mBuilding C object CMakeFiles/message__rosidl_typesupport_introspection_c.dir/rosidl_typesupport_introspection_c/message/msg/detail/data_ba__type_support.c.o[0m
[5.695s] [ 52%] Built target message__rosidl_typesupport_c
[5.708s] [ 54%] [32mBuilding C object CMakeFiles/message__rosidl_typesupport_introspection_c.dir/rosidl_typesupport_introspection_c/message/srv/detail/data_ab__type_support.c.o[0m
[5.719s] [ 56%] [32mBuilding C object CMakeFiles/message__rosidl_typesupport_introspection_c.dir/rosidl_typesupport_introspection_c/message/srv/detail/data_ba__type_support.c.o[0m
[5.805s] [ 58%] [32mBuilding CXX object CMakeFiles/message__rosidl_typesupport_fastrtps_cpp.dir/rosidl_typesupport_fastrtps_cpp/message/srv/detail/dds_fastrtps/data_ab__type_support.cpp.o[0m
[5.813s] [ 60%] [32m[1mLinking C shared library libmessage__rosidl_typesupport_introspection_c.so[0m
[5.863s] [ 61%] [32m[1mLinking CXX shared library libmessage__rosidl_typesupport_cpp.so[0m
[5.894s] [ 63%] [32mBuilding CXX object CMakeFiles/message__rosidl_typesupport_fastrtps_c.dir/rosidl_typesupport_fastrtps_c/message/msg/detail/data_ba__type_support_c.cpp.o[0m
[5.903s] [ 63%] Built target message__rosidl_typesupport_introspection_c
[5.908s] [ 65%] [32mBuilding CXX object CMakeFiles/message__rosidl_typesupport_introspection_cpp.dir/rosidl_typesupport_introspection_cpp/message/srv/detail/data_ab__type_support.cpp.o[0m
[5.924s] [ 69%] [32mBuilding CXX object CMakeFiles/message__rosidl_typesupport_fastrtps_c.dir/rosidl_typesupport_fastrtps_c/message/srv/detail/data_ab__type_support_c.cpp.o[0m
[5.924s] [ 69%] [32mBuilding CXX object CMakeFiles/message__rosidl_typesupport_introspection_cpp.dir/rosidl_typesupport_introspection_cpp/message/srv/detail/data_ba__type_support.cpp.o[0m
[5.956s] [ 70%] [32mBuilding CXX object CMakeFiles/message__rosidl_typesupport_fastrtps_cpp.dir/rosidl_typesupport_fastrtps_cpp/message/srv/detail/dds_fastrtps/data_ba__type_support.cpp.o[0m
[5.977s] [ 70%] Built target message__rosidl_typesupport_cpp
[6.001s] [ 72%] [32mBuilding CXX object CMakeFiles/message__rosidl_typesupport_fastrtps_c.dir/rosidl_typesupport_fastrtps_c/message/srv/detail/data_ba__type_support_c.cpp.o[0m
[6.545s] [ 74%] [32m[1mLinking CXX shared library libmessage__rosidl_typesupport_fastrtps_c.so[0m
[6.546s] [ 76%] [32m[1mLinking CXX shared library libmessage__rosidl_typesupport_introspection_cpp.so[0m
[6.607s] [ 78%] [32m[1mLinking CXX shared library libmessage__rosidl_typesupport_fastrtps_cpp.so[0m
[6.616s] [ 78%] Built target message__rosidl_typesupport_introspection_cpp
[6.660s] [ 78%] Built target message__rosidl_typesupport_fastrtps_c
[6.712s] [ 78%] Built target message__rosidl_typesupport_fastrtps_cpp
[6.751s] [ 78%] Built target message
[6.790s] [ 80%] [34m[1mGenerating Python code for ROS interfaces[0m
[7.584s] [ 80%] Built target message__py
[7.624s] [ 81%] [32mBuilding C object CMakeFiles/message__rosidl_generator_py.dir/rosidl_generator_py/message/msg/_data_ab_s.c.o[0m
[7.624s] [ 85%] [32mBuilding C object CMakeFiles/message__rosidl_generator_py.dir/rosidl_generator_py/message/srv/_data_ab_s.c.o[0m
[7.624s] [ 85%] [32mBuilding C object CMakeFiles/message__rosidl_generator_py.dir/rosidl_generator_py/message/msg/_data_ba_s.c.o[0m
[7.625s] [ 87%] [32mBuilding C object CMakeFiles/message__rosidl_generator_py.dir/rosidl_generator_py/message/srv/_data_ba_s.c.o[0m
[7.764s] [ 89%] [32m[1mLinking C shared library rosidl_generator_py/message/libmessage__rosidl_generator_py.so[0m
[7.824s] [ 89%] Built target message__rosidl_generator_py
[7.865s] [ 90%] [32mBuilding C object CMakeFiles/message__rosidl_typesupport_fastrtps_c__pyext.dir/rosidl_generator_py/message/_message_s.ep.rosidl_typesupport_fastrtps_c.c.o[0m
[7.865s] [ 94%] [32mBuilding C object CMakeFiles/message__rosidl_typesupport_c__pyext.dir/rosidl_generator_py/message/_message_s.ep.rosidl_typesupport_c.c.o[0m
[7.865s] [ 94%] [32mBuilding C object CMakeFiles/message__rosidl_typesupport_introspection_c__pyext.dir/rosidl_generator_py/message/_message_s.ep.rosidl_typesupport_introspection_c.c.o[0m
[8.005s] [ 96%] [32m[1mLinking C shared library rosidl_generator_py/message/message_s__rosidl_typesupport_c.cpython-310-x86_64-linux-gnu.so[0m
[8.006s] [ 98%] [32m[1mLinking C shared library rosidl_generator_py/message/message_s__rosidl_typesupport_introspection_c.cpython-310-x86_64-linux-gnu.so[0m
[8.015s] [100%] [32m[1mLinking C shared library rosidl_generator_py/message/message_s__rosidl_typesupport_fastrtps_c.cpython-310-x86_64-linux-gnu.so[0m
[8.063s] [100%] Built target message__rosidl_typesupport_c__pyext
[8.065s] [100%] Built target message__rosidl_typesupport_introspection_c__pyext
[8.074s] [100%] Built target message__rosidl_typesupport_fastrtps_c__pyext
[8.090s] Invoked command in '/home/younlea/source/ros_test/ros2_humble_test/TaskManager_topic_srv/message/build/message' returned '0': CMAKE_PREFIX_PATH=${CMAKE_PREFIX_PATH}:/home/younlea/ros2_humble/install/rqt_bag_plugins:/home/younlea/ros2_humble/install/rqt_bag:/home/younlea/ros2_humble/install/ros2bag:/home/younlea/ros2_humble/install/tracetools_test:/home/younlea/ros2_humble/install/tracetools_launch:/home/younlea/ros2_humble/install/topic_monitor:/home/younlea/ros2_humble/install/tf2_tools:/home/younlea/ros2_humble/install/examples_tf2_py:/home/younlea/ros2_humble/install/tf2_ros_py:/home/younlea/ros2_humble/install/sros2:/home/younlea/ros2_humble/install/rqt_topic:/home/younlea/ros2_humble/install/rqt_srv:/home/younlea/ros2_humble/install/rqt_shell:/home/younlea/ros2_humble/install/rqt_service_caller:/home/younlea/ros2_humble/install/rqt_reconfigure:/home/younlea/ros2_humble/install/rqt_py_console:/home/younlea/ros2_humble/install/rqt_publisher:/home/younlea/ros2_humble/install/rqt_plot:/home/younlea/ros2_humble/install/rqt_action:/home/younlea/ros2_humble/install/rqt_msg:/home/younlea/ros2_humble/install/rqt_console:/home/younlea/ros2_humble/install/rqt:/home/younlea/ros2_humble/install/rqt_graph:/home/younlea/ros2_humble/install/rqt_gui_py:/home/younlea/ros2_humble/install/rqt_gui:/home/younlea/ros2_humble/install/ros2trace:/home/younlea/ros2_humble/install/ros2topic:/home/younlea/ros2_humble/install/ros2test:/home/younlea/ros2_humble/install/ros2component:/home/younlea/ros2_humble/install/ros2param:/home/younlea/ros2_humble/install/ros2lifecycle:/home/younlea/ros2_humble/install/ros2service:/home/younlea/ros2_humble/install/ros2run:/home/younlea/ros2_humble/install/ros2launch:/home/younlea/ros2_humble/install/ros2pkg:/home/younlea/ros2_humble/install/ros2node:/home/younlea/ros2_humble/install/ros2multicast:/home/younlea/ros2_humble/install/ros2interface:/home/younlea/ros2_humble/install/ros2doctor:/home/younlea/ros2_humble/install/ros2action:/home/younlea/ros2_humble/install/ros2cli:/home/younlea/ros2_humble/install/quality_of_service_demo_py:/home/younlea/ros2_humble/install/lifecycle_py:/home/younlea/ros2_humble/install/launch_testing_ros:/home/younlea/ros2_humble/install/launch_ros:/home/younlea/ros2_humble/install/examples_rclpy_pointcloud_publisher:/home/younlea/ros2_humble/install/examples_rclpy_minimal_subscriber:/home/younlea/ros2_humble/install/examples_rclpy_minimal_service:/home/younlea/ros2_humble/install/examples_rclpy_minimal_publisher:/home/younlea/ros2_humble/install/examples_rclpy_minimal_client:/home/younlea/ros2_humble/install/examples_rclpy_minimal_action_server:/home/younlea/ros2_humble/install/examples_rclpy_minimal_action_client:/home/younlea/ros2_humble/install/examples_rclpy_guard_conditions:/home/younlea/ros2_humble/install/examples_rclpy_executors:/home/younlea/ros2_humble/install/demo_nodes_py:/home/younlea/ros2_humble/install/action_tutorials_py:/home/younlea/ros2_humble/install/ament_uncrustify:/home/younlea/ros2_humble/install/tracetools_trace:/home/younlea/ros2_humble/install/tracetools_read:/home/younlea/ros2_humble/install/test_tracetools_launch:/home/younlea/ros2_humble/install/test_launch_ros:/home/younlea/ros2_humble/install/sensor_msgs_py:/home/younlea/ros2_humble/install/rpyutils:/home/younlea/ros2_humble/install/rosidl_runtime_py:/home/younlea/ros2_humble/install/rosidl_cli:/home/younlea/ros2_humble/install/launch_pytest:/home/younlea/ros2_humble/install/launch_testing:/home/younlea/ros2_humble/install/launch_yaml:/home/younlea/ros2_humble/install/launch_xml:/home/younlea/ros2_humble/install/launch:/home/younlea/ros2_humble/install/osrf_pycommon:/home/younlea/ros2_humble/install/launch_testing_examples:/home/younlea/ros2_humble/install/domain_coordinator:/home/younlea/ros2_humble/install/ament_xmllint:/home/younlea/ros2_humble/install/ament_pyflakes:/home/younlea/ros2_humble/install/ament_pycodestyle:/home/younlea/ros2_humble/install/ament_pep257:/home/younlea/ros2_humble/install/ament_pclint:/home/younlea/ros2_humble/install/ament_package:/home/younlea/ros2_humble/install/ament_mypy:/home/younlea/ros2_humble/install/ament_lint_cmake:/home/younlea/ros2_humble/install/ament_flake8:/home/younlea/ros2_humble/install/ament_copyright:/home/younlea/ros2_humble/install/ament_lint:/home/younlea/ros2_humble/install/ament_index_python:/home/younlea/ros2_humble/install/ament_cpplint:/home/younlea/ros2_humble/install/ament_cppcheck:/home/younlea/ros2_humble/install/ament_clang_tidy:/home/younlea/ros2_humble/install/ament_clang_format /home/younlea/.local/bin/cmake --build /home/younlea/source/ros_test/ros2_humble_test/TaskManager_topic_srv/message/build/message -- -j8 -l8
[9.057s] Invoking command in '/home/younlea/source/ros_test/ros2_humble_test/TaskManager_topic_srv/message/build/message': CMAKE_PREFIX_PATH=${CMAKE_PREFIX_PATH}:/home/younlea/ros2_humble/install/rqt_bag_plugins:/home/younlea/ros2_humble/install/rqt_bag:/home/younlea/ros2_humble/install/ros2bag:/home/younlea/ros2_humble/install/tracetools_test:/home/younlea/ros2_humble/install/tracetools_launch:/home/younlea/ros2_humble/install/topic_monitor:/home/younlea/ros2_humble/install/tf2_tools:/home/younlea/ros2_humble/install/examples_tf2_py:/home/younlea/ros2_humble/install/tf2_ros_py:/home/younlea/ros2_humble/install/sros2:/home/younlea/ros2_humble/install/rqt_topic:/home/younlea/ros2_humble/install/rqt_srv:/home/younlea/ros2_humble/install/rqt_shell:/home/younlea/ros2_humble/install/rqt_service_caller:/home/younlea/ros2_humble/install/rqt_reconfigure:/home/younlea/ros2_humble/install/rqt_py_console:/home/younlea/ros2_humble/install/rqt_publisher:/home/younlea/ros2_humble/install/rqt_plot:/home/younlea/ros2_humble/install/rqt_action:/home/younlea/ros2_humble/install/rqt_msg:/home/younlea/ros2_humble/install/rqt_console:/home/younlea/ros2_humble/install/rqt:/home/younlea/ros2_humble/install/rqt_graph:/home/younlea/ros2_humble/install/rqt_gui_py:/home/younlea/ros2_humble/install/rqt_gui:/home/younlea/ros2_humble/install/ros2trace:/home/younlea/ros2_humble/install/ros2topic:/home/younlea/ros2_humble/install/ros2test:/home/younlea/ros2_humble/install/ros2component:/home/younlea/ros2_humble/install/ros2param:/home/younlea/ros2_humble/install/ros2lifecycle:/home/younlea/ros2_humble/install/ros2service:/home/younlea/ros2_humble/install/ros2run:/home/younlea/ros2_humble/install/ros2launch:/home/younlea/ros2_humble/install/ros2pkg:/home/younlea/ros2_humble/install/ros2node:/home/younlea/ros2_humble/install/ros2multicast:/home/younlea/ros2_humble/install/ros2interface:/home/younlea/ros2_humble/install/ros2doctor:/home/younlea/ros2_humble/install/ros2action:/home/younlea/ros2_humble/install/ros2cli:/home/younlea/ros2_humble/install/quality_of_service_demo_py:/home/younlea/ros2_humble/install/lifecycle_py:/home/younlea/ros2_humble/install/launch_testing_ros:/home/younlea/ros2_humble/install/launch_ros:/home/younlea/ros2_humble/install/examples_rclpy_pointcloud_publisher:/home/younlea/ros2_humble/install/examples_rclpy_minimal_subscriber:/home/younlea/ros2_humble/install/examples_rclpy_minimal_service:/home/younlea/ros2_humble/install/examples_rclpy_minimal_publisher:/home/younlea/ros2_humble/install/examples_rclpy_minimal_client:/home/younlea/ros2_humble/install/examples_rclpy_minimal_action_server:/home/younlea/ros2_humble/install/examples_rclpy_minimal_action_client:/home/younlea/ros2_humble/install/examples_rclpy_guard_conditions:/home/younlea/ros2_humble/install/examples_rclpy_executors:/home/younlea/ros2_humble/install/demo_nodes_py:/home/younlea/ros2_humble/install/action_tutorials_py:/home/younlea/ros2_humble/install/ament_uncrustify:/home/younlea/ros2_humble/install/tracetools_trace:/home/younlea/ros2_humble/install/tracetools_read:/home/younlea/ros2_humble/install/test_tracetools_launch:/home/younlea/ros2_humble/install/test_launch_ros:/home/younlea/ros2_humble/install/sensor_msgs_py:/home/younlea/ros2_humble/install/rpyutils:/home/younlea/ros2_humble/install/rosidl_runtime_py:/home/younlea/ros2_humble/install/rosidl_cli:/home/younlea/ros2_humble/install/launch_pytest:/home/younlea/ros2_humble/install/launch_testing:/home/younlea/ros2_humble/install/launch_yaml:/home/younlea/ros2_humble/install/launch_xml:/home/younlea/ros2_humble/install/launch:/home/younlea/ros2_humble/install/osrf_pycommon:/home/younlea/ros2_humble/install/launch_testing_examples:/home/younlea/ros2_humble/install/domain_coordinator:/home/younlea/ros2_humble/install/ament_xmllint:/home/younlea/ros2_humble/install/ament_pyflakes:/home/younlea/ros2_humble/install/ament_pycodestyle:/home/younlea/ros2_humble/install/ament_pep257:/home/younlea/ros2_humble/install/ament_pclint:/home/younlea/ros2_humble/install/ament_package:/home/younlea/ros2_humble/install/ament_mypy:/home/younlea/ros2_humble/install/ament_lint_cmake:/home/younlea/ros2_humble/install/ament_flake8:/home/younlea/ros2_humble/install/ament_copyright:/home/younlea/ros2_humble/install/ament_lint:/home/younlea/ros2_humble/install/ament_index_python:/home/younlea/ros2_humble/install/ament_cpplint:/home/younlea/ros2_humble/install/ament_cppcheck:/home/younlea/ros2_humble/install/ament_clang_tidy:/home/younlea/ros2_humble/install/ament_clang_format /home/younlea/.local/bin/cmake --install /home/younlea/source/ros_test/ros2_humble_test/TaskManager_topic_srv/message/build/message
[9.185s] -- Install configuration: ""
[9.185s] -- Installing: /home/younlea/source/ros_test/ros2_humble_test/TaskManager_topic_srv/message/install/message/share/ament_index/resource_index/rosidl_interfaces/message
[9.185s] -- Installing: /home/younlea/source/ros_test/ros2_humble_test/TaskManager_topic_srv/message/install/message/include/message/message
[9.185s] -- Installing: /home/younlea/source/ros_test/ros2_humble_test/TaskManager_topic_srv/message/install/message/include/message/message/srv
[9.186s] -- Installing: /home/younlea/source/ros_test/ros2_humble_test/TaskManager_topic_srv/message/install/message/include/message/message/srv/data_ba.h
[9.186s] -- Installing: /home/younlea/source/ros_test/ros2_humble_test/TaskManager_topic_srv/message/install/message/include/message/message/srv/detail
[9.186s] -- Installing: /home/younlea/source/ros_test/ros2_humble_test/TaskManager_topic_srv/message/install/message/include/message/message/srv/detail/data_ba__functions.h
[9.186s] -- Installing: /home/younlea/source/ros_test/ros2_humble_test/TaskManager_topic_srv/message/install/message/include/message/message/srv/detail/data_ba__type_support.h
[9.187s] -- Installing: /home/younlea/source/ros_test/ros2_humble_test/TaskManager_topic_srv/message/install/message/include/message/message/srv/detail/data_ba__functions.c
[9.187s] -- Installing: /home/younlea/source/ros_test/ros2_humble_test/TaskManager_topic_srv/message/install/message/include/message/message/srv/detail/data_ab__struct.h
[9.187s] -- Installing: /home/younlea/source/ros_test/ros2_humble_test/TaskManager_topic_srv/message/install/message/include/message/message/srv/detail/data_ab__type_support.h
[9.187s] -- Installing: /home/younlea/source/ros_test/ros2_humble_test/TaskManager_topic_srv/message/install/message/include/message/message/srv/detail/data_ab__functions.h
[9.187s] -- Installing: /home/younlea/source/ros_test/ros2_humble_test/TaskManager_topic_srv/message/install/message/include/message/message/srv/detail/data_ab__functions.c
[9.187s] -- Installing: /home/younlea/source/ros_test/ros2_humble_test/TaskManager_topic_srv/message/install/message/include/message/message/srv/detail/data_ba__struct.h
[9.187s] -- Installing: /home/younlea/source/ros_test/ros2_humble_test/TaskManager_topic_srv/message/install/message/include/message/message/srv/data_ab.h
[9.187s] -- Installing: /home/younlea/source/ros_test/ros2_humble_test/TaskManager_topic_srv/message/install/message/include/message/message/msg
[9.187s] -- Installing: /home/younlea/source/ros_test/ros2_humble_test/TaskManager_topic_srv/message/install/message/include/message/message/msg/data_ba.h
[9.187s] -- Installing: /home/younlea/source/ros_test/ros2_humble_test/TaskManager_topic_srv/message/install/message/include/message/message/msg/detail
[9.188s] -- Installing: /home/younlea/source/ros_test/ros2_humble_test/TaskManager_topic_srv/message/install/message/include/message/message/msg/detail/data_ba__functions.h
[9.188s] -- Installing: /home/younlea/source/ros_test/ros2_humble_test/TaskManager_topic_srv/message/install/message/include/message/message/msg/detail/data_ba__type_support.h
[9.188s] -- Installing: /home/younlea/source/ros_test/ros2_humble_test/TaskManager_topic_srv/message/install/message/include/message/message/msg/detail/data_ba__functions.c
[9.188s] -- Installing: /home/younlea/source/ros_test/ros2_humble_test/TaskManager_topic_srv/message/install/message/include/message/message/msg/detail/data_ab__struct.h
[9.188s] -- Installing: /home/younlea/source/ros_test/ros2_humble_test/TaskManager_topic_srv/message/install/message/include/message/message/msg/detail/data_ab__type_support.h
[9.188s] -- Installing: /home/younlea/source/ros_test/ros2_humble_test/TaskManager_topic_srv/message/install/message/include/message/message/msg/detail/data_ab__functions.h
[9.189s] -- Installing: /home/younlea/source/ros_test/ros2_humble_test/TaskManager_topic_srv/message/install/message/include/message/message/msg/detail/data_ab__functions.c
[9.189s] -- Installing: /home/younlea/source/ros_test/ros2_humble_test/TaskManager_topic_srv/message/install/message/include/message/message/msg/detail/data_ba__struct.h
[9.189s] -- Installing: /home/younlea/source/ros_test/ros2_humble_test/TaskManager_topic_srv/message/install/message/include/message/message/msg/rosidl_generator_c__visibility_control.h
[9.189s] -- Installing: /home/younlea/source/ros_test/ros2_humble_test/TaskManager_topic_srv/message/install/message/include/message/message/msg/data_ab.h
[9.189s] -- Installing: /home/younlea/source/ros_test/ros2_humble_test/TaskManager_topic_srv/message/install/message/share/message/environment/library_path.sh
[9.190s] -- Installing: /home/younlea/source/ros_test/ros2_humble_test/TaskManager_topic_srv/message/install/message/share/message/environment/library_path.dsv
[9.190s] -- Installing: /home/younlea/source/ros_test/ros2_humble_test/TaskManager_topic_srv/message/install/message/lib/libmessage__rosidl_generator_c.so
[9.191s] -- Set runtime path of "/home/younlea/source/ros_test/ros2_humble_test/TaskManager_topic_srv/message/install/message/lib/libmessage__rosidl_generator_c.so" to ""
[9.191s] -- Up-to-date: /home/younlea/source/ros_test/ros2_humble_test/TaskManager_topic_srv/message/install/message/include/message/message
[9.191s] -- Up-to-date: /home/younlea/source/ros_test/ros2_humble_test/TaskManager_topic_srv/message/install/message/include/message/message/srv
[9.191s] -- Up-to-date: /home/younlea/source/ros_test/ros2_humble_test/TaskManager_topic_srv/message/install/message/include/message/message/srv/detail
[9.191s] -- Installing: /home/younlea/source/ros_test/ros2_humble_test/TaskManager_topic_srv/message/install/message/include/message/message/srv/detail/data_ba__rosidl_typesupport_introspection_c.h
[9.191s] -- Installing: /home/younlea/source/ros_test/ros2_humble_test/TaskManager_topic_srv/message/install/message/include/message/message/srv/detail/data_ab__rosidl_typesupport_introspection_c.h
[9.191s] -- Installing: /home/younlea/source/ros_test/ros2_humble_test/TaskManager_topic_srv/message/install/message/include/message/message/srv/detail/data_ba__type_support.c
[9.191s] -- Installing: /home/younlea/source/ros_test/ros2_humble_test/TaskManager_topic_srv/message/install/message/include/message/message/srv/detail/data_ab__type_support.c
[9.192s] -- Up-to-date: /home/younlea/source/ros_test/ros2_humble_test/TaskManager_topic_srv/message/install/message/include/message/message/msg
[9.192s] -- Up-to-date: /home/younlea/source/ros_test/ros2_humble_test/TaskManager_topic_srv/message/install/message/include/message/message/msg/detail
[9.192s] -- Installing: /home/younlea/source/ros_test/ros2_humble_test/TaskManager_topic_srv/message/install/message/include/message/message/msg/detail/data_ba__rosidl_typesupport_introspection_c.h
[9.192s] -- Installing: /home/younlea/source/ros_test/ros2_humble_test/TaskManager_topic_srv/message/install/message/include/message/message/msg/detail/data_ab__rosidl_typesupport_introspection_c.h
[9.192s] -- Installing: /home/younlea/source/ros_test/ros2_humble_test/TaskManager_topic_srv/message/install/message/include/message/message/msg/detail/data_ba__type_support.c
[9.192s] -- Installing: /home/younlea/source/ros_test/ros2_humble_test/TaskManager_topic_srv/message/install/message/include/message/message/msg/detail/data_ab__type_support.c
[9.192s] -- Installing: /home/younlea/source/ros_test/ros2_humble_test/TaskManager_topic_srv/message/install/message/include/message/message/msg/rosidl_typesupport_introspection_c__visibility_control.h
[9.192s] -- Installing: /home/younlea/source/ros_test/ros2_humble_test/TaskManager_topic_srv/message/install/message/lib/libmessage__rosidl_typesupport_introspection_c.so
[9.193s] -- Set runtime path of "/home/younlea/source/ros_test/ros2_humble_test/TaskManager_topic_srv/message/install/message/lib/libmessage__rosidl_typesupport_introspection_c.so" to ""
[9.193s] -- Up-to-date: /home/younlea/source/ros_test/ros2_humble_test/TaskManager_topic_srv/message/install/message/include/message/message
[9.193s] -- Up-to-date: /home/younlea/source/ros_test/ros2_humble_test/TaskManager_topic_srv/message/install/message/include/message/message/srv
[9.193s] -- Up-to-date: /home/younlea/source/ros_test/ros2_humble_test/TaskManager_topic_srv/message/install/message/include/message/message/srv/detail
[9.193s] -- Installing: /home/younlea/source/ros_test/ros2_humble_test/TaskManager_topic_srv/message/install/message/include/message/message/srv/detail/data_ba__rosidl_typesupport_fastrtps_c.h
[9.193s] -- Installing: /home/younlea/source/ros_test/ros2_humble_test/TaskManager_topic_srv/message/install/message/include/message/message/srv/detail/data_ab__rosidl_typesupport_fastrtps_c.h
[9.193s] -- Up-to-date: /home/younlea/source/ros_test/ros2_humble_test/TaskManager_topic_srv/message/install/message/include/message/message/msg
[9.194s] -- Up-to-date: /home/younlea/source/ros_test/ros2_humble_test/TaskManager_topic_srv/message/install/message/include/message/message/msg/detail
[9.194s] -- Installing: /home/younlea/source/ros_test/ros2_humble_test/TaskManager_topic_srv/message/install/message/include/message/message/msg/detail/data_ba__rosidl_typesupport_fastrtps_c.h
[9.194s] -- Installing: /home/younlea/source/ros_test/ros2_humble_test/TaskManager_topic_srv/message/install/message/include/message/message/msg/detail/data_ab__rosidl_typesupport_fastrtps_c.h
[9.194s] -- Installing: /home/younlea/source/ros_test/ros2_humble_test/TaskManager_topic_srv/message/install/message/include/message/message/msg/rosidl_typesupport_fastrtps_c__visibility_control.h
[9.194s] -- Installing: /home/younlea/source/ros_test/ros2_humble_test/TaskManager_topic_srv/message/install/message/lib/libmessage__rosidl_typesupport_fastrtps_c.so
[9.195s] -- Set runtime path of "/home/younlea/source/ros_test/ros2_humble_test/TaskManager_topic_srv/message/install/message/lib/libmessage__rosidl_typesupport_fastrtps_c.so" to ""
[9.195s] -- Installing: /home/younlea/source/ros_test/ros2_humble_test/TaskManager_topic_srv/message/install/message/lib/libmessage__rosidl_typesupport_c.so
[9.196s] -- Set runtime path of "/home/younlea/source/ros_test/ros2_humble_test/TaskManager_topic_srv/message/install/message/lib/libmessage__rosidl_typesupport_c.so" to ""
[9.196s] -- Up-to-date: /home/younlea/source/ros_test/ros2_humble_test/TaskManager_topic_srv/message/install/message/include/message/message
[9.196s] -- Up-to-date: /home/younlea/source/ros_test/ros2_humble_test/TaskManager_topic_srv/message/install/message/include/message/message/srv
[9.196s] -- Up-to-date: /home/younlea/source/ros_test/ros2_humble_test/TaskManager_topic_srv/message/install/message/include/message/message/srv/detail
[9.196s] -- Installing: /home/younlea/source/ros_test/ros2_humble_test/TaskManager_topic_srv/message/install/message/include/message/message/srv/detail/data_ab__struct.hpp
[9.196s] -- Installing: /home/younlea/source/ros_test/ros2_humble_test/TaskManager_topic_srv/message/install/message/include/message/message/srv/detail/data_ba__builder.hpp
[9.196s] -- Installing: /home/younlea/source/ros_test/ros2_humble_test/TaskManager_topic_srv/message/install/message/include/message/message/srv/detail/data_ab__builder.hpp
[9.196s] -- Installing: /home/younlea/source/ros_test/ros2_humble_test/TaskManager_topic_srv/message/install/message/include/message/message/srv/detail/data_ba__traits.hpp
[9.196s] -- Installing: /home/younlea/source/ros_test/ros2_humble_test/TaskManager_topic_srv/message/install/message/include/message/message/srv/detail/data_ba__struct.hpp
[9.196s] -- Installing: /home/younlea/source/ros_test/ros2_humble_test/TaskManager_topic_srv/message/install/message/include/message/message/srv/detail/data_ab__traits.hpp
[9.197s] -- Installing: /home/younlea/source/ros_test/ros2_humble_test/TaskManager_topic_srv/message/install/message/include/message/message/srv/data_ab.hpp
[9.197s] -- Installing: /home/younlea/source/ros_test/ros2_humble_test/TaskManager_topic_srv/message/install/message/include/message/message/srv/data_ba.hpp
[9.197s] -- Up-to-date: /home/younlea/source/ros_test/ros2_humble_test/TaskManager_topic_srv/message/install/message/include/message/message/msg
[9.197s] -- Up-to-date: /home/younlea/source/ros_test/ros2_humble_test/TaskManager_topic_srv/message/install/message/include/message/message/msg/detail
[9.197s] -- Installing: /home/younlea/source/ros_test/ros2_humble_test/TaskManager_topic_srv/message/install/message/include/message/message/msg/detail/data_ab__struct.hpp
[9.197s] -- Installing: /home/younlea/source/ros_test/ros2_humble_test/TaskManager_topic_srv/message/install/message/include/message/message/msg/detail/data_ba__builder.hpp
[9.197s] -- Installing: /home/younlea/source/ros_test/ros2_humble_test/TaskManager_topic_srv/message/install/message/include/message/message/msg/detail/data_ab__builder.hpp
[9.197s] -- Installing: /home/younlea/source/ros_test/ros2_humble_test/TaskManager_topic_srv/message/install/message/include/message/message/msg/detail/data_ba__traits.hpp
[9.198s] -- Installing: /home/younlea/source/ros_test/ros2_humble_test/TaskManager_topic_srv/message/install/message/include/message/message/msg/detail/data_ba__struct.hpp
[9.198s] -- Installing: /home/younlea/source/ros_test/ros2_humble_test/TaskManager_topic_srv/message/install/message/include/message/message/msg/detail/data_ab__traits.hpp
[9.198s] -- Installing: /home/younlea/source/ros_test/ros2_humble_test/TaskManager_topic_srv/message/install/message/include/message/message/msg/data_ab.hpp
[9.198s] -- Installing: /home/younlea/source/ros_test/ros2_humble_test/TaskManager_topic_srv/message/install/message/include/message/message/msg/data_ba.hpp
[9.198s] -- Up-to-date: /home/younlea/source/ros_test/ros2_humble_test/TaskManager_topic_srv/message/install/message/include/message/message
[9.198s] -- Up-to-date: /home/younlea/source/ros_test/ros2_humble_test/TaskManager_topic_srv/message/install/message/include/message/message/srv
[9.198s] -- Up-to-date: /home/younlea/source/ros_test/ros2_humble_test/TaskManager_topic_srv/message/install/message/include/message/message/srv/detail
[9.199s] -- Installing: /home/younlea/source/ros_test/ros2_humble_test/TaskManager_topic_srv/message/install/message/include/message/message/srv/detail/data_ab__rosidl_typesupport_introspection_cpp.hpp
[9.199s] -- Installing: /home/younlea/source/ros_test/ros2_humble_test/TaskManager_topic_srv/message/install/message/include/message/message/srv/detail/data_ba__type_support.cpp
[9.199s] -- Installing: /home/younlea/source/ros_test/ros2_humble_test/TaskManager_topic_srv/message/install/message/include/message/message/srv/detail/data_ab__type_support.cpp
[9.199s] -- Installing: /home/younlea/source/ros_test/ros2_humble_test/TaskManager_topic_srv/message/install/message/include/message/message/srv/detail/data_ba__rosidl_typesupport_introspection_cpp.hpp
[9.199s] -- Up-to-date: /home/younlea/source/ros_test/ros2_humble_test/TaskManager_topic_srv/message/install/message/include/message/message/msg
[9.199s] -- Up-to-date: /home/younlea/source/ros_test/ros2_humble_test/TaskManager_topic_srv/message/install/message/include/message/message/msg/detail
[9.200s] -- Installing: /home/younlea/source/ros_test/ros2_humble_test/TaskManager_topic_srv/message/install/message/include/message/message/msg/detail/data_ab__rosidl_typesupport_introspection_cpp.hpp
[9.200s] -- Installing: /home/younlea/source/ros_test/ros2_humble_test/TaskManager_topic_srv/message/install/message/include/message/message/msg/detail/data_ba__type_support.cpp
[9.200s] -- Installing: /home/younlea/source/ros_test/ros2_humble_test/TaskManager_topic_srv/message/install/message/include/message/message/msg/detail/data_ab__type_support.cpp
[9.200s] -- Installing: /home/younlea/source/ros_test/ros2_humble_test/TaskManager_topic_srv/message/install/message/include/message/message/msg/detail/data_ba__rosidl_typesupport_introspection_cpp.hpp
[9.200s] -- Installing: /home/younlea/source/ros_test/ros2_humble_test/TaskManager_topic_srv/message/install/message/lib/libmessage__rosidl_typesupport_introspection_cpp.so
[9.201s] -- Set runtime path of "/home/younlea/source/ros_test/ros2_humble_test/TaskManager_topic_srv/message/install/message/lib/libmessage__rosidl_typesupport_introspection_cpp.so" to ""
[9.201s] -- Up-to-date: /home/younlea/source/ros_test/ros2_humble_test/TaskManager_topic_srv/message/install/message/include/message/message
[9.201s] -- Up-to-date: /home/younlea/source/ros_test/ros2_humble_test/TaskManager_topic_srv/message/install/message/include/message/message/srv
[9.201s] -- Up-to-date: /home/younlea/source/ros_test/ros2_humble_test/TaskManager_topic_srv/message/install/message/include/message/message/srv/detail
[9.202s] -- Installing: /home/younlea/source/ros_test/ros2_humble_test/TaskManager_topic_srv/message/install/message/include/message/message/srv/detail/data_ba__rosidl_typesupport_fastrtps_cpp.hpp
[9.202s] -- Installing: /home/younlea/source/ros_test/ros2_humble_test/TaskManager_topic_srv/message/install/message/include/message/message/srv/detail/data_ab__rosidl_typesupport_fastrtps_cpp.hpp
[9.202s] -- Installing: /home/younlea/source/ros_test/ros2_humble_test/TaskManager_topic_srv/message/install/message/include/message/message/srv/detail/dds_fastrtps
[9.202s] -- Up-to-date: /home/younlea/source/ros_test/ros2_humble_test/TaskManager_topic_srv/message/install/message/include/message/message/msg
[9.202s] -- Up-to-date: /home/younlea/source/ros_test/ros2_humble_test/TaskManager_topic_srv/message/install/message/include/message/message/msg/detail
[9.202s] -- Installing: /home/younlea/source/ros_test/ros2_humble_test/TaskManager_topic_srv/message/install/message/include/message/message/msg/detail/data_ba__rosidl_typesupport_fastrtps_cpp.hpp
[9.202s] -- Installing: /home/younlea/source/ros_test/ros2_humble_test/TaskManager_topic_srv/message/install/message/include/message/message/msg/detail/data_ab__rosidl_typesupport_fastrtps_cpp.hpp
[9.202s] -- Installing: /home/younlea/source/ros_test/ros2_humble_test/TaskManager_topic_srv/message/install/message/include/message/message/msg/detail/dds_fastrtps
[9.202s] -- Installing: /home/younlea/source/ros_test/ros2_humble_test/TaskManager_topic_srv/message/install/message/include/message/message/msg/rosidl_typesupport_fastrtps_cpp__visibility_control.h
[9.203s] -- Installing: /home/younlea/source/ros_test/ros2_humble_test/TaskManager_topic_srv/message/install/message/lib/libmessage__rosidl_typesupport_fastrtps_cpp.so
[9.203s] -- Set runtime path of "/home/younlea/source/ros_test/ros2_humble_test/TaskManager_topic_srv/message/install/message/lib/libmessage__rosidl_typesupport_fastrtps_cpp.so" to ""
[9.203s] -- Installing: /home/younlea/source/ros_test/ros2_humble_test/TaskManager_topic_srv/message/install/message/lib/libmessage__rosidl_typesupport_cpp.so
[9.204s] -- Set runtime path of "/home/younlea/source/ros_test/ros2_humble_test/TaskManager_topic_srv/message/install/message/lib/libmessage__rosidl_typesupport_cpp.so" to ""
[9.204s] -- Installing: /home/younlea/source/ros_test/ros2_humble_test/TaskManager_topic_srv/message/install/message/share/message/environment/pythonpath.sh
[9.204s] -- Installing: /home/younlea/source/ros_test/ros2_humble_test/TaskManager_topic_srv/message/install/message/share/message/environment/pythonpath.dsv
[9.204s] -- Installing: /home/younlea/source/ros_test/ros2_humble_test/TaskManager_topic_srv/message/install/message/local/lib/python3.10/dist-packages/message-0.0.0-py3.10.egg-info
[9.204s] -- Installing: /home/younlea/source/ros_test/ros2_humble_test/TaskManager_topic_srv/message/install/message/local/lib/python3.10/dist-packages/message-0.0.0-py3.10.egg-info/top_level.txt
[9.204s] -- Installing: /home/younlea/source/ros_test/ros2_humble_test/TaskManager_topic_srv/message/install/message/local/lib/python3.10/dist-packages/message-0.0.0-py3.10.egg-info/SOURCES.txt
[9.204s] -- Installing: /home/younlea/source/ros_test/ros2_humble_test/TaskManager_topic_srv/message/install/message/local/lib/python3.10/dist-packages/message-0.0.0-py3.10.egg-info/PKG-INFO
[9.205s] -- Installing: /home/younlea/source/ros_test/ros2_humble_test/TaskManager_topic_srv/message/install/message/local/lib/python3.10/dist-packages/message-0.0.0-py3.10.egg-info/dependency_links.txt
[9.205s] -- Installing: /home/younlea/source/ros_test/ros2_humble_test/TaskManager_topic_srv/message/install/message/local/lib/python3.10/dist-packages/message
[9.205s] -- Installing: /home/younlea/source/ros_test/ros2_humble_test/TaskManager_topic_srv/message/install/message/local/lib/python3.10/dist-packages/message/message_s__rosidl_typesupport_introspection_c.cpython-310-x86_64-linux-gnu.so
[9.205s] -- Installing: /home/younlea/source/ros_test/ros2_humble_test/TaskManager_topic_srv/message/install/message/local/lib/python3.10/dist-packages/message/_message_s.ep.rosidl_typesupport_c.c
[9.205s] -- Installing: /home/younlea/source/ros_test/ros2_humble_test/TaskManager_topic_srv/message/install/message/local/lib/python3.10/dist-packages/message/_message_s.ep.rosidl_typesupport_introspection_c.c
[9.206s] -- Installing: /home/younlea/source/ros_test/ros2_humble_test/TaskManager_topic_srv/message/install/message/local/lib/python3.10/dist-packages/message/srv
[9.206s] -- Installing: /home/younlea/source/ros_test/ros2_humble_test/TaskManager_topic_srv/message/install/message/local/lib/python3.10/dist-packages/message/srv/_data_ab.py
[9.206s] -- Installing: /home/younlea/source/ros_test/ros2_humble_test/TaskManager_topic_srv/message/install/message/local/lib/python3.10/dist-packages/message/srv/_data_ba.py
[9.206s] -- Installing: /home/younlea/source/ros_test/ros2_humble_test/TaskManager_topic_srv/message/install/message/local/lib/python3.10/dist-packages/message/srv/_data_ba_s.c
[9.206s] -- Installing: /home/younlea/source/ros_test/ros2_humble_test/TaskManager_topic_srv/message/install/message/local/lib/python3.10/dist-packages/message/srv/__init__.py
[9.206s] -- Installing: /home/younlea/source/ros_test/ros2_humble_test/TaskManager_topic_srv/message/install/message/local/lib/python3.10/dist-packages/message/srv/_data_ab_s.c
[9.207s] -- Installing: /home/younlea/source/ros_test/ros2_humble_test/TaskManager_topic_srv/message/install/message/local/lib/python3.10/dist-packages/message/_message_s.ep.rosidl_typesupport_fastrtps_c.c
[9.207s] -- Installing: /home/younlea/source/ros_test/ros2_humble_test/TaskManager_topic_srv/message/install/message/local/lib/python3.10/dist-packages/message/message_s__rosidl_typesupport_fastrtps_c.cpython-310-x86_64-linux-gnu.so
[9.207s] -- Installing: /home/younlea/source/ros_test/ros2_humble_test/TaskManager_topic_srv/message/install/message/local/lib/python3.10/dist-packages/message/message_s__rosidl_typesupport_c.cpython-310-x86_64-linux-gnu.so
[9.207s] -- Installing: /home/younlea/source/ros_test/ros2_humble_test/TaskManager_topic_srv/message/install/message/local/lib/python3.10/dist-packages/message/__init__.py
[9.207s] -- Installing: /home/younlea/source/ros_test/ros2_humble_test/TaskManager_topic_srv/message/install/message/local/lib/python3.10/dist-packages/message/libmessage__rosidl_generator_py.so
[9.207s] -- Installing: /home/younlea/source/ros_test/ros2_humble_test/TaskManager_topic_srv/message/install/message/local/lib/python3.10/dist-packages/message/msg
[9.208s] -- Installing: /home/younlea/source/ros_test/ros2_humble_test/TaskManager_topic_srv/message/install/message/local/lib/python3.10/dist-packages/message/msg/_data_ab.py
[9.208s] -- Installing: /home/younlea/source/ros_test/ros2_humble_test/TaskManager_topic_srv/message/install/message/local/lib/python3.10/dist-packages/message/msg/_data_ba.py
[9.208s] -- Installing: /home/younlea/source/ros_test/ros2_humble_test/TaskManager_topic_srv/message/install/message/local/lib/python3.10/dist-packages/message/msg/_data_ba_s.c
[9.208s] -- Installing: /home/younlea/source/ros_test/ros2_humble_test/TaskManager_topic_srv/message/install/message/local/lib/python3.10/dist-packages/message/msg/__init__.py
[9.208s] -- Installing: /home/younlea/source/ros_test/ros2_humble_test/TaskManager_topic_srv/message/install/message/local/lib/python3.10/dist-packages/message/msg/_data_ab_s.c
[9.375s] Listing '/home/younlea/source/ros_test/ros2_humble_test/TaskManager_topic_srv/message/install/message/local/lib/python3.10/dist-packages/message'...
[9.375s] Compiling '/home/younlea/source/ros_test/ros2_humble_test/TaskManager_topic_srv/message/install/message/local/lib/python3.10/dist-packages/message/__init__.py'...
[9.375s] Listing '/home/younlea/source/ros_test/ros2_humble_test/TaskManager_topic_srv/message/install/message/local/lib/python3.10/dist-packages/message/msg'...
[9.375s] Compiling '/home/younlea/source/ros_test/ros2_humble_test/TaskManager_topic_srv/message/install/message/local/lib/python3.10/dist-packages/message/msg/__init__.py'...
[9.375s] Compiling '/home/younlea/source/ros_test/ros2_humble_test/TaskManager_topic_srv/message/install/message/local/lib/python3.10/dist-packages/message/msg/_data_ab.py'...
[9.375s] Compiling '/home/younlea/source/ros_test/ros2_humble_test/TaskManager_topic_srv/message/install/message/local/lib/python3.10/dist-packages/message/msg/_data_ba.py'...
[9.375s] Listing '/home/younlea/source/ros_test/ros2_humble_test/TaskManager_topic_srv/message/install/message/local/lib/python3.10/dist-packages/message/srv'...
[9.375s] Compiling '/home/younlea/source/ros_test/ros2_humble_test/TaskManager_topic_srv/message/install/message/local/lib/python3.10/dist-packages/message/srv/__init__.py'...
[9.375s] Compiling '/home/younlea/source/ros_test/ros2_humble_test/TaskManager_topic_srv/message/install/message/local/lib/python3.10/dist-packages/message/srv/_data_ab.py'...
[9.375s] Compiling '/home/younlea/source/ros_test/ros2_humble_test/TaskManager_topic_srv/message/install/message/local/lib/python3.10/dist-packages/message/srv/_data_ba.py'...
[9.381s] -- Installing: /home/younlea/source/ros_test/ros2_humble_test/TaskManager_topic_srv/message/install/message/local/lib/python3.10/dist-packages/message/message_s__rosidl_typesupport_introspection_c.cpython-310-x86_64-linux-gnu.so
[9.381s] -- Set runtime path of "/home/younlea/source/ros_test/ros2_humble_test/TaskManager_topic_srv/message/install/message/local/lib/python3.10/dist-packages/message/message_s__rosidl_typesupport_introspection_c.cpython-310-x86_64-linux-gnu.so" to ""
[9.382s] -- Installing: /home/younlea/source/ros_test/ros2_humble_test/TaskManager_topic_srv/message/install/message/local/lib/python3.10/dist-packages/message/message_s__rosidl_typesupport_fastrtps_c.cpython-310-x86_64-linux-gnu.so
[9.382s] -- Set runtime path of "/home/younlea/source/ros_test/ros2_humble_test/TaskManager_topic_srv/message/install/message/local/lib/python3.10/dist-packages/message/message_s__rosidl_typesupport_fastrtps_c.cpython-310-x86_64-linux-gnu.so" to ""
[9.383s] -- Installing: /home/younlea/source/ros_test/ros2_humble_test/TaskManager_topic_srv/message/install/message/local/lib/python3.10/dist-packages/message/message_s__rosidl_typesupport_c.cpython-310-x86_64-linux-gnu.so
[9.384s] -- Set runtime path of "/home/younlea/source/ros_test/ros2_humble_test/TaskManager_topic_srv/message/install/message/local/lib/python3.10/dist-packages/message/message_s__rosidl_typesupport_c.cpython-310-x86_64-linux-gnu.so" to ""
[9.384s] -- Installing: /home/younlea/source/ros_test/ros2_humble_test/TaskManager_topic_srv/message/install/message/lib/libmessage__rosidl_generator_py.so
[9.385s] -- Set runtime path of "/home/younlea/source/ros_test/ros2_humble_test/TaskManager_topic_srv/message/install/message/lib/libmessage__rosidl_generator_py.so" to ""
[9.385s] -- Installing: /home/younlea/source/ros_test/ros2_humble_test/TaskManager_topic_srv/message/install/message/share/message/msg/DataAB.idl
[9.385s] -- Installing: /home/younlea/source/ros_test/ros2_humble_test/TaskManager_topic_srv/message/install/message/share/message/msg/DataBA.idl
[9.385s] -- Installing: /home/younlea/source/ros_test/ros2_humble_test/TaskManager_topic_srv/message/install/message/share/message/srv/DataAB.idl
[9.386s] -- Installing: /home/younlea/source/ros_test/ros2_humble_test/TaskManager_topic_srv/message/install/message/share/message/srv/DataBA.idl
[9.386s] -- Installing: /home/younlea/source/ros_test/ros2_humble_test/TaskManager_topic_srv/message/install/message/share/message/msg/DataAB.msg
[9.386s] -- Installing: /home/younlea/source/ros_test/ros2_humble_test/TaskManager_topic_srv/message/install/message/share/message/msg/DataBA.msg
[9.386s] -- Installing: /home/younlea/source/ros_test/ros2_humble_test/TaskManager_topic_srv/message/install/message/share/message/srv/DataAB.srv
[9.387s] -- Installing: /home/younlea/source/ros_test/ros2_humble_test/TaskManager_topic_srv/message/install/message/share/message/srv/DataAB_Request.msg
[9.387s] -- Installing: /home/younlea/source/ros_test/ros2_humble_test/TaskManager_topic_srv/message/install/message/share/message/srv/DataAB_Response.msg
[9.387s] -- Installing: /home/younlea/source/ros_test/ros2_humble_test/TaskManager_topic_srv/message/install/message/share/message/srv/DataBA.srv
[9.387s] -- Installing: /home/younlea/source/ros_test/ros2_humble_test/TaskManager_topic_srv/message/install/message/share/message/srv/DataBA_Request.msg
[9.388s] -- Installing: /home/younlea/source/ros_test/ros2_humble_test/TaskManager_topic_srv/message/install/message/share/message/srv/DataBA_Response.msg
[9.388s] -- Installing: /home/younlea/source/ros_test/ros2_humble_test/TaskManager_topic_srv/message/install/message/share/ament_index/resource_index/package_run_dependencies/message
[9.388s] -- Installing: /home/younlea/source/ros_test/ros2_humble_test/TaskManager_topic_srv/message/install/message/share/ament_index/resource_index/parent_prefix_path/message
[9.389s] -- Installing: /home/younlea/source/ros_test/ros2_humble_test/TaskManager_topic_srv/message/install/message/share/message/environment/ament_prefix_path.sh
[9.389s] -- Installing: /home/younlea/source/ros_test/ros2_humble_test/TaskManager_topic_srv/message/install/message/share/message/environment/ament_prefix_path.dsv
[9.389s] -- Installing: /home/younlea/source/ros_test/ros2_humble_test/TaskManager_topic_srv/message/install/message/share/message/environment/path.sh
[9.389s] -- Installing: /home/younlea/source/ros_test/ros2_humble_test/TaskManager_topic_srv/message/install/message/share/message/environment/path.dsv
[9.389s] -- Installing: /home/younlea/source/ros_test/ros2_humble_test/TaskManager_topic_srv/message/install/message/share/message/local_setup.bash
[9.390s] -- Installing: /home/younlea/source/ros_test/ros2_humble_test/TaskManager_topic_srv/message/install/message/share/message/local_setup.sh
[9.390s] -- Installing: /home/younlea/source/ros_test/ros2_humble_test/TaskManager_topic_srv/message/install/message/share/message/local_setup.zsh
[9.390s] -- Installing: /home/younlea/source/ros_test/ros2_humble_test/TaskManager_topic_srv/message/install/message/share/message/local_setup.dsv
[9.390s] -- Installing: /home/younlea/source/ros_test/ros2_humble_test/TaskManager_topic_srv/message/install/message/share/message/package.dsv
[9.390s] -- Installing: /home/younlea/source/ros_test/ros2_humble_test/TaskManager_topic_srv/message/install/message/share/ament_index/resource_index/packages/message
[9.391s] -- Installing: /home/younlea/source/ros_test/ros2_humble_test/TaskManager_topic_srv/message/install/message/share/message/cmake/export_message__rosidl_generator_cExport.cmake
[9.391s] -- Installing: /home/younlea/source/ros_test/ros2_humble_test/TaskManager_topic_srv/message/install/message/share/message/cmake/export_message__rosidl_generator_cExport-noconfig.cmake
[9.391s] -- Installing: /home/younlea/source/ros_test/ros2_humble_test/TaskManager_topic_srv/message/install/message/share/message/cmake/message__rosidl_typesupport_introspection_cExport.cmake
[9.392s] -- Installing: /home/younlea/source/ros_test/ros2_humble_test/TaskManager_topic_srv/message/install/message/share/message/cmake/message__rosidl_typesupport_introspection_cExport-noconfig.cmake
[9.392s] -- Installing: /home/younlea/source/ros_test/ros2_humble_test/TaskManager_topic_srv/message/install/message/share/message/cmake/export_message__rosidl_typesupport_fastrtps_cExport.cmake
[9.392s] -- Installing: /home/younlea/source/ros_test/ros2_humble_test/TaskManager_topic_srv/message/install/message/share/message/cmake/export_message__rosidl_typesupport_fastrtps_cExport-noconfig.cmake
[9.392s] -- Installing: /home/younlea/source/ros_test/ros2_humble_test/TaskManager_topic_srv/message/install/message/share/message/cmake/message__rosidl_typesupport_cExport.cmake
[9.393s] -- Installing: /home/younlea/source/ros_test/ros2_humble_test/TaskManager_topic_srv/message/install/message/share/message/cmake/message__rosidl_typesupport_cExport-noconfig.cmake
[9.393s] -- Installing: /home/younlea/source/ros_test/ros2_humble_test/TaskManager_topic_srv/message/install/message/share/message/cmake/export_message__rosidl_generator_cppExport.cmake
[9.393s] -- Installing: /home/younlea/source/ros_test/ros2_humble_test/TaskManager_topic_srv/message/install/message/share/message/cmake/message__rosidl_typesupport_introspection_cppExport.cmake
[9.393s] -- Installing: /home/younlea/source/ros_test/ros2_humble_test/TaskManager_topic_srv/message/install/message/share/message/cmake/message__rosidl_typesupport_introspection_cppExport-noconfig.cmake
[9.394s] -- Installing: /home/younlea/source/ros_test/ros2_humble_test/TaskManager_topic_srv/message/install/message/share/message/cmake/export_message__rosidl_typesupport_fastrtps_cppExport.cmake
[9.394s] -- Installing: /home/younlea/source/ros_test/ros2_humble_test/TaskManager_topic_srv/message/install/message/share/message/cmake/export_message__rosidl_typesupport_fastrtps_cppExport-noconfig.cmake
[9.394s] -- Installing: /home/younlea/source/ros_test/ros2_humble_test/TaskManager_topic_srv/message/install/message/share/message/cmake/message__rosidl_typesupport_cppExport.cmake
[9.394s] -- Installing: /home/younlea/source/ros_test/ros2_humble_test/TaskManager_topic_srv/message/install/message/share/message/cmake/message__rosidl_typesupport_cppExport-noconfig.cmake
[9.395s] -- Installing: /home/younlea/source/ros_test/ros2_humble_test/TaskManager_topic_srv/message/install/message/share/message/cmake/export_message__rosidl_generator_pyExport.cmake
[9.395s] -- Installing: /home/younlea/source/ros_test/ros2_humble_test/TaskManager_topic_srv/message/install/message/share/message/cmake/export_message__rosidl_generator_pyExport-noconfig.cmake
[9.395s] -- Installing: /home/younlea/source/ros_test/ros2_humble_test/TaskManager_topic_srv/message/install/message/share/message/cmake/rosidl_cmake-extras.cmake
[9.395s] -- Installing: /home/younlea/source/ros_test/ros2_humble_test/TaskManager_topic_srv/message/install/message/share/message/cmake/ament_cmake_export_include_directories-extras.cmake
[9.396s] -- Installing: /home/younlea/source/ros_test/ros2_humble_test/TaskManager_topic_srv/message/install/message/share/message/cmake/ament_cmake_export_libraries-extras.cmake
[9.396s] -- Installing: /home/younlea/source/ros_test/ros2_humble_test/TaskManager_topic_srv/message/install/message/share/message/cmake/ament_cmake_export_targets-extras.cmake
[9.396s] -- Installing: /home/younlea/source/ros_test/ros2_humble_test/TaskManager_topic_srv/message/install/message/share/message/cmake/rosidl_cmake_export_typesupport_targets-extras.cmake
[9.396s] -- Installing: /home/younlea/source/ros_test/ros2_humble_test/TaskManager_topic_srv/message/install/message/share/message/cmake/ament_cmake_export_dependencies-extras.cmake
[9.396s] -- Installing: /home/younlea/source/ros_test/ros2_humble_test/TaskManager_topic_srv/message/install/message/share/message/cmake/rosidl_cmake_export_typesupport_libraries-extras.cmake
[9.397s] -- Installing: /home/younlea/source/ros_test/ros2_humble_test/TaskManager_topic_srv/message/install/message/share/message/cmake/messageConfig.cmake
[9.397s] -- Installing: /home/younlea/source/ros_test/ros2_humble_test/TaskManager_topic_srv/message/install/message/share/message/cmake/messageConfig-version.cmake
[9.397s] -- Installing: /home/younlea/source/ros_test/ros2_humble_test/TaskManager_topic_srv/message/install/message/share/message/package.xml
[9.405s] Invoked command in '/home/younlea/source/ros_test/ros2_humble_test/TaskManager_topic_srv/message/build/message' returned '0': CMAKE_PREFIX_PATH=${CMAKE_PREFIX_PATH}:/home/younlea/ros2_humble/install/rqt_bag_plugins:/home/younlea/ros2_humble/install/rqt_bag:/home/younlea/ros2_humble/install/ros2bag:/home/younlea/ros2_humble/install/tracetools_test:/home/younlea/ros2_humble/install/tracetools_launch:/home/younlea/ros2_humble/install/topic_monitor:/home/younlea/ros2_humble/install/tf2_tools:/home/younlea/ros2_humble/install/examples_tf2_py:/home/younlea/ros2_humble/install/tf2_ros_py:/home/younlea/ros2_humble/install/sros2:/home/younlea/ros2_humble/install/rqt_topic:/home/younlea/ros2_humble/install/rqt_srv:/home/younlea/ros2_humble/install/rqt_shell:/home/younlea/ros2_humble/install/rqt_service_caller:/home/younlea/ros2_humble/install/rqt_reconfigure:/home/younlea/ros2_humble/install/rqt_py_console:/home/younlea/ros2_humble/install/rqt_publisher:/home/younlea/ros2_humble/install/rqt_plot:/home/younlea/ros2_humble/install/rqt_action:/home/younlea/ros2_humble/install/rqt_msg:/home/younlea/ros2_humble/install/rqt_console:/home/younlea/ros2_humble/install/rqt:/home/younlea/ros2_humble/install/rqt_graph:/home/younlea/ros2_humble/install/rqt_gui_py:/home/younlea/ros2_humble/install/rqt_gui:/home/younlea/ros2_humble/install/ros2trace:/home/younlea/ros2_humble/install/ros2topic:/home/younlea/ros2_humble/install/ros2test:/home/younlea/ros2_humble/install/ros2component:/home/younlea/ros2_humble/install/ros2param:/home/younlea/ros2_humble/install/ros2lifecycle:/home/younlea/ros2_humble/install/ros2service:/home/younlea/ros2_humble/install/ros2run:/home/younlea/ros2_humble/install/ros2launch:/home/younlea/ros2_humble/install/ros2pkg:/home/younlea/ros2_humble/install/ros2node:/home/younlea/ros2_humble/install/ros2multicast:/home/younlea/ros2_humble/install/ros2interface:/home/younlea/ros2_humble/install/ros2doctor:/home/younlea/ros2_humble/install/ros2action:/home/younlea/ros2_humble/install/ros2cli:/home/younlea/ros2_humble/install/quality_of_service_demo_py:/home/younlea/ros2_humble/install/lifecycle_py:/home/younlea/ros2_humble/install/launch_testing_ros:/home/younlea/ros2_humble/install/launch_ros:/home/younlea/ros2_humble/install/examples_rclpy_pointcloud_publisher:/home/younlea/ros2_humble/install/examples_rclpy_minimal_subscriber:/home/younlea/ros2_humble/install/examples_rclpy_minimal_service:/home/younlea/ros2_humble/install/examples_rclpy_minimal_publisher:/home/younlea/ros2_humble/install/examples_rclpy_minimal_client:/home/younlea/ros2_humble/install/examples_rclpy_minimal_action_server:/home/younlea/ros2_humble/install/examples_rclpy_minimal_action_client:/home/younlea/ros2_humble/install/examples_rclpy_guard_conditions:/home/younlea/ros2_humble/install/examples_rclpy_executors:/home/younlea/ros2_humble/install/demo_nodes_py:/home/younlea/ros2_humble/install/action_tutorials_py:/home/younlea/ros2_humble/install/ament_uncrustify:/home/younlea/ros2_humble/install/tracetools_trace:/home/younlea/ros2_humble/install/tracetools_read:/home/younlea/ros2_humble/install/test_tracetools_launch:/home/younlea/ros2_humble/install/test_launch_ros:/home/younlea/ros2_humble/install/sensor_msgs_py:/home/younlea/ros2_humble/install/rpyutils:/home/younlea/ros2_humble/install/rosidl_runtime_py:/home/younlea/ros2_humble/install/rosidl_cli:/home/younlea/ros2_humble/install/launch_pytest:/home/younlea/ros2_humble/install/launch_testing:/home/younlea/ros2_humble/install/launch_yaml:/home/younlea/ros2_humble/install/launch_xml:/home/younlea/ros2_humble/install/launch:/home/younlea/ros2_humble/install/osrf_pycommon:/home/younlea/ros2_humble/install/launch_testing_examples:/home/younlea/ros2_humble/install/domain_coordinator:/home/younlea/ros2_humble/install/ament_xmllint:/home/younlea/ros2_humble/install/ament_pyflakes:/home/younlea/ros2_humble/install/ament_pycodestyle:/home/younlea/ros2_humble/install/ament_pep257:/home/younlea/ros2_humble/install/ament_pclint:/home/younlea/ros2_humble/install/ament_package:/home/younlea/ros2_humble/install/ament_mypy:/home/younlea/ros2_humble/install/ament_lint_cmake:/home/younlea/ros2_humble/install/ament_flake8:/home/younlea/ros2_humble/install/ament_copyright:/home/younlea/ros2_humble/install/ament_lint:/home/younlea/ros2_humble/install/ament_index_python:/home/younlea/ros2_humble/install/ament_cpplint:/home/younlea/ros2_humble/install/ament_cppcheck:/home/younlea/ros2_humble/install/ament_clang_tidy:/home/younlea/ros2_humble/install/ament_clang_format /home/younlea/.local/bin/cmake --install /home/younlea/source/ros_test/ros2_humble_test/TaskManager_topic_srv/message/build/message
