[0.052s] Invoking command in '/home/younlea/source/ros_test/ros2_humble_test/TaskManager_topic_srv/message/build/message': CMAKE_PREFIX_PATH=${CMAKE_PREFIX_PATH}:/home/younlea/ros2_humble/install/rqt_bag_plugins:/home/younlea/ros2_humble/install/rqt_bag:/home/younlea/ros2_humble/install/ros2bag:/home/younlea/ros2_humble/install/tracetools_test:/home/younlea/ros2_humble/install/tracetools_launch:/home/younlea/ros2_humble/install/topic_monitor:/home/younlea/ros2_humble/install/tf2_tools:/home/younlea/ros2_humble/install/examples_tf2_py:/home/younlea/ros2_humble/install/tf2_ros_py:/home/younlea/ros2_humble/install/sros2:/home/younlea/ros2_humble/install/rqt_topic:/home/younlea/ros2_humble/install/rqt_srv:/home/younlea/ros2_humble/install/rqt_shell:/home/younlea/ros2_humble/install/rqt_service_caller:/home/younlea/ros2_humble/install/rqt_reconfigure:/home/younlea/ros2_humble/install/rqt_py_console:/home/younlea/ros2_humble/install/rqt_publisher:/home/younlea/ros2_humble/install/rqt_plot:/home/younlea/ros2_humble/install/rqt_action:/home/younlea/ros2_humble/install/rqt_msg:/home/younlea/ros2_humble/install/rqt_console:/home/younlea/ros2_humble/install/rqt:/home/younlea/ros2_humble/install/rqt_graph:/home/younlea/ros2_humble/install/rqt_gui_py:/home/younlea/ros2_humble/install/rqt_gui:/home/younlea/ros2_humble/install/ros2trace:/home/younlea/ros2_humble/install/ros2topic:/home/younlea/ros2_humble/install/ros2test:/home/younlea/ros2_humble/install/ros2component:/home/younlea/ros2_humble/install/ros2param:/home/younlea/ros2_humble/install/ros2lifecycle:/home/younlea/ros2_humble/install/ros2service:/home/younlea/ros2_humble/install/ros2run:/home/younlea/ros2_humble/install/ros2launch:/home/younlea/ros2_humble/install/ros2pkg:/home/younlea/ros2_humble/install/ros2node:/home/younlea/ros2_humble/install/ros2multicast:/home/younlea/ros2_humble/install/ros2interface:/home/younlea/ros2_humble/install/ros2doctor:/home/younlea/ros2_humble/install/ros2action:/home/younlea/ros2_humble/install/ros2cli:/home/younlea/ros2_humble/install/quality_of_service_demo_py:/home/younlea/ros2_humble/install/lifecycle_py:/home/younlea/ros2_humble/install/launch_testing_ros:/home/younlea/ros2_humble/install/launch_ros:/home/younlea/ros2_humble/install/examples_rclpy_pointcloud_publisher:/home/younlea/ros2_humble/install/examples_rclpy_minimal_subscriber:/home/younlea/ros2_humble/install/examples_rclpy_minimal_service:/home/younlea/ros2_humble/install/examples_rclpy_minimal_publisher:/home/younlea/ros2_humble/install/examples_rclpy_minimal_client:/home/younlea/ros2_humble/install/examples_rclpy_minimal_action_server:/home/younlea/ros2_humble/install/examples_rclpy_minimal_action_client:/home/younlea/ros2_humble/install/examples_rclpy_guard_conditions:/home/younlea/ros2_humble/install/examples_rclpy_executors:/home/younlea/ros2_humble/install/demo_nodes_py:/home/younlea/ros2_humble/install/action_tutorials_py:/home/younlea/ros2_humble/install/ament_uncrustify:/home/younlea/ros2_humble/install/tracetools_trace:/home/younlea/ros2_humble/install/tracetools_read:/home/younlea/ros2_humble/install/test_tracetools_launch:/home/younlea/ros2_humble/install/test_launch_ros:/home/younlea/ros2_humble/install/sensor_msgs_py:/home/younlea/ros2_humble/install/rpyutils:/home/younlea/ros2_humble/install/rosidl_runtime_py:/home/younlea/ros2_humble/install/rosidl_cli:/home/younlea/ros2_humble/install/launch_pytest:/home/younlea/ros2_humble/install/launch_testing:/home/younlea/ros2_humble/install/launch_yaml:/home/younlea/ros2_humble/install/launch_xml:/home/younlea/ros2_humble/install/launch:/home/younlea/ros2_humble/install/osrf_pycommon:/home/younlea/ros2_humble/install/launch_testing_examples:/home/younlea/ros2_humble/install/domain_coordinator:/home/younlea/ros2_humble/install/ament_xmllint:/home/younlea/ros2_humble/install/ament_pyflakes:/home/younlea/ros2_humble/install/ament_pycodestyle:/home/younlea/ros2_humble/install/ament_pep257:/home/younlea/ros2_humble/install/ament_pclint:/home/younlea/ros2_humble/install/ament_package:/home/younlea/ros2_humble/install/ament_mypy:/home/younlea/ros2_humble/install/ament_lint_cmake:/home/younlea/ros2_humble/install/ament_flake8:/home/younlea/ros2_humble/install/ament_copyright:/home/younlea/ros2_humble/install/ament_lint:/home/younlea/ros2_humble/install/ament_index_python:/home/younlea/ros2_humble/install/ament_cpplint:/home/younlea/ros2_humble/install/ament_cppcheck:/home/younlea/ros2_humble/install/ament_clang_tidy:/home/younlea/ros2_humble/install/ament_clang_format /home/younlea/.local/bin/cmake /home/younlea/source/ros_test/ros2_humble_test/TaskManager_topic_srv/message -DCMAKE_INSTALL_PREFIX=/home/younlea/source/ros_test/ros2_humble_test/TaskManager_topic_srv/message/install/message
[0.365s] -- The C compiler identification is GNU 11.4.0
[0.460s] -- The CXX compiler identification is GNU 11.4.0
[0.482s] -- Detecting C compiler ABI info
[0.621s] -- Detecting C compiler ABI info - done
[0.634s] -- Check for working C compiler: /usr/bin/cc - skipped
[0.634s] -- Detecting C compile features
[0.635s] -- Detecting C compile features - done
[0.639s] -- Detecting CXX compiler ABI info
[0.788s] -- Detecting CXX compiler ABI info - done
[0.801s] -- Check for working CXX compiler: /usr/bin/c++ - skipped
[0.801s] -- Detecting CXX compile features
[0.802s] -- Detecting CXX compile features - done
[0.833s] -- Found ament_cmake: 1.3.10 (/home/younlea/ros2_humble/install/ament_cmake/share/ament_cmake/cmake)
[1.488s] -- Found Python3: /usr/bin/python3 (found version "3.10.12") found components: Interpreter 
[2.223s] -- Found rosidl_default_generators: 1.2.0 (/home/younlea/ros2_humble/install/rosidl_default_generators/share/rosidl_default_generators/cmake)
[2.363s] -- Using all available rosidl_typesupport_c: rosidl_typesupport_introspection_c;rosidl_typesupport_fastrtps_c
[2.434s] -- Found rosidl_adapter: 3.1.5 (/home/younlea/ros2_humble/install/rosidl_adapter/share/rosidl_adapter/cmake)
[2.746s] -- Using all available rosidl_typesupport_cpp: rosidl_typesupport_introspection_cpp;rosidl_typesupport_fastrtps_cpp
[3.346s] [31mCMake Error at /home/younlea/ros2_humble/install/rosidl_adapter/share/rosidl_adapter/cmake/rosidl_adapt_interfaces.cmake:59 (message):
[3.346s]   execute_process(/usr/bin/python3 -m rosidl_adapter --package-name message
[3.346s]   --arguments-file
[3.347s]   /home/younlea/source/ros_test/ros2_humble_test/TaskManager_topic_srv/message/build/message/rosidl_adapter__arguments__message.json
[3.347s]   --output-dir
[3.347s]   /home/younlea/source/ros_test/ros2_humble_test/TaskManager_topic_srv/message/build/message/rosidl_adapter/message
[3.347s]   --output-file
[3.347s]   /home/younlea/source/ros_test/ros2_humble_test/TaskManager_topic_srv/message/build/message/rosidl_adapter/message.idls)
[3.347s]   returned error code 1:
[3.347s] 
[3.347s]   Error processing 'int32 AB' of 'message/DataAB': ''AB' is an invalid field
[3.347s]   name.  It should have the pattern '^(?!.*__)(?!.*_$)[a-z][a-z0-9_]*$''
[3.347s] 
[3.348s]   Traceback (most recent call last):
[3.348s] 
[3.348s]     File "/usr/lib/python3.10/runpy.py", line 196, in _run_module_as_main
[3.348s]       return _run_code(code, main_globals, None,
[3.348s]     File "/usr/lib/python3.10/runpy.py", line 86, in _run_code
[3.348s]       exec(code, run_globals)
[3.348s]     File "/home/younlea/ros2_humble/install/rosidl_adapter/local/lib/python3.10/dist-packages/rosidl_adapter/__main__.py", line 19, in <module>
[3.348s]       sys.exit(main())
[3.348s]     File "/home/younlea/ros2_humble/install/rosidl_adapter/local/lib/python3.10/dist-packages/rosidl_adapter/main.py", line 53, in main
[3.348s]       abs_idl_file = convert_to_idl(
[3.348s]     File "/home/younlea/ros2_humble/install/rosidl_adapter/local/lib/python3.10/dist-packages/rosidl_adapter/__init__.py", line 19, in convert_to_idl
[3.348s]       return convert_msg_to_idl(
[3.348s]     File "/home/younlea/ros2_humble/install/rosidl_adapter/local/lib/python3.10/dist-packages/rosidl_adapter/msg/__init__.py", line 28, in convert_msg_to_idl
[3.348s]       msg = parse_message_string(package_name, input_file.stem, content)
[3.349s]     File "/home/younlea/ros2_humble/install/rosidl_adapter/local/lib/python3.10/dist-packages/rosidl_adapter/parser.py", line 519, in parse_message_string
[3.349s]       fields.append(Field(
[3.349s]     File "/home/younlea/ros2_humble/install/rosidl_adapter/local/lib/python3.10/dist-packages/rosidl_adapter/parser.py", line 354, in __init__
[3.349s]       raise NameError(
[3.349s] 
[3.349s]   NameError: 'AB' is an invalid field name.  It should have the pattern
[3.349s]   '^(?!.*__)(?!.*_$)[a-z][a-z0-9_]*$'
[3.349s] 
[3.349s] Call Stack (most recent call first):
[3.349s]   /home/younlea/ros2_humble/install/rosidl_cmake/share/rosidl_cmake/cmake/rosidl_generate_interfaces.cmake:130 (rosidl_adapt_interfaces)
[3.349s]   CMakeLists.txt:16 (rosidl_generate_interfaces)
[3.349s] 
[3.349s] [0m
[3.349s] -- Configuring incomplete, errors occurred!
[3.359s] Invoked command in '/home/younlea/source/ros_test/ros2_humble_test/TaskManager_topic_srv/message/build/message' returned '1': CMAKE_PREFIX_PATH=${CMAKE_PREFIX_PATH}:/home/younlea/ros2_humble/install/rqt_bag_plugins:/home/younlea/ros2_humble/install/rqt_bag:/home/younlea/ros2_humble/install/ros2bag:/home/younlea/ros2_humble/install/tracetools_test:/home/younlea/ros2_humble/install/tracetools_launch:/home/younlea/ros2_humble/install/topic_monitor:/home/younlea/ros2_humble/install/tf2_tools:/home/younlea/ros2_humble/install/examples_tf2_py:/home/younlea/ros2_humble/install/tf2_ros_py:/home/younlea/ros2_humble/install/sros2:/home/younlea/ros2_humble/install/rqt_topic:/home/younlea/ros2_humble/install/rqt_srv:/home/younlea/ros2_humble/install/rqt_shell:/home/younlea/ros2_humble/install/rqt_service_caller:/home/younlea/ros2_humble/install/rqt_reconfigure:/home/younlea/ros2_humble/install/rqt_py_console:/home/younlea/ros2_humble/install/rqt_publisher:/home/younlea/ros2_humble/install/rqt_plot:/home/younlea/ros2_humble/install/rqt_action:/home/younlea/ros2_humble/install/rqt_msg:/home/younlea/ros2_humble/install/rqt_console:/home/younlea/ros2_humble/install/rqt:/home/younlea/ros2_humble/install/rqt_graph:/home/younlea/ros2_humble/install/rqt_gui_py:/home/younlea/ros2_humble/install/rqt_gui:/home/younlea/ros2_humble/install/ros2trace:/home/younlea/ros2_humble/install/ros2topic:/home/younlea/ros2_humble/install/ros2test:/home/younlea/ros2_humble/install/ros2component:/home/younlea/ros2_humble/install/ros2param:/home/younlea/ros2_humble/install/ros2lifecycle:/home/younlea/ros2_humble/install/ros2service:/home/younlea/ros2_humble/install/ros2run:/home/younlea/ros2_humble/install/ros2launch:/home/younlea/ros2_humble/install/ros2pkg:/home/younlea/ros2_humble/install/ros2node:/home/younlea/ros2_humble/install/ros2multicast:/home/younlea/ros2_humble/install/ros2interface:/home/younlea/ros2_humble/install/ros2doctor:/home/younlea/ros2_humble/install/ros2action:/home/younlea/ros2_humble/install/ros2cli:/home/younlea/ros2_humble/install/quality_of_service_demo_py:/home/younlea/ros2_humble/install/lifecycle_py:/home/younlea/ros2_humble/install/launch_testing_ros:/home/younlea/ros2_humble/install/launch_ros:/home/younlea/ros2_humble/install/examples_rclpy_pointcloud_publisher:/home/younlea/ros2_humble/install/examples_rclpy_minimal_subscriber:/home/younlea/ros2_humble/install/examples_rclpy_minimal_service:/home/younlea/ros2_humble/install/examples_rclpy_minimal_publisher:/home/younlea/ros2_humble/install/examples_rclpy_minimal_client:/home/younlea/ros2_humble/install/examples_rclpy_minimal_action_server:/home/younlea/ros2_humble/install/examples_rclpy_minimal_action_client:/home/younlea/ros2_humble/install/examples_rclpy_guard_conditions:/home/younlea/ros2_humble/install/examples_rclpy_executors:/home/younlea/ros2_humble/install/demo_nodes_py:/home/younlea/ros2_humble/install/action_tutorials_py:/home/younlea/ros2_humble/install/ament_uncrustify:/home/younlea/ros2_humble/install/tracetools_trace:/home/younlea/ros2_humble/install/tracetools_read:/home/younlea/ros2_humble/install/test_tracetools_launch:/home/younlea/ros2_humble/install/test_launch_ros:/home/younlea/ros2_humble/install/sensor_msgs_py:/home/younlea/ros2_humble/install/rpyutils:/home/younlea/ros2_humble/install/rosidl_runtime_py:/home/younlea/ros2_humble/install/rosidl_cli:/home/younlea/ros2_humble/install/launch_pytest:/home/younlea/ros2_humble/install/launch_testing:/home/younlea/ros2_humble/install/launch_yaml:/home/younlea/ros2_humble/install/launch_xml:/home/younlea/ros2_humble/install/launch:/home/younlea/ros2_humble/install/osrf_pycommon:/home/younlea/ros2_humble/install/launch_testing_examples:/home/younlea/ros2_humble/install/domain_coordinator:/home/younlea/ros2_humble/install/ament_xmllint:/home/younlea/ros2_humble/install/ament_pyflakes:/home/younlea/ros2_humble/install/ament_pycodestyle:/home/younlea/ros2_humble/install/ament_pep257:/home/younlea/ros2_humble/install/ament_pclint:/home/younlea/ros2_humble/install/ament_package:/home/younlea/ros2_humble/install/ament_mypy:/home/younlea/ros2_humble/install/ament_lint_cmake:/home/younlea/ros2_humble/install/ament_flake8:/home/younlea/ros2_humble/install/ament_copyright:/home/younlea/ros2_humble/install/ament_lint:/home/younlea/ros2_humble/install/ament_index_python:/home/younlea/ros2_humble/install/ament_cpplint:/home/younlea/ros2_humble/install/ament_cppcheck:/home/younlea/ros2_humble/install/ament_clang_tidy:/home/younlea/ros2_humble/install/ament_clang_format /home/younlea/.local/bin/cmake /home/younlea/source/ros_test/ros2_humble_test/TaskManager_topic_srv/message -DCMAKE_INSTALL_PREFIX=/home/younlea/source/ros_test/ros2_humble_test/TaskManager_topic_srv/message/install/message
