[0.058s] Invoking command in '/home/younlea/source/ros_test/ros2_humble_test/TaskManager_topic_srv/message/build/message': CMAKE_PREFIX_PATH=${CMAKE_PREFIX_PATH}:/home/younlea/ros2_humble/install/rqt_bag_plugins:/home/younlea/ros2_humble/install/rqt_bag:/home/younlea/ros2_humble/install/ros2bag:/home/younlea/ros2_humble/install/tracetools_test:/home/younlea/ros2_humble/install/tracetools_launch:/home/younlea/ros2_humble/install/topic_monitor:/home/younlea/ros2_humble/install/tf2_tools:/home/younlea/ros2_humble/install/examples_tf2_py:/home/younlea/ros2_humble/install/tf2_ros_py:/home/younlea/ros2_humble/install/sros2:/home/younlea/ros2_humble/install/rqt_topic:/home/younlea/ros2_humble/install/rqt_srv:/home/younlea/ros2_humble/install/rqt_shell:/home/younlea/ros2_humble/install/rqt_service_caller:/home/younlea/ros2_humble/install/rqt_reconfigure:/home/younlea/ros2_humble/install/rqt_py_console:/home/younlea/ros2_humble/install/rqt_publisher:/home/younlea/ros2_humble/install/rqt_plot:/home/younlea/ros2_humble/install/rqt_action:/home/younlea/ros2_humble/install/rqt_msg:/home/younlea/ros2_humble/install/rqt_console:/home/younlea/ros2_humble/install/rqt:/home/younlea/ros2_humble/install/rqt_graph:/home/younlea/ros2_humble/install/rqt_gui_py:/home/younlea/ros2_humble/install/rqt_gui:/home/younlea/ros2_humble/install/ros2trace:/home/younlea/ros2_humble/install/ros2topic:/home/younlea/ros2_humble/install/ros2test:/home/younlea/ros2_humble/install/ros2component:/home/younlea/ros2_humble/install/ros2param:/home/younlea/ros2_humble/install/ros2lifecycle:/home/younlea/ros2_humble/install/ros2service:/home/younlea/ros2_humble/install/ros2run:/home/younlea/ros2_humble/install/ros2launch:/home/younlea/ros2_humble/install/ros2pkg:/home/younlea/ros2_humble/install/ros2node:/home/younlea/ros2_humble/install/ros2multicast:/home/younlea/ros2_humble/install/ros2interface:/home/younlea/ros2_humble/install/ros2doctor:/home/younlea/ros2_humble/install/ros2action:/home/younlea/ros2_humble/install/ros2cli:/home/younlea/ros2_humble/install/quality_of_service_demo_py:/home/younlea/ros2_humble/install/lifecycle_py:/home/younlea/ros2_humble/install/launch_testing_ros:/home/younlea/ros2_humble/install/launch_ros:/home/younlea/ros2_humble/install/examples_rclpy_pointcloud_publisher:/home/younlea/ros2_humble/install/examples_rclpy_minimal_subscriber:/home/younlea/ros2_humble/install/examples_rclpy_minimal_service:/home/younlea/ros2_humble/install/examples_rclpy_minimal_publisher:/home/younlea/ros2_humble/install/examples_rclpy_minimal_client:/home/younlea/ros2_humble/install/examples_rclpy_minimal_action_server:/home/younlea/ros2_humble/install/examples_rclpy_minimal_action_client:/home/younlea/ros2_humble/install/examples_rclpy_guard_conditions:/home/younlea/ros2_humble/install/examples_rclpy_executors:/home/younlea/ros2_humble/install/demo_nodes_py:/home/younlea/ros2_humble/install/action_tutorials_py:/home/younlea/ros2_humble/install/ament_uncrustify:/home/younlea/ros2_humble/install/tracetools_trace:/home/younlea/ros2_humble/install/tracetools_read:/home/younlea/ros2_humble/install/test_tracetools_launch:/home/younlea/ros2_humble/install/test_launch_ros:/home/younlea/ros2_humble/install/sensor_msgs_py:/home/younlea/ros2_humble/install/rpyutils:/home/younlea/ros2_humble/install/rosidl_runtime_py:/home/younlea/ros2_humble/install/rosidl_cli:/home/younlea/ros2_humble/install/launch_pytest:/home/younlea/ros2_humble/install/launch_testing:/home/younlea/ros2_humble/install/launch_yaml:/home/younlea/ros2_humble/install/launch_xml:/home/younlea/ros2_humble/install/launch:/home/younlea/ros2_humble/install/osrf_pycommon:/home/younlea/ros2_humble/install/launch_testing_examples:/home/younlea/ros2_humble/install/domain_coordinator:/home/younlea/ros2_humble/install/ament_xmllint:/home/younlea/ros2_humble/install/ament_pyflakes:/home/younlea/ros2_humble/install/ament_pycodestyle:/home/younlea/ros2_humble/install/ament_pep257:/home/younlea/ros2_humble/install/ament_pclint:/home/younlea/ros2_humble/install/ament_package:/home/younlea/ros2_humble/install/ament_mypy:/home/younlea/ros2_humble/install/ament_lint_cmake:/home/younlea/ros2_humble/install/ament_flake8:/home/younlea/ros2_humble/install/ament_copyright:/home/younlea/ros2_humble/install/ament_lint:/home/younlea/ros2_humble/install/ament_index_python:/home/younlea/ros2_humble/install/ament_cpplint:/home/younlea/ros2_humble/install/ament_cppcheck:/home/younlea/ros2_humble/install/ament_clang_tidy:/home/younlea/ros2_humble/install/ament_clang_format /home/younlea/.local/bin/cmake --build /home/younlea/source/ros_test/ros2_humble_test/TaskManager_topic_srv/message/build/message -- -j8 -l8
[0.238s] -- Found ament_cmake: 1.3.10 (/home/younlea/ros2_humble/install/ament_cmake/share/ament_cmake/cmake)
[0.584s] -- Found rosidl_default_generators: 1.2.0 (/home/younlea/ros2_humble/install/rosidl_default_generators/share/rosidl_default_generators/cmake)
[0.728s] -- Using all available rosidl_typesupport_c: rosidl_typesupport_introspection_c;rosidl_typesupport_fastrtps_c
[0.732s] -- Found rosidl_adapter: 3.1.5 (/home/younlea/ros2_humble/install/rosidl_adapter/share/rosidl_adapter/cmake)
[0.825s] -- Using all available rosidl_typesupport_cpp: rosidl_typesupport_introspection_cpp;rosidl_typesupport_fastrtps_cpp
[1.603s] -- Found ament_cmake_ros: 0.10.0 (/home/younlea/ros2_humble/install/ament_cmake_ros/share/ament_cmake_ros/cmake)
[1.832s] -- Using all available rosidl_typesupport_c: rosidl_typesupport_introspection_c;rosidl_typesupport_fastrtps_c
[2.242s] -- Using all available rosidl_typesupport_cpp: rosidl_typesupport_introspection_cpp;rosidl_typesupport_fastrtps_cpp
[2.331s] -- Found python_cmake_module: 0.10.0 (/home/younlea/ros2_humble/install/python_cmake_module/share/python_cmake_module/cmake)
[2.419s] -- Using PYTHON_EXECUTABLE: /usr/bin/python3
[2.419s] -- Using PYTHON_INCLUDE_DIRS: /usr/include/python3.10
[2.419s] -- Using PYTHON_LIBRARIES: /usr/lib/x86_64-linux-gnu/libpython3.10.so
[2.754s] -- Configuring done (2.5s)
[2.800s] -- Generating done (0.0s)
[2.804s] -- Build files have been written to: /home/younlea/source/ros_test/ros2_humble_test/TaskManager_topic_srv/message/build/message
[2.847s] [  1%] [34m[1mGenerating C code for ROS interfaces[0m
[2.866s] [  3%] [34m[1mGenerating C++ code for ROS interfaces[0m
[2.877s] [  3%] Built target ament_cmake_python_copy_message
[3.502s] [  3%] Built target message__cpp
[3.527s] [  5%] [34m[1mGenerating C++ type support for eProsima Fast-RTPS[0m
[3.527s] [  7%] [34m[1mGenerating C++ type support dispatch for ROS interfaces[0m
[3.531s] [  9%] [34m[1mGenerating C++ introspection for ROS interfaces[0m
[3.553s] [ 10%] [32mBuilding C object CMakeFiles/message__rosidl_generator_c.dir/rosidl_generator_c/message/msg/detail/data_ba__functions.c.o[0m
[3.555s] [ 12%] [32mBuilding C object CMakeFiles/message__rosidl_generator_c.dir/rosidl_generator_c/message/msg/detail/data_ab__functions.c.o[0m
[3.561s] [ 14%] [32mBuilding C object CMakeFiles/message__rosidl_generator_c.dir/rosidl_generator_c/message/srv/detail/data_ab__functions.c.o[0m
[3.567s] [ 16%] [32mBuilding C object CMakeFiles/message__rosidl_generator_c.dir/rosidl_generator_c/message/srv/detail/data_ba__functions.c.o[0m
[3.626s] running egg_info
[3.629s] writing message.egg-info/PKG-INFO
[3.630s] writing dependency_links to message.egg-info/dependency_links.txt
[3.631s] writing top-level names to message.egg-info/top_level.txt
[3.634s] reading manifest file 'message.egg-info/SOURCES.txt'
[3.635s] writing manifest file 'message.egg-info/SOURCES.txt'
[3.681s] [ 18%] [32m[1mLinking C shared library libmessage__rosidl_generator_c.so[0m
[3.685s] [ 18%] Built target ament_cmake_python_build_message_egg
[3.742s] [ 18%] Built target message__rosidl_generator_c
[3.766s] [ 20%] [34m[1mGenerating C type support for eProsima Fast-RTPS[0m
[3.767s] [ 21%] [34m[1mGenerating C introspection for ROS interfaces[0m
[3.770s] [ 23%] [34m[1mGenerating C type support dispatch for ROS interfaces[0m
[4.257s] [ 27%] [32mBuilding CXX object CMakeFiles/message__rosidl_typesupport_cpp.dir/rosidl_typesupport_cpp/message/msg/data_ba__type_support.cpp.o[0m
[4.257s] [ 29%] [32mBuilding CXX object CMakeFiles/message__rosidl_typesupport_cpp.dir/rosidl_typesupport_cpp/message/msg/data_ab__type_support.cpp.o[0m
[4.258s] [ 29%] [32mBuilding CXX object CMakeFiles/message__rosidl_typesupport_cpp.dir/rosidl_typesupport_cpp/message/srv/data_ab__type_support.cpp.o[0m
[4.290s] [ 30%] [32mBuilding CXX object CMakeFiles/message__rosidl_typesupport_introspection_cpp.dir/rosidl_typesupport_introspection_cpp/message/msg/detail/data_ab__type_support.cpp.o[0m
[4.515s] [ 32%] [32mBuilding CXX object CMakeFiles/message__rosidl_typesupport_fastrtps_cpp.dir/rosidl_typesupport_fastrtps_cpp/message/msg/detail/dds_fastrtps/data_ab__type_support.cpp.o[0m
[4.680s] [ 34%] [32mBuilding CXX object CMakeFiles/message__rosidl_typesupport_c.dir/rosidl_typesupport_c/message/msg/data_ab__type_support.cpp.o[0m
[4.765s] [ 36%] [32mBuilding CXX object CMakeFiles/message__rosidl_typesupport_fastrtps_cpp.dir/rosidl_typesupport_fastrtps_cpp/message/msg/detail/dds_fastrtps/data_ba__type_support.cpp.o[0m
[4.767s] [ 38%] [32mBuilding CXX object CMakeFiles/message__rosidl_typesupport_c.dir/rosidl_typesupport_c/message/msg/data_ba__type_support.cpp.o[0m
[4.773s] [ 40%] [32mBuilding CXX object CMakeFiles/message__rosidl_typesupport_c.dir/rosidl_typesupport_c/message/srv/data_ab__type_support.cpp.o[0m
[4.776s] [ 41%] [32mBuilding CXX object CMakeFiles/message__rosidl_typesupport_cpp.dir/rosidl_typesupport_cpp/message/srv/data_ba__type_support.cpp.o[0m
[4.858s] [ 43%] [32mBuilding CXX object CMakeFiles/message__rosidl_typesupport_fastrtps_cpp.dir/rosidl_typesupport_fastrtps_cpp/message/srv/detail/dds_fastrtps/data_ab__type_support.cpp.o[0m
[4.867s] [ 45%] [32mBuilding CXX object CMakeFiles/message__rosidl_typesupport_c.dir/rosidl_typesupport_c/message/srv/data_ba__type_support.cpp.o[0m
[4.877s] [ 47%] [32mBuilding CXX object CMakeFiles/message__rosidl_typesupport_fastrtps_c.dir/rosidl_typesupport_fastrtps_c/message/msg/detail/data_ab__type_support_c.cpp.o[0m
[4.941s] [ 49%] [32mBuilding C object CMakeFiles/message__rosidl_typesupport_introspection_c.dir/rosidl_typesupport_introspection_c/message/msg/detail/data_ab__type_support.c.o[0m
[4.959s] [ 50%] [32m[1mLinking CXX shared library libmessage__rosidl_typesupport_c.so[0m
[4.961s] [ 52%] [32mBuilding CXX object CMakeFiles/message__rosidl_typesupport_introspection_cpp.dir/rosidl_typesupport_introspection_cpp/message/msg/detail/data_ba__type_support.cpp.o[0m
[5.126s] [ 54%] [32mBuilding C object CMakeFiles/message__rosidl_typesupport_introspection_c.dir/rosidl_typesupport_introspection_c/message/msg/detail/data_ba__type_support.c.o[0m
[5.136s] [ 54%] Built target message__rosidl_typesupport_c
[5.155s] [ 56%] [32mBuilding CXX object CMakeFiles/message__rosidl_typesupport_fastrtps_c.dir/rosidl_typesupport_fastrtps_c/message/msg/detail/data_ba__type_support_c.cpp.o[0m
[5.217s] [ 58%] [32mBuilding CXX object CMakeFiles/message__rosidl_typesupport_fastrtps_cpp.dir/rosidl_typesupport_fastrtps_cpp/message/srv/detail/dds_fastrtps/data_ba__type_support.cpp.o[0m
[5.231s] [ 60%] [32mBuilding C object CMakeFiles/message__rosidl_typesupport_introspection_c.dir/rosidl_typesupport_introspection_c/message/srv/detail/data_ab__type_support.c.o[0m
[5.321s] [ 61%] [32mBuilding C object CMakeFiles/message__rosidl_typesupport_introspection_c.dir/rosidl_typesupport_introspection_c/message/srv/detail/data_ba__type_support.c.o[0m
[5.345s] [ 63%] [32m[1mLinking CXX shared library libmessage__rosidl_typesupport_cpp.so[0m
[5.435s] [ 65%] [32m[1mLinking C shared library libmessage__rosidl_typesupport_introspection_c.so[0m
[5.457s] [ 67%] [32mBuilding CXX object CMakeFiles/message__rosidl_typesupport_fastrtps_c.dir/rosidl_typesupport_fastrtps_c/message/srv/detail/data_ab__type_support_c.cpp.o[0m
[5.481s] [ 67%] Built target message__rosidl_typesupport_cpp
[5.503s] [ 69%] [32mBuilding CXX object CMakeFiles/message__rosidl_typesupport_fastrtps_c.dir/rosidl_typesupport_fastrtps_c/message/srv/detail/data_ba__type_support_c.cpp.o[0m
[5.511s] [ 70%] [32mBuilding CXX object CMakeFiles/message__rosidl_typesupport_introspection_cpp.dir/rosidl_typesupport_introspection_cpp/message/srv/detail/data_ab__type_support.cpp.o[0m
[5.537s] [ 70%] Built target message__rosidl_typesupport_introspection_c
[5.557s] [ 72%] [32mBuilding CXX object CMakeFiles/message__rosidl_typesupport_introspection_cpp.dir/rosidl_typesupport_introspection_cpp/message/srv/detail/data_ba__type_support.cpp.o[0m
[5.941s] [ 74%] [32m[1mLinking CXX shared library libmessage__rosidl_typesupport_fastrtps_cpp.so[0m
[6.023s] [ 76%] [32m[1mLinking CXX shared library libmessage__rosidl_typesupport_fastrtps_c.so[0m
[6.064s] [ 76%] Built target message__rosidl_typesupport_fastrtps_cpp
[6.116s] [ 78%] [32m[1mLinking CXX shared library libmessage__rosidl_typesupport_introspection_cpp.so[0m
[6.128s] [ 78%] Built target message__rosidl_typesupport_fastrtps_c
[6.181s] [ 78%] Built target message__rosidl_typesupport_introspection_cpp
[6.219s] [ 78%] Built target message
[6.270s] [ 80%] [34m[1mGenerating Python code for ROS interfaces[0m
[7.071s] [ 80%] Built target message__py
[7.119s] [ 81%] [32mBuilding C object CMakeFiles/message__rosidl_generator_py.dir/rosidl_generator_py/message/msg/_data_ab_s.c.o[0m
[7.120s] [ 83%] [32mBuilding C object CMakeFiles/message__rosidl_generator_py.dir/rosidl_generator_py/message/msg/_data_ba_s.c.o[0m
[7.121s] [ 87%] [32mBuilding C object CMakeFiles/message__rosidl_generator_py.dir/rosidl_generator_py/message/srv/_data_ba_s.c.o[0m
[7.121s] [ 87%] [32mBuilding C object CMakeFiles/message__rosidl_generator_py.dir/rosidl_generator_py/message/srv/_data_ab_s.c.o[0m
[7.255s] [ 89%] [32m[1mLinking C shared library rosidl_generator_py/message/libmessage__rosidl_generator_py.so[0m
[7.313s] [ 89%] Built target message__rosidl_generator_py
[7.359s] [ 90%] [32mBuilding C object CMakeFiles/message__rosidl_typesupport_fastrtps_c__pyext.dir/rosidl_generator_py/message/_message_s.ep.rosidl_typesupport_fastrtps_c.c.o[0m
[7.359s] [ 92%] [32mBuilding C object CMakeFiles/message__rosidl_typesupport_c__pyext.dir/rosidl_generator_py/message/_message_s.ep.rosidl_typesupport_c.c.o[0m
[7.360s] [ 94%] [32mBuilding C object CMakeFiles/message__rosidl_typesupport_introspection_c__pyext.dir/rosidl_generator_py/message/_message_s.ep.rosidl_typesupport_introspection_c.c.o[0m
[7.494s] [ 96%] [32m[1mLinking C shared library rosidl_generator_py/message/message_s__rosidl_typesupport_c.cpython-310-x86_64-linux-gnu.so[0m
[7.496s] [ 98%] [32m[1mLinking C shared library rosidl_generator_py/message/message_s__rosidl_typesupport_introspection_c.cpython-310-x86_64-linux-gnu.so[0m
[7.505s] [100%] [32m[1mLinking C shared library rosidl_generator_py/message/message_s__rosidl_typesupport_fastrtps_c.cpython-310-x86_64-linux-gnu.so[0m
[7.550s] [100%] Built target message__rosidl_typesupport_c__pyext
[7.552s] [100%] Built target message__rosidl_typesupport_introspection_c__pyext
[7.562s] [100%] Built target message__rosidl_typesupport_fastrtps_c__pyext
[7.578s] Invoked command in '/home/younlea/source/ros_test/ros2_humble_test/TaskManager_topic_srv/message/build/message' returned '0': CMAKE_PREFIX_PATH=${CMAKE_PREFIX_PATH}:/home/younlea/ros2_humble/install/rqt_bag_plugins:/home/younlea/ros2_humble/install/rqt_bag:/home/younlea/ros2_humble/install/ros2bag:/home/younlea/ros2_humble/install/tracetools_test:/home/younlea/ros2_humble/install/tracetools_launch:/home/younlea/ros2_humble/install/topic_monitor:/home/younlea/ros2_humble/install/tf2_tools:/home/younlea/ros2_humble/install/examples_tf2_py:/home/younlea/ros2_humble/install/tf2_ros_py:/home/younlea/ros2_humble/install/sros2:/home/younlea/ros2_humble/install/rqt_topic:/home/younlea/ros2_humble/install/rqt_srv:/home/younlea/ros2_humble/install/rqt_shell:/home/younlea/ros2_humble/install/rqt_service_caller:/home/younlea/ros2_humble/install/rqt_reconfigure:/home/younlea/ros2_humble/install/rqt_py_console:/home/younlea/ros2_humble/install/rqt_publisher:/home/younlea/ros2_humble/install/rqt_plot:/home/younlea/ros2_humble/install/rqt_action:/home/younlea/ros2_humble/install/rqt_msg:/home/younlea/ros2_humble/install/rqt_console:/home/younlea/ros2_humble/install/rqt:/home/younlea/ros2_humble/install/rqt_graph:/home/younlea/ros2_humble/install/rqt_gui_py:/home/younlea/ros2_humble/install/rqt_gui:/home/younlea/ros2_humble/install/ros2trace:/home/younlea/ros2_humble/install/ros2topic:/home/younlea/ros2_humble/install/ros2test:/home/younlea/ros2_humble/install/ros2component:/home/younlea/ros2_humble/install/ros2param:/home/younlea/ros2_humble/install/ros2lifecycle:/home/younlea/ros2_humble/install/ros2service:/home/younlea/ros2_humble/install/ros2run:/home/younlea/ros2_humble/install/ros2launch:/home/younlea/ros2_humble/install/ros2pkg:/home/younlea/ros2_humble/install/ros2node:/home/younlea/ros2_humble/install/ros2multicast:/home/younlea/ros2_humble/install/ros2interface:/home/younlea/ros2_humble/install/ros2doctor:/home/younlea/ros2_humble/install/ros2action:/home/younlea/ros2_humble/install/ros2cli:/home/younlea/ros2_humble/install/quality_of_service_demo_py:/home/younlea/ros2_humble/install/lifecycle_py:/home/younlea/ros2_humble/install/launch_testing_ros:/home/younlea/ros2_humble/install/launch_ros:/home/younlea/ros2_humble/install/examples_rclpy_pointcloud_publisher:/home/younlea/ros2_humble/install/examples_rclpy_minimal_subscriber:/home/younlea/ros2_humble/install/examples_rclpy_minimal_service:/home/younlea/ros2_humble/install/examples_rclpy_minimal_publisher:/home/younlea/ros2_humble/install/examples_rclpy_minimal_client:/home/younlea/ros2_humble/install/examples_rclpy_minimal_action_server:/home/younlea/ros2_humble/install/examples_rclpy_minimal_action_client:/home/younlea/ros2_humble/install/examples_rclpy_guard_conditions:/home/younlea/ros2_humble/install/examples_rclpy_executors:/home/younlea/ros2_humble/install/demo_nodes_py:/home/younlea/ros2_humble/install/action_tutorials_py:/home/younlea/ros2_humble/install/ament_uncrustify:/home/younlea/ros2_humble/install/tracetools_trace:/home/younlea/ros2_humble/install/tracetools_read:/home/younlea/ros2_humble/install/test_tracetools_launch:/home/younlea/ros2_humble/install/test_launch_ros:/home/younlea/ros2_humble/install/sensor_msgs_py:/home/younlea/ros2_humble/install/rpyutils:/home/younlea/ros2_humble/install/rosidl_runtime_py:/home/younlea/ros2_humble/install/rosidl_cli:/home/younlea/ros2_humble/install/launch_pytest:/home/younlea/ros2_humble/install/launch_testing:/home/younlea/ros2_humble/install/launch_yaml:/home/younlea/ros2_humble/install/launch_xml:/home/younlea/ros2_humble/install/launch:/home/younlea/ros2_humble/install/osrf_pycommon:/home/younlea/ros2_humble/install/launch_testing_examples:/home/younlea/ros2_humble/install/domain_coordinator:/home/younlea/ros2_humble/install/ament_xmllint:/home/younlea/ros2_humble/install/ament_pyflakes:/home/younlea/ros2_humble/install/ament_pycodestyle:/home/younlea/ros2_humble/install/ament_pep257:/home/younlea/ros2_humble/install/ament_pclint:/home/younlea/ros2_humble/install/ament_package:/home/younlea/ros2_humble/install/ament_mypy:/home/younlea/ros2_humble/install/ament_lint_cmake:/home/younlea/ros2_humble/install/ament_flake8:/home/younlea/ros2_humble/install/ament_copyright:/home/younlea/ros2_humble/install/ament_lint:/home/younlea/ros2_humble/install/ament_index_python:/home/younlea/ros2_humble/install/ament_cpplint:/home/younlea/ros2_humble/install/ament_cppcheck:/home/younlea/ros2_humble/install/ament_clang_tidy:/home/younlea/ros2_humble/install/ament_clang_format /home/younlea/.local/bin/cmake --build /home/younlea/source/ros_test/ros2_humble_test/TaskManager_topic_srv/message/build/message -- -j8 -l8
[8.549s] Invoking command in '/home/younlea/source/ros_test/ros2_humble_test/TaskManager_topic_srv/message/build/message': CMAKE_PREFIX_PATH=${CMAKE_PREFIX_PATH}:/home/younlea/ros2_humble/install/rqt_bag_plugins:/home/younlea/ros2_humble/install/rqt_bag:/home/younlea/ros2_humble/install/ros2bag:/home/younlea/ros2_humble/install/tracetools_test:/home/younlea/ros2_humble/install/tracetools_launch:/home/younlea/ros2_humble/install/topic_monitor:/home/younlea/ros2_humble/install/tf2_tools:/home/younlea/ros2_humble/install/examples_tf2_py:/home/younlea/ros2_humble/install/tf2_ros_py:/home/younlea/ros2_humble/install/sros2:/home/younlea/ros2_humble/install/rqt_topic:/home/younlea/ros2_humble/install/rqt_srv:/home/younlea/ros2_humble/install/rqt_shell:/home/younlea/ros2_humble/install/rqt_service_caller:/home/younlea/ros2_humble/install/rqt_reconfigure:/home/younlea/ros2_humble/install/rqt_py_console:/home/younlea/ros2_humble/install/rqt_publisher:/home/younlea/ros2_humble/install/rqt_plot:/home/younlea/ros2_humble/install/rqt_action:/home/younlea/ros2_humble/install/rqt_msg:/home/younlea/ros2_humble/install/rqt_console:/home/younlea/ros2_humble/install/rqt:/home/younlea/ros2_humble/install/rqt_graph:/home/younlea/ros2_humble/install/rqt_gui_py:/home/younlea/ros2_humble/install/rqt_gui:/home/younlea/ros2_humble/install/ros2trace:/home/younlea/ros2_humble/install/ros2topic:/home/younlea/ros2_humble/install/ros2test:/home/younlea/ros2_humble/install/ros2component:/home/younlea/ros2_humble/install/ros2param:/home/younlea/ros2_humble/install/ros2lifecycle:/home/younlea/ros2_humble/install/ros2service:/home/younlea/ros2_humble/install/ros2run:/home/younlea/ros2_humble/install/ros2launch:/home/younlea/ros2_humble/install/ros2pkg:/home/younlea/ros2_humble/install/ros2node:/home/younlea/ros2_humble/install/ros2multicast:/home/younlea/ros2_humble/install/ros2interface:/home/younlea/ros2_humble/install/ros2doctor:/home/younlea/ros2_humble/install/ros2action:/home/younlea/ros2_humble/install/ros2cli:/home/younlea/ros2_humble/install/quality_of_service_demo_py:/home/younlea/ros2_humble/install/lifecycle_py:/home/younlea/ros2_humble/install/launch_testing_ros:/home/younlea/ros2_humble/install/launch_ros:/home/younlea/ros2_humble/install/examples_rclpy_pointcloud_publisher:/home/younlea/ros2_humble/install/examples_rclpy_minimal_subscriber:/home/younlea/ros2_humble/install/examples_rclpy_minimal_service:/home/younlea/ros2_humble/install/examples_rclpy_minimal_publisher:/home/younlea/ros2_humble/install/examples_rclpy_minimal_client:/home/younlea/ros2_humble/install/examples_rclpy_minimal_action_server:/home/younlea/ros2_humble/install/examples_rclpy_minimal_action_client:/home/younlea/ros2_humble/install/examples_rclpy_guard_conditions:/home/younlea/ros2_humble/install/examples_rclpy_executors:/home/younlea/ros2_humble/install/demo_nodes_py:/home/younlea/ros2_humble/install/action_tutorials_py:/home/younlea/ros2_humble/install/ament_uncrustify:/home/younlea/ros2_humble/install/tracetools_trace:/home/younlea/ros2_humble/install/tracetools_read:/home/younlea/ros2_humble/install/test_tracetools_launch:/home/younlea/ros2_humble/install/test_launch_ros:/home/younlea/ros2_humble/install/sensor_msgs_py:/home/younlea/ros2_humble/install/rpyutils:/home/younlea/ros2_humble/install/rosidl_runtime_py:/home/younlea/ros2_humble/install/rosidl_cli:/home/younlea/ros2_humble/install/launch_pytest:/home/younlea/ros2_humble/install/launch_testing:/home/younlea/ros2_humble/install/launch_yaml:/home/younlea/ros2_humble/install/launch_xml:/home/younlea/ros2_humble/install/launch:/home/younlea/ros2_humble/install/osrf_pycommon:/home/younlea/ros2_humble/install/launch_testing_examples:/home/younlea/ros2_humble/install/domain_coordinator:/home/younlea/ros2_humble/install/ament_xmllint:/home/younlea/ros2_humble/install/ament_pyflakes:/home/younlea/ros2_humble/install/ament_pycodestyle:/home/younlea/ros2_humble/install/ament_pep257:/home/younlea/ros2_humble/install/ament_pclint:/home/younlea/ros2_humble/install/ament_package:/home/younlea/ros2_humble/install/ament_mypy:/home/younlea/ros2_humble/install/ament_lint_cmake:/home/younlea/ros2_humble/install/ament_flake8:/home/younlea/ros2_humble/install/ament_copyright:/home/younlea/ros2_humble/install/ament_lint:/home/younlea/ros2_humble/install/ament_index_python:/home/younlea/ros2_humble/install/ament_cpplint:/home/younlea/ros2_humble/install/ament_cppcheck:/home/younlea/ros2_humble/install/ament_clang_tidy:/home/younlea/ros2_humble/install/ament_clang_format /home/younlea/.local/bin/cmake --install /home/younlea/source/ros_test/ros2_humble_test/TaskManager_topic_srv/message/build/message
[8.678s] -- Install configuration: ""
[8.679s] -- Up-to-date: /home/younlea/source/ros_test/ros2_humble_test/TaskManager_topic_srv/message/install/message/share/ament_index/resource_index/rosidl_interfaces/message
[8.679s] -- Up-to-date: /home/younlea/source/ros_test/ros2_humble_test/TaskManager_topic_srv/message/install/message/include/message/message
[8.679s] -- Up-to-date: /home/younlea/source/ros_test/ros2_humble_test/TaskManager_topic_srv/message/install/message/include/message/message/srv
[8.679s] -- Installing: /home/younlea/source/ros_test/ros2_humble_test/TaskManager_topic_srv/message/install/message/include/message/message/srv/data_ba.h
[8.679s] -- Up-to-date: /home/younlea/source/ros_test/ros2_humble_test/TaskManager_topic_srv/message/install/message/include/message/message/srv/detail
[8.679s] -- Installing: /home/younlea/source/ros_test/ros2_humble_test/TaskManager_topic_srv/message/install/message/include/message/message/srv/detail/data_ba__functions.h
[8.680s] -- Installing: /home/younlea/source/ros_test/ros2_humble_test/TaskManager_topic_srv/message/install/message/include/message/message/srv/detail/data_ba__type_support.h
[8.680s] -- Installing: /home/younlea/source/ros_test/ros2_humble_test/TaskManager_topic_srv/message/install/message/include/message/message/srv/detail/data_ba__functions.c
[8.680s] -- Installing: /home/younlea/source/ros_test/ros2_humble_test/TaskManager_topic_srv/message/install/message/include/message/message/srv/detail/data_ab__struct.h
[8.680s] -- Installing: /home/younlea/source/ros_test/ros2_humble_test/TaskManager_topic_srv/message/install/message/include/message/message/srv/detail/data_ab__type_support.h
[8.680s] -- Installing: /home/younlea/source/ros_test/ros2_humble_test/TaskManager_topic_srv/message/install/message/include/message/message/srv/detail/data_ab__functions.h
[8.680s] -- Installing: /home/younlea/source/ros_test/ros2_humble_test/TaskManager_topic_srv/message/install/message/include/message/message/srv/detail/data_ab__functions.c
[8.680s] -- Installing: /home/younlea/source/ros_test/ros2_humble_test/TaskManager_topic_srv/message/install/message/include/message/message/srv/detail/data_ba__struct.h
[8.680s] -- Installing: /home/younlea/source/ros_test/ros2_humble_test/TaskManager_topic_srv/message/install/message/include/message/message/srv/data_ab.h
[8.681s] -- Up-to-date: /home/younlea/source/ros_test/ros2_humble_test/TaskManager_topic_srv/message/install/message/include/message/message/msg
[8.681s] -- Installing: /home/younlea/source/ros_test/ros2_humble_test/TaskManager_topic_srv/message/install/message/include/message/message/msg/data_ba.h
[8.681s] -- Up-to-date: /home/younlea/source/ros_test/ros2_humble_test/TaskManager_topic_srv/message/install/message/include/message/message/msg/detail
[8.681s] -- Installing: /home/younlea/source/ros_test/ros2_humble_test/TaskManager_topic_srv/message/install/message/include/message/message/msg/detail/data_ba__functions.h
[8.681s] -- Installing: /home/younlea/source/ros_test/ros2_humble_test/TaskManager_topic_srv/message/install/message/include/message/message/msg/detail/data_ba__type_support.h
[8.681s] -- Installing: /home/younlea/source/ros_test/ros2_humble_test/TaskManager_topic_srv/message/install/message/include/message/message/msg/detail/data_ba__functions.c
[8.681s] -- Installing: /home/younlea/source/ros_test/ros2_humble_test/TaskManager_topic_srv/message/install/message/include/message/message/msg/detail/data_ab__struct.h
[8.682s] -- Installing: /home/younlea/source/ros_test/ros2_humble_test/TaskManager_topic_srv/message/install/message/include/message/message/msg/detail/data_ab__type_support.h
[8.682s] -- Installing: /home/younlea/source/ros_test/ros2_humble_test/TaskManager_topic_srv/message/install/message/include/message/message/msg/detail/data_ab__functions.h
[8.682s] -- Installing: /home/younlea/source/ros_test/ros2_humble_test/TaskManager_topic_srv/message/install/message/include/message/message/msg/detail/data_ab__functions.c
[8.682s] -- Installing: /home/younlea/source/ros_test/ros2_humble_test/TaskManager_topic_srv/message/install/message/include/message/message/msg/detail/data_ba__struct.h
[8.682s] -- Up-to-date: /home/younlea/source/ros_test/ros2_humble_test/TaskManager_topic_srv/message/install/message/include/message/message/msg/rosidl_generator_c__visibility_control.h
[8.683s] -- Installing: /home/younlea/source/ros_test/ros2_humble_test/TaskManager_topic_srv/message/install/message/include/message/message/msg/data_ab.h
[8.683s] -- Up-to-date: /home/younlea/source/ros_test/ros2_humble_test/TaskManager_topic_srv/message/install/message/share/message/environment/library_path.sh
[8.683s] -- Installing: /home/younlea/source/ros_test/ros2_humble_test/TaskManager_topic_srv/message/install/message/share/message/environment/library_path.dsv
[8.683s] -- Installing: /home/younlea/source/ros_test/ros2_humble_test/TaskManager_topic_srv/message/install/message/lib/libmessage__rosidl_generator_c.so
[8.684s] -- Set runtime path of "/home/younlea/source/ros_test/ros2_humble_test/TaskManager_topic_srv/message/install/message/lib/libmessage__rosidl_generator_c.so" to ""
[8.684s] -- Up-to-date: /home/younlea/source/ros_test/ros2_humble_test/TaskManager_topic_srv/message/install/message/include/message/message
[8.684s] -- Up-to-date: /home/younlea/source/ros_test/ros2_humble_test/TaskManager_topic_srv/message/install/message/include/message/message/srv
[8.684s] -- Up-to-date: /home/younlea/source/ros_test/ros2_humble_test/TaskManager_topic_srv/message/install/message/include/message/message/srv/detail
[8.684s] -- Installing: /home/younlea/source/ros_test/ros2_humble_test/TaskManager_topic_srv/message/install/message/include/message/message/srv/detail/data_ba__rosidl_typesupport_introspection_c.h
[8.684s] -- Installing: /home/younlea/source/ros_test/ros2_humble_test/TaskManager_topic_srv/message/install/message/include/message/message/srv/detail/data_ab__rosidl_typesupport_introspection_c.h
[8.684s] -- Installing: /home/younlea/source/ros_test/ros2_humble_test/TaskManager_topic_srv/message/install/message/include/message/message/srv/detail/data_ba__type_support.c
[8.684s] -- Installing: /home/younlea/source/ros_test/ros2_humble_test/TaskManager_topic_srv/message/install/message/include/message/message/srv/detail/data_ab__type_support.c
[8.685s] -- Up-to-date: /home/younlea/source/ros_test/ros2_humble_test/TaskManager_topic_srv/message/install/message/include/message/message/msg
[8.685s] -- Up-to-date: /home/younlea/source/ros_test/ros2_humble_test/TaskManager_topic_srv/message/install/message/include/message/message/msg/detail
[8.685s] -- Installing: /home/younlea/source/ros_test/ros2_humble_test/TaskManager_topic_srv/message/install/message/include/message/message/msg/detail/data_ba__rosidl_typesupport_introspection_c.h
[8.685s] -- Installing: /home/younlea/source/ros_test/ros2_humble_test/TaskManager_topic_srv/message/install/message/include/message/message/msg/detail/data_ab__rosidl_typesupport_introspection_c.h
[8.685s] -- Installing: /home/younlea/source/ros_test/ros2_humble_test/TaskManager_topic_srv/message/install/message/include/message/message/msg/detail/data_ba__type_support.c
[8.685s] -- Installing: /home/younlea/source/ros_test/ros2_humble_test/TaskManager_topic_srv/message/install/message/include/message/message/msg/detail/data_ab__type_support.c
[8.686s] -- Up-to-date: /home/younlea/source/ros_test/ros2_humble_test/TaskManager_topic_srv/message/install/message/include/message/message/msg/rosidl_typesupport_introspection_c__visibility_control.h
[8.686s] -- Installing: /home/younlea/source/ros_test/ros2_humble_test/TaskManager_topic_srv/message/install/message/lib/libmessage__rosidl_typesupport_introspection_c.so
[8.686s] -- Set runtime path of "/home/younlea/source/ros_test/ros2_humble_test/TaskManager_topic_srv/message/install/message/lib/libmessage__rosidl_typesupport_introspection_c.so" to ""
[8.687s] -- Up-to-date: /home/younlea/source/ros_test/ros2_humble_test/TaskManager_topic_srv/message/install/message/include/message/message
[8.687s] -- Up-to-date: /home/younlea/source/ros_test/ros2_humble_test/TaskManager_topic_srv/message/install/message/include/message/message/srv
[8.687s] -- Up-to-date: /home/younlea/source/ros_test/ros2_humble_test/TaskManager_topic_srv/message/install/message/include/message/message/srv/detail
[8.687s] -- Installing: /home/younlea/source/ros_test/ros2_humble_test/TaskManager_topic_srv/message/install/message/include/message/message/srv/detail/data_ba__rosidl_typesupport_fastrtps_c.h
[8.687s] -- Installing: /home/younlea/source/ros_test/ros2_humble_test/TaskManager_topic_srv/message/install/message/include/message/message/srv/detail/data_ab__rosidl_typesupport_fastrtps_c.h
[8.687s] -- Up-to-date: /home/younlea/source/ros_test/ros2_humble_test/TaskManager_topic_srv/message/install/message/include/message/message/msg
[8.688s] -- Up-to-date: /home/younlea/source/ros_test/ros2_humble_test/TaskManager_topic_srv/message/install/message/include/message/message/msg/detail
[8.688s] -- Installing: /home/younlea/source/ros_test/ros2_humble_test/TaskManager_topic_srv/message/install/message/include/message/message/msg/detail/data_ba__rosidl_typesupport_fastrtps_c.h
[8.688s] -- Installing: /home/younlea/source/ros_test/ros2_humble_test/TaskManager_topic_srv/message/install/message/include/message/message/msg/detail/data_ab__rosidl_typesupport_fastrtps_c.h
[8.688s] -- Up-to-date: /home/younlea/source/ros_test/ros2_humble_test/TaskManager_topic_srv/message/install/message/include/message/message/msg/rosidl_typesupport_fastrtps_c__visibility_control.h
[8.688s] -- Installing: /home/younlea/source/ros_test/ros2_humble_test/TaskManager_topic_srv/message/install/message/lib/libmessage__rosidl_typesupport_fastrtps_c.so
[8.688s] -- Set runtime path of "/home/younlea/source/ros_test/ros2_humble_test/TaskManager_topic_srv/message/install/message/lib/libmessage__rosidl_typesupport_fastrtps_c.so" to ""
[8.688s] -- Installing: /home/younlea/source/ros_test/ros2_humble_test/TaskManager_topic_srv/message/install/message/lib/libmessage__rosidl_typesupport_c.so
[8.689s] -- Set runtime path of "/home/younlea/source/ros_test/ros2_humble_test/TaskManager_topic_srv/message/install/message/lib/libmessage__rosidl_typesupport_c.so" to ""
[8.689s] -- Up-to-date: /home/younlea/source/ros_test/ros2_humble_test/TaskManager_topic_srv/message/install/message/include/message/message
[8.689s] -- Up-to-date: /home/younlea/source/ros_test/ros2_humble_test/TaskManager_topic_srv/message/install/message/include/message/message/srv
[8.689s] -- Up-to-date: /home/younlea/source/ros_test/ros2_humble_test/TaskManager_topic_srv/message/install/message/include/message/message/srv/detail
[8.690s] -- Installing: /home/younlea/source/ros_test/ros2_humble_test/TaskManager_topic_srv/message/install/message/include/message/message/srv/detail/data_ab__struct.hpp
[8.690s] -- Installing: /home/younlea/source/ros_test/ros2_humble_test/TaskManager_topic_srv/message/install/message/include/message/message/srv/detail/data_ba__builder.hpp
[8.690s] -- Installing: /home/younlea/source/ros_test/ros2_humble_test/TaskManager_topic_srv/message/install/message/include/message/message/srv/detail/data_ab__builder.hpp
[8.690s] -- Installing: /home/younlea/source/ros_test/ros2_humble_test/TaskManager_topic_srv/message/install/message/include/message/message/srv/detail/data_ba__traits.hpp
[8.690s] -- Installing: /home/younlea/source/ros_test/ros2_humble_test/TaskManager_topic_srv/message/install/message/include/message/message/srv/detail/data_ba__struct.hpp
[8.690s] -- Installing: /home/younlea/source/ros_test/ros2_humble_test/TaskManager_topic_srv/message/install/message/include/message/message/srv/detail/data_ab__traits.hpp
[8.690s] -- Installing: /home/younlea/source/ros_test/ros2_humble_test/TaskManager_topic_srv/message/install/message/include/message/message/srv/data_ab.hpp
[8.690s] -- Installing: /home/younlea/source/ros_test/ros2_humble_test/TaskManager_topic_srv/message/install/message/include/message/message/srv/data_ba.hpp
[8.690s] -- Up-to-date: /home/younlea/source/ros_test/ros2_humble_test/TaskManager_topic_srv/message/install/message/include/message/message/msg
[8.691s] -- Up-to-date: /home/younlea/source/ros_test/ros2_humble_test/TaskManager_topic_srv/message/install/message/include/message/message/msg/detail
[8.691s] -- Installing: /home/younlea/source/ros_test/ros2_humble_test/TaskManager_topic_srv/message/install/message/include/message/message/msg/detail/data_ab__struct.hpp
[8.691s] -- Installing: /home/younlea/source/ros_test/ros2_humble_test/TaskManager_topic_srv/message/install/message/include/message/message/msg/detail/data_ba__builder.hpp
[8.691s] -- Installing: /home/younlea/source/ros_test/ros2_humble_test/TaskManager_topic_srv/message/install/message/include/message/message/msg/detail/data_ab__builder.hpp
[8.691s] -- Installing: /home/younlea/source/ros_test/ros2_humble_test/TaskManager_topic_srv/message/install/message/include/message/message/msg/detail/data_ba__traits.hpp
[8.691s] -- Installing: /home/younlea/source/ros_test/ros2_humble_test/TaskManager_topic_srv/message/install/message/include/message/message/msg/detail/data_ba__struct.hpp
[8.691s] -- Installing: /home/younlea/source/ros_test/ros2_humble_test/TaskManager_topic_srv/message/install/message/include/message/message/msg/detail/data_ab__traits.hpp
[8.691s] -- Installing: /home/younlea/source/ros_test/ros2_humble_test/TaskManager_topic_srv/message/install/message/include/message/message/msg/data_ab.hpp
[8.691s] -- Installing: /home/younlea/source/ros_test/ros2_humble_test/TaskManager_topic_srv/message/install/message/include/message/message/msg/data_ba.hpp
[8.692s] -- Up-to-date: /home/younlea/source/ros_test/ros2_humble_test/TaskManager_topic_srv/message/install/message/include/message/message
[8.692s] -- Up-to-date: /home/younlea/source/ros_test/ros2_humble_test/TaskManager_topic_srv/message/install/message/include/message/message/srv
[8.692s] -- Up-to-date: /home/younlea/source/ros_test/ros2_humble_test/TaskManager_topic_srv/message/install/message/include/message/message/srv/detail
[8.692s] -- Installing: /home/younlea/source/ros_test/ros2_humble_test/TaskManager_topic_srv/message/install/message/include/message/message/srv/detail/data_ab__rosidl_typesupport_introspection_cpp.hpp
[8.692s] -- Installing: /home/younlea/source/ros_test/ros2_humble_test/TaskManager_topic_srv/message/install/message/include/message/message/srv/detail/data_ba__type_support.cpp
[8.692s] -- Installing: /home/younlea/source/ros_test/ros2_humble_test/TaskManager_topic_srv/message/install/message/include/message/message/srv/detail/data_ab__type_support.cpp
[8.692s] -- Installing: /home/younlea/source/ros_test/ros2_humble_test/TaskManager_topic_srv/message/install/message/include/message/message/srv/detail/data_ba__rosidl_typesupport_introspection_cpp.hpp
[8.693s] -- Up-to-date: /home/younlea/source/ros_test/ros2_humble_test/TaskManager_topic_srv/message/install/message/include/message/message/msg
[8.693s] -- Up-to-date: /home/younlea/source/ros_test/ros2_humble_test/TaskManager_topic_srv/message/install/message/include/message/message/msg/detail
[8.693s] -- Installing: /home/younlea/source/ros_test/ros2_humble_test/TaskManager_topic_srv/message/install/message/include/message/message/msg/detail/data_ab__rosidl_typesupport_introspection_cpp.hpp
[8.693s] -- Installing: /home/younlea/source/ros_test/ros2_humble_test/TaskManager_topic_srv/message/install/message/include/message/message/msg/detail/data_ba__type_support.cpp
[8.693s] -- Installing: /home/younlea/source/ros_test/ros2_humble_test/TaskManager_topic_srv/message/install/message/include/message/message/msg/detail/data_ab__type_support.cpp
[8.693s] -- Installing: /home/younlea/source/ros_test/ros2_humble_test/TaskManager_topic_srv/message/install/message/include/message/message/msg/detail/data_ba__rosidl_typesupport_introspection_cpp.hpp
[8.694s] -- Installing: /home/younlea/source/ros_test/ros2_humble_test/TaskManager_topic_srv/message/install/message/lib/libmessage__rosidl_typesupport_introspection_cpp.so
[8.694s] -- Set runtime path of "/home/younlea/source/ros_test/ros2_humble_test/TaskManager_topic_srv/message/install/message/lib/libmessage__rosidl_typesupport_introspection_cpp.so" to ""
[8.694s] -- Up-to-date: /home/younlea/source/ros_test/ros2_humble_test/TaskManager_topic_srv/message/install/message/include/message/message
[8.694s] -- Up-to-date: /home/younlea/source/ros_test/ros2_humble_test/TaskManager_topic_srv/message/install/message/include/message/message/srv
[8.694s] -- Up-to-date: /home/younlea/source/ros_test/ros2_humble_test/TaskManager_topic_srv/message/install/message/include/message/message/srv/detail
[8.695s] -- Installing: /home/younlea/source/ros_test/ros2_humble_test/TaskManager_topic_srv/message/install/message/include/message/message/srv/detail/data_ba__rosidl_typesupport_fastrtps_cpp.hpp
[8.695s] -- Installing: /home/younlea/source/ros_test/ros2_humble_test/TaskManager_topic_srv/message/install/message/include/message/message/srv/detail/data_ab__rosidl_typesupport_fastrtps_cpp.hpp
[8.695s] -- Up-to-date: /home/younlea/source/ros_test/ros2_humble_test/TaskManager_topic_srv/message/install/message/include/message/message/srv/detail/dds_fastrtps
[8.695s] -- Up-to-date: /home/younlea/source/ros_test/ros2_humble_test/TaskManager_topic_srv/message/install/message/include/message/message/msg
[8.695s] -- Up-to-date: /home/younlea/source/ros_test/ros2_humble_test/TaskManager_topic_srv/message/install/message/include/message/message/msg/detail
[8.695s] -- Installing: /home/younlea/source/ros_test/ros2_humble_test/TaskManager_topic_srv/message/install/message/include/message/message/msg/detail/data_ba__rosidl_typesupport_fastrtps_cpp.hpp
[8.695s] -- Installing: /home/younlea/source/ros_test/ros2_humble_test/TaskManager_topic_srv/message/install/message/include/message/message/msg/detail/data_ab__rosidl_typesupport_fastrtps_cpp.hpp
[8.695s] -- Up-to-date: /home/younlea/source/ros_test/ros2_humble_test/TaskManager_topic_srv/message/install/message/include/message/message/msg/detail/dds_fastrtps
[8.695s] -- Up-to-date: /home/younlea/source/ros_test/ros2_humble_test/TaskManager_topic_srv/message/install/message/include/message/message/msg/rosidl_typesupport_fastrtps_cpp__visibility_control.h
[8.695s] -- Installing: /home/younlea/source/ros_test/ros2_humble_test/TaskManager_topic_srv/message/install/message/lib/libmessage__rosidl_typesupport_fastrtps_cpp.so
[8.696s] -- Set runtime path of "/home/younlea/source/ros_test/ros2_humble_test/TaskManager_topic_srv/message/install/message/lib/libmessage__rosidl_typesupport_fastrtps_cpp.so" to ""
[8.696s] -- Installing: /home/younlea/source/ros_test/ros2_humble_test/TaskManager_topic_srv/message/install/message/lib/libmessage__rosidl_typesupport_cpp.so
[8.697s] -- Set runtime path of "/home/younlea/source/ros_test/ros2_humble_test/TaskManager_topic_srv/message/install/message/lib/libmessage__rosidl_typesupport_cpp.so" to ""
[8.697s] -- Up-to-date: /home/younlea/source/ros_test/ros2_humble_test/TaskManager_topic_srv/message/install/message/share/message/environment/pythonpath.sh
[8.697s] -- Installing: /home/younlea/source/ros_test/ros2_humble_test/TaskManager_topic_srv/message/install/message/share/message/environment/pythonpath.dsv
[8.697s] -- Up-to-date: /home/younlea/source/ros_test/ros2_humble_test/TaskManager_topic_srv/message/install/message/local/lib/python3.10/dist-packages/message-0.0.0-py3.10.egg-info
[8.697s] -- Installing: /home/younlea/source/ros_test/ros2_humble_test/TaskManager_topic_srv/message/install/message/local/lib/python3.10/dist-packages/message-0.0.0-py3.10.egg-info/top_level.txt
[8.697s] -- Installing: /home/younlea/source/ros_test/ros2_humble_test/TaskManager_topic_srv/message/install/message/local/lib/python3.10/dist-packages/message-0.0.0-py3.10.egg-info/SOURCES.txt
[8.697s] -- Installing: /home/younlea/source/ros_test/ros2_humble_test/TaskManager_topic_srv/message/install/message/local/lib/python3.10/dist-packages/message-0.0.0-py3.10.egg-info/PKG-INFO
[8.697s] -- Installing: /home/younlea/source/ros_test/ros2_humble_test/TaskManager_topic_srv/message/install/message/local/lib/python3.10/dist-packages/message-0.0.0-py3.10.egg-info/dependency_links.txt
[8.698s] -- Up-to-date: /home/younlea/source/ros_test/ros2_humble_test/TaskManager_topic_srv/message/install/message/local/lib/python3.10/dist-packages/message
[8.698s] -- Installing: /home/younlea/source/ros_test/ros2_humble_test/TaskManager_topic_srv/message/install/message/local/lib/python3.10/dist-packages/message/message_s__rosidl_typesupport_introspection_c.cpython-310-x86_64-linux-gnu.so
[8.698s] -- Installing: /home/younlea/source/ros_test/ros2_humble_test/TaskManager_topic_srv/message/install/message/local/lib/python3.10/dist-packages/message/_message_s.ep.rosidl_typesupport_c.c
[8.698s] -- Installing: /home/younlea/source/ros_test/ros2_humble_test/TaskManager_topic_srv/message/install/message/local/lib/python3.10/dist-packages/message/_message_s.ep.rosidl_typesupport_introspection_c.c
[8.698s] -- Up-to-date: /home/younlea/source/ros_test/ros2_humble_test/TaskManager_topic_srv/message/install/message/local/lib/python3.10/dist-packages/message/srv
[8.698s] -- Installing: /home/younlea/source/ros_test/ros2_humble_test/TaskManager_topic_srv/message/install/message/local/lib/python3.10/dist-packages/message/srv/_data_ab.py
[8.699s] -- Installing: /home/younlea/source/ros_test/ros2_humble_test/TaskManager_topic_srv/message/install/message/local/lib/python3.10/dist-packages/message/srv/_data_ba.py
[8.699s] -- Installing: /home/younlea/source/ros_test/ros2_humble_test/TaskManager_topic_srv/message/install/message/local/lib/python3.10/dist-packages/message/srv/_data_ba_s.c
[8.699s] -- Installing: /home/younlea/source/ros_test/ros2_humble_test/TaskManager_topic_srv/message/install/message/local/lib/python3.10/dist-packages/message/srv/__init__.py
[8.699s] -- Installing: /home/younlea/source/ros_test/ros2_humble_test/TaskManager_topic_srv/message/install/message/local/lib/python3.10/dist-packages/message/srv/_data_ab_s.c
[8.699s] -- Installing: /home/younlea/source/ros_test/ros2_humble_test/TaskManager_topic_srv/message/install/message/local/lib/python3.10/dist-packages/message/_message_s.ep.rosidl_typesupport_fastrtps_c.c
[8.699s] -- Installing: /home/younlea/source/ros_test/ros2_humble_test/TaskManager_topic_srv/message/install/message/local/lib/python3.10/dist-packages/message/message_s__rosidl_typesupport_fastrtps_c.cpython-310-x86_64-linux-gnu.so
[8.700s] -- Installing: /home/younlea/source/ros_test/ros2_humble_test/TaskManager_topic_srv/message/install/message/local/lib/python3.10/dist-packages/message/message_s__rosidl_typesupport_c.cpython-310-x86_64-linux-gnu.so
[8.700s] -- Installing: /home/younlea/source/ros_test/ros2_humble_test/TaskManager_topic_srv/message/install/message/local/lib/python3.10/dist-packages/message/__init__.py
[8.700s] -- Installing: /home/younlea/source/ros_test/ros2_humble_test/TaskManager_topic_srv/message/install/message/local/lib/python3.10/dist-packages/message/libmessage__rosidl_generator_py.so
[8.700s] -- Up-to-date: /home/younlea/source/ros_test/ros2_humble_test/TaskManager_topic_srv/message/install/message/local/lib/python3.10/dist-packages/message/msg
[8.700s] -- Installing: /home/younlea/source/ros_test/ros2_humble_test/TaskManager_topic_srv/message/install/message/local/lib/python3.10/dist-packages/message/msg/_data_ab.py
[8.700s] -- Installing: /home/younlea/source/ros_test/ros2_humble_test/TaskManager_topic_srv/message/install/message/local/lib/python3.10/dist-packages/message/msg/_data_ba.py
[8.701s] -- Installing: /home/younlea/source/ros_test/ros2_humble_test/TaskManager_topic_srv/message/install/message/local/lib/python3.10/dist-packages/message/msg/_data_ba_s.c
[8.701s] -- Installing: /home/younlea/source/ros_test/ros2_humble_test/TaskManager_topic_srv/message/install/message/local/lib/python3.10/dist-packages/message/msg/__init__.py
[8.701s] -- Installing: /home/younlea/source/ros_test/ros2_humble_test/TaskManager_topic_srv/message/install/message/local/lib/python3.10/dist-packages/message/msg/_data_ab_s.c
[8.862s] Listing '/home/younlea/source/ros_test/ros2_humble_test/TaskManager_topic_srv/message/install/message/local/lib/python3.10/dist-packages/message'...
[8.862s] Compiling '/home/younlea/source/ros_test/ros2_humble_test/TaskManager_topic_srv/message/install/message/local/lib/python3.10/dist-packages/message/__init__.py'...
[8.862s] Listing '/home/younlea/source/ros_test/ros2_humble_test/TaskManager_topic_srv/message/install/message/local/lib/python3.10/dist-packages/message/msg'...
[8.862s] Compiling '/home/younlea/source/ros_test/ros2_humble_test/TaskManager_topic_srv/message/install/message/local/lib/python3.10/dist-packages/message/msg/__init__.py'...
[8.862s] Compiling '/home/younlea/source/ros_test/ros2_humble_test/TaskManager_topic_srv/message/install/message/local/lib/python3.10/dist-packages/message/msg/_data_ab.py'...
[8.862s] Compiling '/home/younlea/source/ros_test/ros2_humble_test/TaskManager_topic_srv/message/install/message/local/lib/python3.10/dist-packages/message/msg/_data_ba.py'...
[8.862s] Listing '/home/younlea/source/ros_test/ros2_humble_test/TaskManager_topic_srv/message/install/message/local/lib/python3.10/dist-packages/message/srv'...
[8.862s] Compiling '/home/younlea/source/ros_test/ros2_humble_test/TaskManager_topic_srv/message/install/message/local/lib/python3.10/dist-packages/message/srv/__init__.py'...
[8.862s] Compiling '/home/younlea/source/ros_test/ros2_humble_test/TaskManager_topic_srv/message/install/message/local/lib/python3.10/dist-packages/message/srv/_data_ab.py'...
[8.862s] Compiling '/home/younlea/source/ros_test/ros2_humble_test/TaskManager_topic_srv/message/install/message/local/lib/python3.10/dist-packages/message/srv/_data_ba.py'...
[8.866s] -- Installing: /home/younlea/source/ros_test/ros2_humble_test/TaskManager_topic_srv/message/install/message/local/lib/python3.10/dist-packages/message/message_s__rosidl_typesupport_introspection_c.cpython-310-x86_64-linux-gnu.so
[8.867s] -- Set runtime path of "/home/younlea/source/ros_test/ros2_humble_test/TaskManager_topic_srv/message/install/message/local/lib/python3.10/dist-packages/message/message_s__rosidl_typesupport_introspection_c.cpython-310-x86_64-linux-gnu.so" to ""
[8.867s] -- Installing: /home/younlea/source/ros_test/ros2_humble_test/TaskManager_topic_srv/message/install/message/local/lib/python3.10/dist-packages/message/message_s__rosidl_typesupport_fastrtps_c.cpython-310-x86_64-linux-gnu.so
[8.868s] -- Set runtime path of "/home/younlea/source/ros_test/ros2_humble_test/TaskManager_topic_srv/message/install/message/local/lib/python3.10/dist-packages/message/message_s__rosidl_typesupport_fastrtps_c.cpython-310-x86_64-linux-gnu.so" to ""
[8.868s] -- Installing: /home/younlea/source/ros_test/ros2_humble_test/TaskManager_topic_srv/message/install/message/local/lib/python3.10/dist-packages/message/message_s__rosidl_typesupport_c.cpython-310-x86_64-linux-gnu.so
[8.869s] -- Set runtime path of "/home/younlea/source/ros_test/ros2_humble_test/TaskManager_topic_srv/message/install/message/local/lib/python3.10/dist-packages/message/message_s__rosidl_typesupport_c.cpython-310-x86_64-linux-gnu.so" to ""
[8.869s] -- Installing: /home/younlea/source/ros_test/ros2_humble_test/TaskManager_topic_srv/message/install/message/lib/libmessage__rosidl_generator_py.so
[8.870s] -- Set runtime path of "/home/younlea/source/ros_test/ros2_humble_test/TaskManager_topic_srv/message/install/message/lib/libmessage__rosidl_generator_py.so" to ""
[8.870s] -- Installing: /home/younlea/source/ros_test/ros2_humble_test/TaskManager_topic_srv/message/install/message/share/message/msg/DataAB.idl
[8.870s] -- Installing: /home/younlea/source/ros_test/ros2_humble_test/TaskManager_topic_srv/message/install/message/share/message/msg/DataBA.idl
[8.870s] -- Up-to-date: /home/younlea/source/ros_test/ros2_humble_test/TaskManager_topic_srv/message/install/message/share/message/srv/DataAB.idl
[8.870s] -- Up-to-date: /home/younlea/source/ros_test/ros2_humble_test/TaskManager_topic_srv/message/install/message/share/message/srv/DataBA.idl
[8.870s] -- Installing: /home/younlea/source/ros_test/ros2_humble_test/TaskManager_topic_srv/message/install/message/share/message/msg/DataAB.msg
[8.871s] -- Installing: /home/younlea/source/ros_test/ros2_humble_test/TaskManager_topic_srv/message/install/message/share/message/msg/DataBA.msg
[8.871s] -- Up-to-date: /home/younlea/source/ros_test/ros2_humble_test/TaskManager_topic_srv/message/install/message/share/message/srv/DataAB.srv
[8.871s] -- Up-to-date: /home/younlea/source/ros_test/ros2_humble_test/TaskManager_topic_srv/message/install/message/share/message/srv/DataAB_Request.msg
[8.871s] -- Up-to-date: /home/younlea/source/ros_test/ros2_humble_test/TaskManager_topic_srv/message/install/message/share/message/srv/DataAB_Response.msg
[8.872s] -- Up-to-date: /home/younlea/source/ros_test/ros2_humble_test/TaskManager_topic_srv/message/install/message/share/message/srv/DataBA.srv
[8.872s] -- Up-to-date: /home/younlea/source/ros_test/ros2_humble_test/TaskManager_topic_srv/message/install/message/share/message/srv/DataBA_Request.msg
[8.872s] -- Up-to-date: /home/younlea/source/ros_test/ros2_humble_test/TaskManager_topic_srv/message/install/message/share/message/srv/DataBA_Response.msg
[8.872s] -- Up-to-date: /home/younlea/source/ros_test/ros2_humble_test/TaskManager_topic_srv/message/install/message/share/ament_index/resource_index/package_run_dependencies/message
[8.872s] -- Up-to-date: /home/younlea/source/ros_test/ros2_humble_test/TaskManager_topic_srv/message/install/message/share/ament_index/resource_index/parent_prefix_path/message
[8.872s] -- Installing: /home/younlea/source/ros_test/ros2_humble_test/TaskManager_topic_srv/message/install/message/share/message/environment/ament_prefix_path.dsv
[8.872s] -- Installing: /home/younlea/source/ros_test/ros2_humble_test/TaskManager_topic_srv/message/install/message/share/message/environment/path.dsv
[8.872s] -- Up-to-date: /home/younlea/source/ros_test/ros2_humble_test/TaskManager_topic_srv/message/install/message/share/message/local_setup.bash
[8.872s] -- Up-to-date: /home/younlea/source/ros_test/ros2_humble_test/TaskManager_topic_srv/message/install/message/share/message/local_setup.sh
[8.872s] -- Up-to-date: /home/younlea/source/ros_test/ros2_humble_test/TaskManager_topic_srv/message/install/message/share/message/local_setup.zsh
[8.872s] -- Installing: /home/younlea/source/ros_test/ros2_humble_test/TaskManager_topic_srv/message/install/message/share/message/local_setup.dsv
[8.873s] -- Installing: /home/younlea/source/ros_test/ros2_humble_test/TaskManager_topic_srv/message/install/message/share/message/package.dsv
[8.873s] -- Up-to-date: /home/younlea/source/ros_test/ros2_humble_test/TaskManager_topic_srv/message/install/message/share/ament_index/resource_index/packages/message
[8.873s] -- Up-to-date: /home/younlea/source/ros_test/ros2_humble_test/TaskManager_topic_srv/message/install/message/share/message/cmake/export_message__rosidl_generator_cExport.cmake
[8.873s] -- Up-to-date: /home/younlea/source/ros_test/ros2_humble_test/TaskManager_topic_srv/message/install/message/share/message/cmake/export_message__rosidl_generator_cExport-noconfig.cmake
[8.873s] -- Up-to-date: /home/younlea/source/ros_test/ros2_humble_test/TaskManager_topic_srv/message/install/message/share/message/cmake/message__rosidl_typesupport_introspection_cExport.cmake
[8.873s] -- Up-to-date: /home/younlea/source/ros_test/ros2_humble_test/TaskManager_topic_srv/message/install/message/share/message/cmake/message__rosidl_typesupport_introspection_cExport-noconfig.cmake
[8.873s] -- Up-to-date: /home/younlea/source/ros_test/ros2_humble_test/TaskManager_topic_srv/message/install/message/share/message/cmake/export_message__rosidl_typesupport_fastrtps_cExport.cmake
[8.873s] -- Up-to-date: /home/younlea/source/ros_test/ros2_humble_test/TaskManager_topic_srv/message/install/message/share/message/cmake/export_message__rosidl_typesupport_fastrtps_cExport-noconfig.cmake
[8.874s] -- Up-to-date: /home/younlea/source/ros_test/ros2_humble_test/TaskManager_topic_srv/message/install/message/share/message/cmake/message__rosidl_typesupport_cExport.cmake
[8.874s] -- Up-to-date: /home/younlea/source/ros_test/ros2_humble_test/TaskManager_topic_srv/message/install/message/share/message/cmake/message__rosidl_typesupport_cExport-noconfig.cmake
[8.874s] -- Up-to-date: /home/younlea/source/ros_test/ros2_humble_test/TaskManager_topic_srv/message/install/message/share/message/cmake/export_message__rosidl_generator_cppExport.cmake
[8.874s] -- Up-to-date: /home/younlea/source/ros_test/ros2_humble_test/TaskManager_topic_srv/message/install/message/share/message/cmake/message__rosidl_typesupport_introspection_cppExport.cmake
[8.874s] -- Up-to-date: /home/younlea/source/ros_test/ros2_humble_test/TaskManager_topic_srv/message/install/message/share/message/cmake/message__rosidl_typesupport_introspection_cppExport-noconfig.cmake
[8.874s] -- Up-to-date: /home/younlea/source/ros_test/ros2_humble_test/TaskManager_topic_srv/message/install/message/share/message/cmake/export_message__rosidl_typesupport_fastrtps_cppExport.cmake
[8.874s] -- Up-to-date: /home/younlea/source/ros_test/ros2_humble_test/TaskManager_topic_srv/message/install/message/share/message/cmake/export_message__rosidl_typesupport_fastrtps_cppExport-noconfig.cmake
[8.874s] -- Up-to-date: /home/younlea/source/ros_test/ros2_humble_test/TaskManager_topic_srv/message/install/message/share/message/cmake/message__rosidl_typesupport_cppExport.cmake
[8.874s] -- Up-to-date: /home/younlea/source/ros_test/ros2_humble_test/TaskManager_topic_srv/message/install/message/share/message/cmake/message__rosidl_typesupport_cppExport-noconfig.cmake
[8.875s] -- Up-to-date: /home/younlea/source/ros_test/ros2_humble_test/TaskManager_topic_srv/message/install/message/share/message/cmake/export_message__rosidl_generator_pyExport.cmake
[8.875s] -- Up-to-date: /home/younlea/source/ros_test/ros2_humble_test/TaskManager_topic_srv/message/install/message/share/message/cmake/export_message__rosidl_generator_pyExport-noconfig.cmake
[8.875s] -- Up-to-date: /home/younlea/source/ros_test/ros2_humble_test/TaskManager_topic_srv/message/install/message/share/message/cmake/rosidl_cmake-extras.cmake
[8.875s] -- Up-to-date: /home/younlea/source/ros_test/ros2_humble_test/TaskManager_topic_srv/message/install/message/share/message/cmake/ament_cmake_export_include_directories-extras.cmake
[8.875s] -- Up-to-date: /home/younlea/source/ros_test/ros2_humble_test/TaskManager_topic_srv/message/install/message/share/message/cmake/ament_cmake_export_libraries-extras.cmake
[8.876s] -- Up-to-date: /home/younlea/source/ros_test/ros2_humble_test/TaskManager_topic_srv/message/install/message/share/message/cmake/ament_cmake_export_targets-extras.cmake
[8.876s] -- Up-to-date: /home/younlea/source/ros_test/ros2_humble_test/TaskManager_topic_srv/message/install/message/share/message/cmake/rosidl_cmake_export_typesupport_targets-extras.cmake
[8.876s] -- Up-to-date: /home/younlea/source/ros_test/ros2_humble_test/TaskManager_topic_srv/message/install/message/share/message/cmake/ament_cmake_export_dependencies-extras.cmake
[8.876s] -- Up-to-date: /home/younlea/source/ros_test/ros2_humble_test/TaskManager_topic_srv/message/install/message/share/message/cmake/rosidl_cmake_export_typesupport_libraries-extras.cmake
[8.876s] -- Up-to-date: /home/younlea/source/ros_test/ros2_humble_test/TaskManager_topic_srv/message/install/message/share/message/cmake/messageConfig.cmake
[8.876s] -- Up-to-date: /home/younlea/source/ros_test/ros2_humble_test/TaskManager_topic_srv/message/install/message/share/message/cmake/messageConfig-version.cmake
[8.876s] -- Up-to-date: /home/younlea/source/ros_test/ros2_humble_test/TaskManager_topic_srv/message/install/message/share/message/package.xml
[8.883s] Invoked command in '/home/younlea/source/ros_test/ros2_humble_test/TaskManager_topic_srv/message/build/message' returned '0': CMAKE_PREFIX_PATH=${CMAKE_PREFIX_PATH}:/home/younlea/ros2_humble/install/rqt_bag_plugins:/home/younlea/ros2_humble/install/rqt_bag:/home/younlea/ros2_humble/install/ros2bag:/home/younlea/ros2_humble/install/tracetools_test:/home/younlea/ros2_humble/install/tracetools_launch:/home/younlea/ros2_humble/install/topic_monitor:/home/younlea/ros2_humble/install/tf2_tools:/home/younlea/ros2_humble/install/examples_tf2_py:/home/younlea/ros2_humble/install/tf2_ros_py:/home/younlea/ros2_humble/install/sros2:/home/younlea/ros2_humble/install/rqt_topic:/home/younlea/ros2_humble/install/rqt_srv:/home/younlea/ros2_humble/install/rqt_shell:/home/younlea/ros2_humble/install/rqt_service_caller:/home/younlea/ros2_humble/install/rqt_reconfigure:/home/younlea/ros2_humble/install/rqt_py_console:/home/younlea/ros2_humble/install/rqt_publisher:/home/younlea/ros2_humble/install/rqt_plot:/home/younlea/ros2_humble/install/rqt_action:/home/younlea/ros2_humble/install/rqt_msg:/home/younlea/ros2_humble/install/rqt_console:/home/younlea/ros2_humble/install/rqt:/home/younlea/ros2_humble/install/rqt_graph:/home/younlea/ros2_humble/install/rqt_gui_py:/home/younlea/ros2_humble/install/rqt_gui:/home/younlea/ros2_humble/install/ros2trace:/home/younlea/ros2_humble/install/ros2topic:/home/younlea/ros2_humble/install/ros2test:/home/younlea/ros2_humble/install/ros2component:/home/younlea/ros2_humble/install/ros2param:/home/younlea/ros2_humble/install/ros2lifecycle:/home/younlea/ros2_humble/install/ros2service:/home/younlea/ros2_humble/install/ros2run:/home/younlea/ros2_humble/install/ros2launch:/home/younlea/ros2_humble/install/ros2pkg:/home/younlea/ros2_humble/install/ros2node:/home/younlea/ros2_humble/install/ros2multicast:/home/younlea/ros2_humble/install/ros2interface:/home/younlea/ros2_humble/install/ros2doctor:/home/younlea/ros2_humble/install/ros2action:/home/younlea/ros2_humble/install/ros2cli:/home/younlea/ros2_humble/install/quality_of_service_demo_py:/home/younlea/ros2_humble/install/lifecycle_py:/home/younlea/ros2_humble/install/launch_testing_ros:/home/younlea/ros2_humble/install/launch_ros:/home/younlea/ros2_humble/install/examples_rclpy_pointcloud_publisher:/home/younlea/ros2_humble/install/examples_rclpy_minimal_subscriber:/home/younlea/ros2_humble/install/examples_rclpy_minimal_service:/home/younlea/ros2_humble/install/examples_rclpy_minimal_publisher:/home/younlea/ros2_humble/install/examples_rclpy_minimal_client:/home/younlea/ros2_humble/install/examples_rclpy_minimal_action_server:/home/younlea/ros2_humble/install/examples_rclpy_minimal_action_client:/home/younlea/ros2_humble/install/examples_rclpy_guard_conditions:/home/younlea/ros2_humble/install/examples_rclpy_executors:/home/younlea/ros2_humble/install/demo_nodes_py:/home/younlea/ros2_humble/install/action_tutorials_py:/home/younlea/ros2_humble/install/ament_uncrustify:/home/younlea/ros2_humble/install/tracetools_trace:/home/younlea/ros2_humble/install/tracetools_read:/home/younlea/ros2_humble/install/test_tracetools_launch:/home/younlea/ros2_humble/install/test_launch_ros:/home/younlea/ros2_humble/install/sensor_msgs_py:/home/younlea/ros2_humble/install/rpyutils:/home/younlea/ros2_humble/install/rosidl_runtime_py:/home/younlea/ros2_humble/install/rosidl_cli:/home/younlea/ros2_humble/install/launch_pytest:/home/younlea/ros2_humble/install/launch_testing:/home/younlea/ros2_humble/install/launch_yaml:/home/younlea/ros2_humble/install/launch_xml:/home/younlea/ros2_humble/install/launch:/home/younlea/ros2_humble/install/osrf_pycommon:/home/younlea/ros2_humble/install/launch_testing_examples:/home/younlea/ros2_humble/install/domain_coordinator:/home/younlea/ros2_humble/install/ament_xmllint:/home/younlea/ros2_humble/install/ament_pyflakes:/home/younlea/ros2_humble/install/ament_pycodestyle:/home/younlea/ros2_humble/install/ament_pep257:/home/younlea/ros2_humble/install/ament_pclint:/home/younlea/ros2_humble/install/ament_package:/home/younlea/ros2_humble/install/ament_mypy:/home/younlea/ros2_humble/install/ament_lint_cmake:/home/younlea/ros2_humble/install/ament_flake8:/home/younlea/ros2_humble/install/ament_copyright:/home/younlea/ros2_humble/install/ament_lint:/home/younlea/ros2_humble/install/ament_index_python:/home/younlea/ros2_humble/install/ament_cpplint:/home/younlea/ros2_humble/install/ament_cppcheck:/home/younlea/ros2_humble/install/ament_clang_tidy:/home/younlea/ros2_humble/install/ament_clang_format /home/younlea/.local/bin/cmake --install /home/younlea/source/ros_test/ros2_humble_test/TaskManager_topic_srv/message/build/message
